Fetching target lists from NASA Exoplanet Archive...
  Archive has 350 confirmed, 764 FP
  Selected 250 confirmed, 250 FP
  [  1/500] CONF K00254.01    (depth=  36912 ppm) ... OK  (3s, p_dip=-0.0360, s_dip=-0.0360, oe_amp=0.0009)
  [  2/500] CONF K01176.01    (depth=  30222 ppm) ... OK  (9s, p_dip=-0.0301, s_dip=-0.0301, oe_amp=0.0007)
  [  3/500] CONF K00846.01    (depth=  25391 ppm) ... OK  (13s, p_dip=-0.0068, s_dip=-0.0068, oe_amp=0.0009)
  [  4/500] CONF K00830.01    (depth=  22335 ppm) ... OK  (10s, p_dip=-0.0220, s_dip=-0.0220, oe_amp=0.0005)
  [  5/500] CONF K00217.01    (depth=  21340 ppm) ... OK  (11s, p_dip=-0.0210, s_dip=-0.0210, oe_amp=0.0006)
  [  6/500] CONF K01450.01    (depth=  19837 ppm) ... OK  (4s, p_dip=-0.0185, s_dip=-0.0185, oe_amp=0.0003)
  [  7/500] CONF K00183.01    (depth=  18136 ppm) ... OK  (10s, p_dip=-0.0180, s_dip=-0.0180, oe_amp=0.0003)
  [  8/500] CONF K00913.01    (depth=  17859 ppm) ... OK  (10s, p_dip=-0.0178, s_dip=-0.0178, oe_amp=0.0005)
  [  9/500] CONF K00931.01    (depth=  16653 ppm) ... OK  (10s, p_dip=-0.0164, s_dip=-0.0164, oe_amp=0.0005)
  [ 10/500] CONF K02704.03    (depth=  16536 ppm) ... OK  (5s, p_dip=-0.0014, s_dip=-0.0014, oe_amp=0.0007)
  [ 11/500] CONF K00186.01    (depth=  16451 ppm) ... OK  (3s, p_dip=-0.0163, s_dip=-0.0163, oe_amp=0.0001)
  [ 12/500] CONF K00020.01    (depth=  16388 ppm) ... OK  (2s, p_dip=-0.0164, s_dip=-0.0164, oe_amp=0.0002)
  [ 13/500] CONF K00889.01    (depth=  16053 ppm) ... OK  (9s, p_dip=-0.0135, s_dip=-0.0135, oe_amp=0.0004)
  [ 14/500] CONF K00824.01    (depth=  15337 ppm) ... OK  (6s, p_dip=-0.0123, s_dip=-0.0123, oe_amp=0.0005)
  [ 15/500] CONF K00809.01    (depth=  15044 ppm) ... OK  (8s, p_dip=-0.0150, s_dip=-0.0150, oe_amp=0.0002)
  [ 16/500] CONF K00188.01    (depth=  14431 ppm) ... OK  (4s, p_dip=-0.0141, s_dip=-0.0141, oe_amp=0.0002)
  [ 17/500] CONF K00195.01    (depth=  14319 ppm) ... OK  (10s, p_dip=-0.0141, s_dip=-0.0141, oe_amp=0.0002)
  [ 18/500] CONF K00897.01    (depth=  14281 ppm) ... OK  (8s, p_dip=-0.0142, s_dip=-0.0142, oe_amp=0.0004)
  [ 19/500] CONF K04928.01    (depth=  13553 ppm) ... OK  (2s, p_dip=-0.0132, s_dip=-0.0132, oe_amp=0.0006)
  [ 20/500] CONF K01320.01    (depth=  13356 ppm) ... OK  (5s, p_dip=-0.0126, s_dip=-0.0126, oe_amp=0.0004)
  [ 21/500] CONF K00127.01    (depth=  11382 ppm) ... OK  (2s, p_dip=-0.0113, s_dip=-0.0113, oe_amp=0.0001)
  [ 22/500] CONF K00128.01    (depth=  11145 ppm) ... OK  (9s, p_dip=-0.0110, s_dip=-0.0110, oe_amp=0.0004)
  [ 23/500] CONF K00840.01    (depth=  10859 ppm) ... OK  (8s, p_dip=-0.0107, s_dip=-0.0107, oe_amp=0.0003)
  [ 24/500] CONF K00017.01    (depth=  10559 ppm) ... OK  (2s, p_dip=-0.0105, s_dip=-0.0105, oe_amp=0.0001)
  [ 25/500] CONF K00197.01    (depth=  10458 ppm) ... OK  (9s, p_dip=-0.0092, s_dip=-0.0092, oe_amp=0.0002)
  [ 26/500] CONF K00202.01    (depth=  10184 ppm) ... OK  (2s, p_dip=-0.0101, s_dip=-0.0101, oe_amp=0.0003)
  [ 27/500] CONF K00199.01    (depth=  10091 ppm) ... OK  (9s, p_dip=-0.0101, s_dip=-0.0101, oe_amp=0.0003)
  [ 28/500] CONF K00760.01    (depth=   9802 ppm) ... OK  (8s, p_dip=-0.0093, s_dip=-0.0093, oe_amp=0.0001)
  [ 29/500] CONF K00205.01    (depth=   9763 ppm) ... OK  (8s, p_dip=-0.0088, s_dip=-0.0088, oe_amp=0.0001)
  [ 30/500] CONF K00192.01    (depth=   9656 ppm) ... OK  (8s, p_dip=-0.0094, s_dip=-0.0094, oe_amp=0.0002)
  [ 31/500] CONF K00012.01    (depth=   9065 ppm) ... OK  (2s, p_dip=-0.0089, s_dip=-0.0089, oe_amp=0.0009)
  [ 32/500] CONF K00423.01    (depth=   8895 ppm) ... OK  (7s, p_dip=-0.0082, s_dip=-0.0082, oe_amp=0.0003)
  [ 33/500] CONF K01457.01    (depth=   8725 ppm) ... OK  (7s, p_dip=-0.0083, s_dip=-0.0083, oe_amp=0.0003)
  [ 34/500] CONF K00208.01    (depth=   8538 ppm) ... OK  (7s, p_dip=-0.0096, s_dip=-0.0096, oe_amp=0.0006)
  [ 35/500] CONF K00200.01    (depth=   8510 ppm) ... OK  (8s, p_dip=-0.0082, s_dip=-0.0082, oe_amp=0.0003)
  [ 36/500] CONF K00908.01    (depth=   7913 ppm) ... OK  (2s, p_dip=-0.0078, s_dip=-0.0078, oe_amp=0.0002)
  [ 37/500] CONF K00135.01    (depth=   7765 ppm) ... OK  (9s, p_dip=-0.0077, s_dip=-0.0077, oe_amp=0.0004)
  [ 38/500] CONF K02688.01    (depth=   7680 ppm) ... OK  (5s, p_dip=-0.0058, s_dip=-0.0058, oe_amp=0.0008)
  [ 39/500] CONF K00097.01    (depth=   7458 ppm) ... OK  (2s, p_dip=-0.0074, s_dip=-0.0074, oe_amp=0.0001)
  [ 40/500] CONF K00129.01    (depth=   7382 ppm) ... OK  (9s, p_dip=-0.0069, s_dip=-0.0069, oe_amp=0.0001)
  [ 41/500] CONF K00929.01    (depth=   7163 ppm) ... OK  (2s, p_dip=-0.0071, s_dip=-0.0071, oe_amp=0.0003)
  [ 42/500] CONF K00204.01    (depth=   6998 ppm) ... OK  (8s, p_dip=-0.0070, s_dip=-0.0070, oe_amp=0.0002)
  [ 43/500] CONF K00903.01    (depth=   6932 ppm) ... OK  (8s, p_dip=-0.0069, s_dip=-0.0069, oe_amp=0.0001)
  [ 44/500] CONF K00002.01    (depth=   6675 ppm) ... OK  (9s, p_dip=-0.0067, s_dip=-0.0067, oe_amp=0.0000)
  [ 45/500] CONF K00377.01    (depth=   6660 ppm) ... OK  (9s, p_dip=-0.0006, s_dip=-0.0006, oe_amp=0.0002)
  [ 46/500] CONF K02704.01    (depth=   6462 ppm) ... OK  (1s, p_dip=-0.0057, s_dip=-0.0057, oe_amp=0.0010)
  [ 47/500] CONF K01456.01    (depth=   6331 ppm) ... OK  (2s, p_dip=-0.0059, s_dip=-0.0059, oe_amp=0.0011)
  [ 48/500] CONF K01323.01    (depth=   6155 ppm) ... OK  (6s, p_dip=-0.0061, s_dip=-0.0061, oe_amp=0.0004)
  [ 49/500] CONF K02715.01    (depth=   6057 ppm) ... OK  (4s, p_dip=-0.0049, s_dip=-0.0049, oe_amp=0.0005)
  [ 50/500] CONF K00214.01    (depth=   5976 ppm) ... OK  (7s, p_dip=-0.0053, s_dip=-0.0053, oe_amp=0.0001)
  [ 51/500] CONF K00094.01    (depth=   5613 ppm) ... OK  (7s, p_dip=-0.0054, s_dip=-0.0054, oe_amp=0.0000)
  [ 52/500] CONF K01804.01    (depth=   5569 ppm) ... OK  (2s, p_dip=-0.0055, s_dip=-0.0055, oe_amp=0.0031)
  [ 53/500] CONF K00216.01    (depth=   5368 ppm) ... OK  (8s, p_dip=-0.0036, s_dip=-0.0036, oe_amp=0.0003)
  [ 54/500] CONF K00757.01    (depth=   4914 ppm) ... OK  (7s, p_dip=-0.0040, s_dip=-0.0040, oe_amp=0.0003)
  [ 55/500] CONF K00206.01    (depth=   4676 ppm) ... OK  (8s, p_dip=-0.0046, s_dip=-0.0046, oe_amp=0.0002)
  [ 56/500] CONF K00013.01    (depth=   4591 ppm) ... OK  (9s, p_dip=-0.0047, s_dip=-0.0047, oe_amp=0.0000)
  [ 57/500] CONF K00680.01    (depth=   4510 ppm) ... OK  (2s, p_dip=-0.0045, s_dip=-0.0045, oe_amp=0.0001)
  [ 58/500] CONF K00003.01    (depth=   4316 ppm) ... OK  (8s, p_dip=-0.0041, s_dip=-0.0041, oe_amp=0.0003)
  [ 59/500] CONF K00063.01    (depth=   3977 ppm) ... OK  (9s, p_dip=-0.0029, s_dip=-0.0029, oe_amp=0.0021)
  [ 60/500] CONF K00221.01    (depth=   3869 ppm) ... OK  (8s, p_dip=-0.0038, s_dip=-0.0038, oe_amp=0.0002)
  [ 61/500] CONF K00851.01    (depth=   3812 ppm) ... OK  (8s, p_dip=-0.0036, s_dip=-0.0036, oe_amp=0.0005)
  [ 62/500] CONF K00428.01    (depth=   3754 ppm) ... OK  (2s, p_dip=-0.0038, s_dip=-0.0038, oe_amp=0.0001)
  [ 63/500] CONF K00412.01    (depth=   3681 ppm) ... OK  (7s, p_dip=-0.0036, s_dip=-0.0036, oe_amp=0.0001)
  [ 64/500] CONF K00834.01    (depth=   3342 ppm) ... OK  (8s, p_dip=-0.0032, s_dip=-0.0032, oe_amp=0.0002)
  [ 65/500] CONF K00137.02    (depth=   3269 ppm) ... OK  (9s, p_dip=-0.0029, s_dip=-0.0029, oe_amp=0.0001)
  [ 66/500] CONF K00676.01    (depth=   3139 ppm) ... OK  (8s, p_dip=-0.0030, s_dip=-0.0030, oe_amp=0.0006)
  [ 67/500] CONF K00219.01    (depth=   3120 ppm) ... OK  (2s, p_dip=-0.0031, s_dip=-0.0031, oe_amp=0.0001)
  [ 68/500] CONF K00841.01    (depth=   3081 ppm) ... OK  (9s, p_dip=-0.0028, s_dip=-0.0028, oe_amp=0.0009)
  [ 69/500] CONF K00884.01    (depth=   3036 ppm) ... OK  (2s, p_dip=-0.0027, s_dip=-0.0027, oe_amp=0.0001)
  [ 70/500] CONF K00467.01    (depth=   3004 ppm) ... OK  (8s, p_dip=-0.0027, s_dip=-0.0027, oe_amp=0.0001)
  [ 71/500] CONF K00229.01    (depth=   2975 ppm) ... OK  (8s, p_dip=-0.0030, s_dip=-0.0030, oe_amp=0.0001)
  [ 72/500] CONF K00433.01    (depth=   2908 ppm) ... OK  (2s, p_dip=-0.0029, s_dip=-0.0029, oe_amp=0.0002)
  [ 73/500] CONF K00843.01    (depth=   2877 ppm) ... OK  (8s, p_dip=-0.0028, s_dip=-0.0028, oe_amp=0.0001)
  [ 74/500] CONF K00781.01    (depth=   2804 ppm) ... OK  (8s, p_dip=-0.0021, s_dip=-0.0021, oe_amp=0.0002)
  [ 75/500] CONF K00250.01    (depth=   2795 ppm) ... OK  (2s, p_dip=-0.0022, s_dip=-0.0022, oe_amp=0.0002)
  [ 76/500] CONF K00429.01    (depth=   2792 ppm) ... OK  (7s, p_dip=-0.0025, s_dip=-0.0025, oe_amp=0.0002)
  [ 77/500] CONF K02842.01    (depth=   2755 ppm) ... OK  (1s, p_dip=-0.0026, s_dip=-0.0026, oe_amp=0.0004)
  [ 78/500] CONF K00420.01    (depth=   2652 ppm) ... OK  (8s, p_dip=-0.0025, s_dip=-0.0025, oe_amp=0.0001)
  [ 79/500] CONF K00463.01    (depth=   2605 ppm) ... OK  (8s, p_dip=-0.0005, s_dip=-0.0005, oe_amp=0.0002)
  [ 80/500] CONF K02704.02    (depth=   2598 ppm) ... OK  (1s, p_dip=-0.0023, s_dip=-0.0023, oe_amp=0.0007)
  [ 81/500] CONF K00816.01    (depth=   2472 ppm) ... OK  (6s, p_dip=-0.0024, s_dip=-0.0024, oe_amp=0.0002)
  [ 82/500] CONF K00209.02    (depth=   2431 ppm) ... OK  (2s, p_dip=-0.0024, s_dip=-0.0024, oe_amp=0.0001)
  [ 83/500] CONF K00941.03    (depth=   2399 ppm) ... OK  (7s, p_dip=-0.0006, s_dip=-0.0006, oe_amp=0.0002)
  [ 84/500] CONF K02842.02    (depth=   2355 ppm) ... OK  (1s, p_dip=-0.0014, s_dip=-0.0014, oe_amp=0.0004)
  [ 85/500] CONF K00439.01    (depth=   2344 ppm) ... OK  (8s, p_dip=-0.0023, s_dip=-0.0023, oe_amp=0.0001)
  [ 86/500] CONF K00941.01    (depth=   2319 ppm) ... OK  (1s, p_dip=-0.0022, s_dip=-0.0022, oe_amp=0.0001)
  [ 87/500] CONF K00253.01    (depth=   2313 ppm) ... OK  (7s, p_dip=-0.0021, s_dip=-0.0021, oe_amp=0.0003)
  [ 88/500] CONF K00255.01    (depth=   2313 ppm) ... OK  (2s, p_dip=-0.0013, s_dip=-0.0013, oe_amp=0.0002)
  [ 89/500] CONF K00252.01    (depth=   2292 ppm) ... OK  (8s, p_dip=-0.0017, s_dip=-0.0017, oe_amp=0.0003)
  [ 90/500] CONF K00137.01    (depth=   2270 ppm) ... OK  (2s, p_dip=-0.0022, s_dip=-0.0022, oe_amp=0.0000)
  [ 91/500] CONF K00875.01    (depth=   2260 ppm) ... OK  (8s, p_dip=-0.0022, s_dip=-0.0022, oe_amp=0.0002)
  [ 92/500] CONF K00936.01    (depth=   2237 ppm) ... OK  (8s, p_dip=-0.0020, s_dip=-0.0020, oe_amp=0.0002)
  [ 93/500] CONF K00232.01    (depth=   2232 ppm) ... OK  (2s, p_dip=-0.0022, s_dip=-0.0022, oe_amp=0.0001)
  [ 94/500] CONF K00951.01    (depth=   2141 ppm) ... OK  (9s, p_dip=-0.0018, s_dip=-0.0018, oe_amp=0.0001)
  [ 95/500] CONF K00547.01    (depth=   2106 ppm) ... OK  (9s, p_dip=-0.0016, s_dip=-0.0016, oe_amp=0.0001)
  [ 96/500] CONF K01573.01    (depth=   2091 ppm) ... OK  (8s, p_dip=-0.0009, s_dip=-0.0009, oe_amp=0.0002)
  [ 97/500] CONF K00940.01    (depth=   2090 ppm) ... OK  (7s, p_dip=-0.0021, s_dip=-0.0021, oe_amp=0.0001)
  [ 98/500] CONF K00250.02    (depth=   2055 ppm) ... OK  (2s, p_dip=-0.0008, s_dip=-0.0008, oe_amp=0.0002)
  [ 99/500] CONF K00956.01    (depth=   2040 ppm) ... OK  (8s, p_dip=-0.0019, s_dip=-0.0019, oe_amp=0.0001)
  [100/500] CONF K00844.01    (depth=   2020 ppm) ... OK  (6s, p_dip=-0.0020, s_dip=-0.0020, oe_amp=0.0002)
  [101/500] CONF K00723.03    (depth=   1996 ppm) ... OK  (8s, p_dip=-0.0012, s_dip=-0.0012, oe_amp=0.0005)
  [102/500] CONF K02793.01    (depth=   1932 ppm) ... OK  (4s, p_dip=-0.0019, s_dip=-0.0019, oe_amp=0.0004)
  [103/500] CONF K00952.03    (depth=   1925 ppm) ... OK  (2s, p_dip=-0.0011, s_dip=-0.0011, oe_amp=0.0003)
  [104/500] CONF K00747.01    (depth=   1913 ppm) ... OK  (8s, p_dip=-0.0016, s_dip=-0.0016, oe_amp=0.0002)
  [105/500] CONF K00935.01    (depth=   1910 ppm) ... OK  (8s, p_dip=-0.0017, s_dip=-0.0017, oe_amp=0.0001)
  [106/500] CONF K00220.01    (depth=   1872 ppm) ... OK  (8s, p_dip=-0.0019, s_dip=-0.0019, oe_amp=0.0001)
  [107/500] CONF K00348.01    (depth=   1845 ppm) ... OK  (7s, p_dip=-0.0010, s_dip=-0.0010, oe_amp=0.0002)
  [108/500] CONF K00880.01    (depth=   1844 ppm) ... OK  (2s, p_dip=-0.0011, s_dip=-0.0011, oe_amp=0.0003)
  [109/500] CONF K00723.02    (depth=   1840 ppm) ... OK  (2s, p_dip=-0.0009, s_dip=-0.0009, oe_amp=0.0012)
  [110/500] CONF K02715.02    (depth=   1839 ppm) ... OK  (1s, p_dip=-0.0018, s_dip=-0.0018, oe_amp=0.0003)
  [111/500] CONF K00249.01    (depth=   1827 ppm) ... OK  (8s, p_dip=-0.0012, s_dip=-0.0012, oe_amp=0.0001)
  [112/500] CONF K00961.01    (depth=   1821 ppm) ... OK  (7s, p_dip=-0.0016, s_dip=-0.0016, oe_amp=0.0001)
  [113/500] CONF K02842.03    (depth=   1820 ppm) ... OK  (1s, p_dip=-0.0016, s_dip=-0.0016, oe_amp=0.0004)
  [114/500] CONF K00478.01    (depth=   1796 ppm) ... OK  (6s, p_dip=-0.0007, s_dip=-0.0007, oe_amp=0.0001)
  [115/500] CONF K01470.01    (depth=   1786 ppm) ... OK  (5s, p_dip=-0.0016, s_dip=-0.0016, oe_amp=0.0002)
  [116/500] CONF K00248.01    (depth=   1766 ppm) ... OK  (7s, p_dip=-0.0017, s_dip=-0.0017, oe_amp=0.0002)
  [117/500] CONF K00398.02    (depth=   1766 ppm) ... OK  (7s, p_dip=-0.0017, s_dip=-0.0017, oe_amp=0.0001)
  [118/500] CONF K01557.01    (depth=   1746 ppm) ... OK  (2s, p_dip=-0.0017, s_dip=-0.0017, oe_amp=0.0003)
  [119/500] CONF K00676.02    (depth=   1723 ppm) ... OK  (2s, p_dip=-0.0016, s_dip=-0.0016, oe_amp=0.0006)
  [120/500] CONF K00674.01    (depth=   1718 ppm) ... OK  (4s, p_dip=-0.0017, s_dip=-0.0017, oe_amp=0.0001)
  [121/500] CONF K03138.01    (depth=   1679 ppm) ... OK  (6s, p_dip=-0.0011, s_dip=-0.0011, oe_amp=0.0005)
  [122/500] CONF K00912.01    (depth=   1676 ppm) ... OK  (8s, p_dip=-0.0019, s_dip=-0.0019, oe_amp=0.0003)
  [123/500] CONF K00507.01    (depth=   1656 ppm) ... OK  (2s, p_dip=-0.0009, s_dip=-0.0009, oe_amp=0.0003)
  [124/500] CONF K00812.01    (depth=   1633 ppm) ... OK  (8s, p_dip=-0.0017, s_dip=-0.0017, oe_amp=0.0002)
  [125/500] CONF K01078.02    (depth=   1632 ppm) ... OK  (7s, p_dip=-0.0011, s_dip=-0.0011, oe_amp=0.0002)
  [126/500] CONF K01078.03    (depth=   1630 ppm) ... OK  (1s, p_dip=-0.0004, s_dip=-0.0004, oe_amp=0.0003)
  [127/500] CONF K02926.01    (depth=   1617 ppm) ... OK  (4s, p_dip=-0.0014, s_dip=-0.0014, oe_amp=0.0003)
  [128/500] CONF K01422.02    (depth=   1608 ppm) ... OK  (2s, p_dip=-0.0008, s_dip=-0.0008, oe_amp=0.0002)
  [129/500] CONF K01480.01    (depth=   1597 ppm) ... OK  (8s, p_dip=-0.0010, s_dip=-0.0010, oe_amp=0.0003)
  [130/500] CONF K00416.01    (depth=   1597 ppm) ... OK  (8s, p_dip=-0.0013, s_dip=-0.0013, oe_amp=0.0001)
  [131/500] CONF K00947.01    (depth=   1585 ppm) ... OK  (9s, p_dip=-0.0007, s_dip=-0.0007, oe_amp=0.0003)
  [132/500] CONF K00435.01    (depth=   1564 ppm) ... OK  (8s, p_dip=-0.0014, s_dip=-0.0014, oe_amp=0.0001)
  [133/500] CONF K00818.01    (depth=   1558 ppm) ... OK  (2s, p_dip=-0.0014, s_dip=-0.0014, oe_amp=0.0002)
  [134/500] CONF K04290.01    (depth=   1544 ppm) ... OK  (2s, p_dip=-0.0014, s_dip=-0.0014, oe_amp=0.0009)
  [135/500] CONF K00934.01    (depth=   1539 ppm) ... OK  (8s, p_dip=-0.0015, s_dip=-0.0015, oe_amp=0.0001)
  [136/500] CONF K00952.01    (depth=   1525 ppm) ... OK  (1s, p_dip=-0.0015, s_dip=-0.0015, oe_amp=0.0003)
  [137/500] CONF K00756.01    (depth=   1518 ppm) ... OK  (6s, p_dip=-0.0015, s_dip=-0.0015, oe_amp=0.0002)
  [138/500] CONF K00104.01    (depth=   1508 ppm) ... OK  (2s, p_dip=-0.0014, s_dip=-0.0014, oe_amp=0.0001)
  [139/500] CONF K00921.02    (depth=   1507 ppm) ... OK  (8s, p_dip=-0.0013, s_dip=-0.0013, oe_amp=0.0002)
  [140/500] CONF K00812.02    (depth=   1495 ppm) ... OK  (2s, p_dip=-0.0009, s_dip=-0.0009, oe_amp=0.0002)
  [141/500] CONF K00766.01    (depth=   1487 ppm) ... OK  (8s, p_dip=-0.0015, s_dip=-0.0015, oe_amp=0.0001)
  [142/500] CONF K00500.01    (depth=   1480 ppm) ... OK  (7s, p_dip=-0.0014, s_dip=-0.0014, oe_amp=0.0002)
  [143/500] CONF K00926.01    (depth=   1473 ppm) ... OK  (3s, p_dip=-0.0015, s_dip=-0.0015, oe_amp=0.0002)
  [144/500] CONF K01014.01    (depth=   1473 ppm) ... OK  (9s, p_dip=-0.0010, s_dip=-0.0010, oe_amp=0.0003)
  [145/500] CONF K01725.01    (depth=   1473 ppm) ... OK  (5s, p_dip=-0.0011, s_dip=-0.0011, oe_amp=0.0002)
  [146/500] CONF K01298.01    (depth=   1462 ppm) ... OK  (10s, p_dip=-0.0009, s_dip=-0.0009, oe_amp=0.0002)
  [147/500] CONF K00239.01    (depth=   1453 ppm) ... OK  (10s, p_dip=-0.0014, s_dip=-0.0014, oe_amp=0.0001)
  [148/500] CONF K00867.01    (depth=   1442 ppm) ... OK  (3s, p_dip=-0.0011, s_dip=-0.0011, oe_amp=0.0001)
  [149/500] CONF K00408.01    (depth=   1434 ppm) ... OK  (9s, p_dip=-0.0014, s_dip=-0.0014, oe_amp=0.0001)
  [150/500] CONF K00898.03    (depth=   1432 ppm) ... OK  (10s, p_dip=-0.0010, s_dip=-0.0010, oe_amp=0.0003)
  [151/500] CONF K00156.03    (depth=   1431 ppm) ... OK  (10s, p_dip=-0.0012, s_dip=-0.0012, oe_amp=0.0001)
  [152/500] CONF K01194.01    (depth=   1420 ppm) ... OK  (6s, p_dip=-0.0012, s_dip=-0.0012, oe_amp=0.0002)
  [153/500] CONF K00877.01    (depth=   1411 ppm) ... OK  (4s, p_dip=-0.0014, s_dip=-0.0014, oe_amp=0.0002)
  [154/500] CONF K00472.01    (depth=   1410 ppm) ... OK  (9s, p_dip=-0.0014, s_dip=-0.0014, oe_amp=0.0002)
  [155/500] CONF K02156.01    (depth=   1403 ppm) ... OK  (10s, p_dip=-0.0011, s_dip=-0.0011, oe_amp=0.0002)
  [156/500] CONF K01358.01    (depth=   1398 ppm) ... OK  (8s, p_dip=-0.0013, s_dip=-0.0013, oe_amp=0.0002)
  [157/500] CONF K00248.02    (depth=   1387 ppm) ... OK  (3s, p_dip=-0.0010, s_dip=-0.0010, oe_amp=0.0001)
  [158/500] CONF K00884.02    (depth=   1382 ppm) ... OK  (3s, p_dip=-0.0003, s_dip=-0.0003, oe_amp=0.0003)
  [159/500] CONF K00460.01    (depth=   1378 ppm) ... OK  (9s, p_dip=-0.0012, s_dip=-0.0012, oe_amp=0.0001)
  [160/500] CONF K02034.01    (depth=   1375 ppm) ... OK  (5s, p_dip=-0.0011, s_dip=-0.0011, oe_amp=0.0006)
  [161/500] CONF K00144.01    (depth=   1360 ppm) ... OK  (7s, p_dip=-0.0013, s_dip=-0.0013, oe_amp=0.0001)
  [162/500] CONF K00942.01    (depth=   1357 ppm) ... OK  (8s, p_dip=-0.0008, s_dip=-0.0008, oe_amp=0.0001)
  [163/500] CONF K06166.01    (depth=   1337 ppm) ... OK  (1s, p_dip=-0.0010, s_dip=-0.0010, oe_amp=0.0017)
  [164/500] CONF K01422.01    (depth=   1336 ppm) ... OK  (1s, p_dip=-0.0012, s_dip=-0.0012, oe_amp=0.0002)
  [165/500] CONF K00886.01    (depth=   1334 ppm) ... OK  (9s, p_dip=-0.0009, s_dip=-0.0009, oe_amp=0.0002)
  [166/500] CONF K01563.01    (depth=   1329 ppm) ... OK  (2s, p_dip=-0.0013, s_dip=-0.0013, oe_amp=0.0003)
  [167/500] CONF K00896.02    (depth=   1328 ppm) ... OK  (8s, p_dip=-0.0013, s_dip=-0.0013, oe_amp=0.0002)
  [168/500] CONF K01895.01    (depth=   1320 ppm) ... OK  (8s, p_dip=-0.0008, s_dip=-0.0008, oe_amp=0.0009)
  [169/500] CONF K00581.01    (depth=   1317 ppm) ... OK  (2s, p_dip=-0.0012, s_dip=-0.0012, oe_amp=0.0002)
  [170/500] CONF K02715.03    (depth=   1316 ppm) ... OK  (1s, p_dip=-0.0013, s_dip=-0.0013, oe_amp=0.0004)
  [171/500] CONF K00900.01    (depth=   1310 ppm) ... OK  (8s, p_dip=-0.0010, s_dip=-0.0010, oe_amp=0.0001)
  [172/500] CONF K01557.02    (depth=   1309 ppm) ... OK  (1s, p_dip=-0.0013, s_dip=-0.0013, oe_amp=0.0004)
  [173/500] CONF K00795.01    (depth=   1304 ppm) ... OK  (9s, p_dip=-0.0011, s_dip=-0.0011, oe_amp=0.0001)
  [174/500] CONF K00958.01    (depth=   1301 ppm) ... OK  (2s, p_dip=-0.0002, s_dip=-0.0002, oe_amp=0.0003)
  [175/500] CONF K00046.01    (depth=   1299 ppm) ... OK  (8s, p_dip=-0.0013, s_dip=-0.0013, oe_amp=0.0001)
  [176/500] CONF K00456.01    (depth=   1293 ppm) ... OK  (8s, p_dip=-0.0012, s_dip=-0.0012, oe_amp=0.0001)
  [177/500] CONF K00746.01    (depth=   1288 ppm) ... OK  (8s, p_dip=-0.0012, s_dip=-0.0012, oe_amp=0.0002)
  [178/500] CONF K00222.01    (depth=   1286 ppm) ... OK  (9s, p_dip=-0.0012, s_dip=-0.0012, oe_amp=0.0001)
  [179/500] CONF K00345.01    (depth=   1276 ppm) ... OK  (2s, p_dip=-0.0007, s_dip=-0.0007, oe_amp=0.0003)
  [180/500] CONF K00723.01    (depth=   1266 ppm) ... OK  (2s, p_dip=-0.0013, s_dip=-0.0013, oe_amp=0.0003)
  [181/500] CONF K00892.01    (depth=   1255 ppm) ... OK  (9s, p_dip=-0.0012, s_dip=-0.0012, oe_amp=0.0001)
  [182/500] CONF K01874.01    (depth=   1252 ppm) ... OK  (8s, p_dip=-0.0009, s_dip=-0.0009, oe_amp=0.0001)
  [183/500] CONF K00733.02    (depth=   1250 ppm) ... OK  (8s, p_dip=-0.0012, s_dip=-0.0012, oe_amp=0.0002)
  [184/500] CONF K03925.01    (depth=   1243 ppm) ... OK  (1s, p_dip=-0.0012, s_dip=-0.0012, oe_amp=0.0006)
  [185/500] CONF K00923.01    (depth=   1240 ppm) ... OK  (8s, p_dip=-0.0012, s_dip=-0.0012, oe_amp=0.0001)
  [186/500] CONF K01907.01    (depth=   1221 ppm) ... OK  (8s, p_dip=-0.0008, s_dip=-0.0008, oe_amp=0.0001)
  [187/500] CONF K00784.01    (depth=   1220 ppm) ... OK  (8s, p_dip=-0.0006, s_dip=-0.0006, oe_amp=0.0002)
  [188/500] CONF K00878.01    (depth=   1201 ppm) ... OK  (9s, p_dip=-0.0008, s_dip=-0.0008, oe_amp=0.0001)
  [189/500] CONF K02256.01    (depth=   1199 ppm) ... OK  (3s, p_dip=-0.0010, s_dip=-0.0010, oe_amp=0.0002)
  [190/500] CONF K00845.01    (depth=   1188 ppm) ... OK  (10s, p_dip=-0.0011, s_dip=-0.0011, oe_amp=0.0001)
  [191/500] CONF K00738.01    (depth=   1185 ppm) ... OK  (8s, p_dip=-0.0010, s_dip=-0.0010, oe_amp=0.0002)
  [192/500] CONF K00817.01    (depth=   1182 ppm) ... OK  (7s, p_dip=-0.0006, s_dip=-0.0006, oe_amp=0.0004)
  [193/500] CONF K00821.01    (depth=   1175 ppm) ... OK  (7s, p_dip=-0.0009, s_dip=-0.0009, oe_amp=0.0001)
  [194/500] CONF K01833.02    (depth=   1175 ppm) ... OK  (3s, p_dip=-0.0007, s_dip=-0.0007, oe_amp=0.0010)
  [195/500] CONF K01475.02    (depth=   1169 ppm) ... OK  (8s, p_dip=-0.0011, s_dip=-0.0011, oe_amp=0.0003)
  [196/500] CONF K02280.01    (depth=   1164 ppm) ... OK  (7s, p_dip=-0.0008, s_dip=-0.0008, oe_amp=0.0003)
  [197/500] CONF K01881.01    (depth=   1160 ppm) ... OK  (8s, p_dip=-0.0006, s_dip=-0.0006, oe_amp=0.0002)
  [198/500] CONF K00448.01    (depth=   1156 ppm) ... OK  (8s, p_dip=-0.0011, s_dip=-0.0011, oe_amp=0.0002)
  [199/500] CONF K01160.01    (depth=   1155 ppm) ... OK  (2s, p_dip=-0.0010, s_dip=-0.0010, oe_amp=0.0003)
  [200/500] CONF K00864.01    (depth=   1154 ppm) ... OK  (7s, p_dip=-0.0012, s_dip=-0.0012, oe_amp=0.0002)
  [201/500] CONF K00734.01    (depth=   1151 ppm) ... OK  (9s, p_dip=-0.0010, s_dip=-0.0010, oe_amp=0.0001)
  [202/500] CONF K00842.01    (depth=   1149 ppm) ... OK  (8s, p_dip=-0.0009, s_dip=-0.0009, oe_amp=0.0002)
  [203/500] CONF K00535.01    (depth=   1146 ppm) ... OK  (7s, p_dip=-0.0011, s_dip=-0.0011, oe_amp=0.0001)
  [204/500] CONF K00949.01    (depth=   1146 ppm) ... OK  (2s, p_dip=-0.0011, s_dip=-0.0011, oe_amp=0.0001)
  [205/500] CONF K00920.01    (depth=   1145 ppm) ... OK  (8s, p_dip=-0.0006, s_dip=-0.0006, oe_amp=0.0001)
  [206/500] CONF K00223.01    (depth=   1134 ppm) ... OK  (8s, p_dip=-0.0011, s_dip=-0.0011, oe_amp=0.0005)
  [207/500] CONF K01751.02    (depth=   1132 ppm) ... OK  (11s, p_dip=-0.0004, s_dip=-0.0004, oe_amp=0.0001)
  [208/500] CONF K00732.01    (depth=   1131 ppm) ... OK  (8s, p_dip=-0.0011, s_dip=-0.0011, oe_amp=0.0001)
  [209/500] CONF K02126.01    (depth=   1131 ppm) ... OK  (7s, p_dip=-0.0010, s_dip=-0.0010, oe_amp=0.0002)
  [210/500] CONF K00775.01    (depth=   1127 ppm) ... OK  (2s, p_dip=-0.0007, s_dip=-0.0007, oe_amp=0.0010)
  [211/500] CONF K02092.02    (depth=   1125 ppm) ... OK  (7s, p_dip=-0.0007, s_dip=-0.0007, oe_amp=0.0002)
  [212/500] CONF K00413.01    (depth=   1125 ppm) ... OK  (8s, p_dip=-0.0008, s_dip=-0.0008, oe_amp=0.0003)
  [213/500] CONF K00869.01    (depth=   1124 ppm) ... OK  (8s, p_dip=-0.0011, s_dip=-0.0011, oe_amp=0.0004)
  [214/500] CONF K00790.01    (depth=   1124 ppm) ... OK  (8s, p_dip=-0.0010, s_dip=-0.0010, oe_amp=0.0001)
  [215/500] CONF K01942.01    (depth=   1122 ppm) ... OK  (2s, p_dip=-0.0010, s_dip=-0.0010, oe_amp=0.0003)
  [216/500] CONF K00387.01    (depth=   1122 ppm) ... OK  (9s, p_dip=-0.0008, s_dip=-0.0008, oe_amp=0.0003)
  [217/500] CONF K01751.01    (depth=   1117 ppm) ... OK  (2s, p_dip=-0.0010, s_dip=-0.0010, oe_amp=0.0001)
  [218/500] CONF K02998.01    (depth=   1113 ppm) ... OK  (7s, p_dip=-0.0008, s_dip=-0.0008, oe_amp=0.0004)
  [219/500] CONF K00921.01    (depth=   1111 ppm) ... OK  (3s, p_dip=-0.0011, s_dip=-0.0011, oe_amp=0.0001)
  [220/500] CONF K01867.02    (depth=   1110 ppm) ... OK  (3s, p_dip=-0.0003, s_dip=-0.0003, oe_amp=0.0001)
  [221/500] CONF K00431.01    (depth=   1097 ppm) ... OK  (10s, p_dip=-0.0007, s_dip=-0.0007, oe_amp=0.0001)
  [222/500] CONF K02113.01    (depth=   1094 ppm) ... OK  (8s, p_dip=-0.0008, s_dip=-0.0008, oe_amp=0.0002)
  [223/500] CONF K01069.01    (depth=   1075 ppm) ... OK  (8s, p_dip=-0.0010, s_dip=-0.0010, oe_amp=0.0001)
  [224/500] CONF K01430.01    (depth=   1071 ppm) ... OK  (9s, p_dip=-0.0008, s_dip=-0.0008, oe_amp=0.0001)
  [225/500] CONF K00105.01    (depth=   1059 ppm) ... OK  (2s, p_dip=-0.0009, s_dip=-0.0009, oe_amp=0.0000)
  [226/500] CONF K03144.01    (depth=   1056 ppm) ... OK  (3s, p_dip=-0.0009, s_dip=-0.0009, oe_amp=0.0005)
  [227/500] CONF K00784.02    (depth=   1053 ppm) ... OK  (2s, p_dip=-0.0005, s_dip=-0.0005, oe_amp=0.0002)
  [228/500] CONF K00509.02    (depth=   1049 ppm) ... OK  (8s, p_dip=-0.0008, s_dip=-0.0008, oe_amp=0.0003)
  [229/500] CONF K02205.01    (depth=   1042 ppm) ... OK  (5s, p_dip=-0.0004, s_dip=-0.0004, oe_amp=0.0002)
  [230/500] CONF K00765.01    (depth=   1042 ppm) ... OK  (2s, p_dip=-0.0009, s_dip=-0.0009, oe_amp=0.0003)
  [231/500] CONF K00898.02    (depth=   1037 ppm) ... OK  (2s, p_dip=-0.0010, s_dip=-0.0010, oe_amp=0.0003)
  [232/500] CONF K00835.01    (depth=   1037 ppm) ... OK  (7s, p_dip=-0.0008, s_dip=-0.0008, oe_amp=0.0002)
  [233/500] CONF K00574.01    (depth=   1035 ppm) ... OK  (8s, p_dip=-0.0007, s_dip=-0.0007, oe_amp=0.0001)
  [234/500] CONF K00070.01    (depth=   1034 ppm) ... OK  (8s, p_dip=-0.0010, s_dip=-0.0010, oe_amp=0.0001)
  [235/500] CONF K01563.02    (depth=   1034 ppm) ... OK  (1s, p_dip=-0.0010, s_dip=-0.0010, oe_amp=0.0002)
  [236/500] CONF K00247.01    (depth=   1033 ppm) ... OK  (7s, p_dip=-0.0006, s_dip=-0.0006, oe_amp=0.0003)
  [237/500] CONF K00432.01    (depth=   1031 ppm) ... OK  (8s, p_dip=-0.0010, s_dip=-0.0010, oe_amp=0.0001)
  [238/500] CONF K00618.01    (depth=   1026 ppm) ... OK  (7s, p_dip=-0.0009, s_dip=-0.0009, oe_amp=0.0001)
  [239/500] CONF K00853.01    (depth=   1024 ppm) ... OK  (8s, p_dip=-0.0010, s_dip=-0.0010, oe_amp=0.0001)
  [240/500] CONF K02529.01    (depth=   1024 ppm) ... OK  (2s, p_dip=-0.0007, s_dip=-0.0007, oe_amp=0.0002)
  [241/500] CONF K00179.01    (depth=   1023 ppm) ... OK  (7s, p_dip=-0.0009, s_dip=-0.0009, oe_amp=0.0001)
  [242/500] CONF K00804.01    (depth=   1020 ppm) ... OK  (8s, p_dip=-0.0010, s_dip=-0.0010, oe_amp=0.0001)
  [243/500] CONF K04068.01    (depth=   1014 ppm) ... OK  (4s, p_dip=-0.0008, s_dip=-0.0008, oe_amp=0.0009)
  [244/500] CONF K01627.01    (depth=   1012 ppm) ... OK  (7s, p_dip=-0.0009, s_dip=-0.0009, oe_amp=0.0002)
  [245/500] CONF K00787.01    (depth=   1011 ppm) ... OK  (2s, p_dip=-0.0010, s_dip=-0.0010, oe_amp=0.0001)
  [246/500] CONF K02793.02    (depth=   1010 ppm) ... OK  (1s, p_dip=-0.0010, s_dip=-0.0010, oe_amp=0.0005)
  [247/500] CONF K02078.01    (depth=   1010 ppm) ... OK  (8s, p_dip=-0.0009, s_dip=-0.0009, oe_amp=0.0004)
  [248/500] CONF K00438.01    (depth=   1007 ppm) ... OK  (8s, p_dip=-0.0010, s_dip=-0.0010, oe_amp=0.0001)
  [249/500] CONF K01022.01    (depth=   1006 ppm) ... OK  (8s, p_dip=-0.0008, s_dip=-0.0008, oe_amp=0.0002)
  [250/500] CONF K01779.02    (depth=   1003 ppm) ... OK  (2s, p_dip=-0.0012, s_dip=-0.0012, oe_amp=0.0010)
  [251/500] FP   K07284.01    (depth=  49833 ppm) ... OK  (2s, p_dip=-0.0492, s_dip=-0.0492, oe_amp=0.0087)
  [252/500] FP   K06712.01    (depth=  48943 ppm) ... OK  (8s, p_dip=-0.0479, s_dip=-0.0479, oe_amp=0.0015)
  [253/500] FP   K01541.01    (depth=  48434 ppm) ... OK  (7s, p_dip=-0.0487, s_dip=-0.0487, oe_amp=0.0015)
  [254/500] FP   K00619.01    (depth=  48050 ppm) ... OK  (8s, p_dip=-0.0470, s_dip=-0.0470, oe_amp=0.0015)
  [255/500] FP   K01011.01    (depth=  47303 ppm) ... OK  (8s, p_dip=-0.0474, s_dip=-0.0474, oe_amp=0.0007)
  [256/500] FP   K07541.01    (depth=  46802 ppm) ... OK  (2s, p_dip=-0.0357, s_dip=-0.0357, oe_amp=0.0007)
  [257/500] FP   K03745.01    (depth=  46552 ppm) ... OK  (3s, p_dip=-0.0660, s_dip=-0.0660, oe_amp=0.0091)
  [258/500] FP   K01382.01    (depth=  45982 ppm) ... OK  (8s, p_dip=-0.0451, s_dip=-0.0451, oe_amp=0.0016)
  [259/500] FP   K06702.01    (depth=  45700 ppm) ... OK  (8s, p_dip=-0.0423, s_dip=-0.0423, oe_amp=0.0006)
  [260/500] FP   K07200.01    (depth=  45265 ppm) ... OK  (9s, p_dip=-0.0447, s_dip=-0.0447, oe_amp=0.0005)
  [261/500] FP   K07042.01    (depth=  44980 ppm) ... OK  (9s, p_dip=-0.0350, s_dip=-0.0350, oe_amp=0.0009)
  [262/500] FP   K07052.01    (depth=  44576 ppm) ... OK  (7s, p_dip=-0.0341, s_dip=-0.0341, oe_amp=0.0014)
  [263/500] FP   K06107.01    (depth=  43895 ppm) ... OK  (7s, p_dip=-0.0498, s_dip=-0.0498, oe_amp=0.0028)
  [264/500] FP   K07192.01    (depth=  43087 ppm) ... OK  (9s, p_dip=-0.0421, s_dip=-0.0421, oe_amp=0.0008)
  [265/500] FP   K06380.01    (depth=  42549 ppm) ... OK  (7s, p_dip=-0.0394, s_dip=-0.0394, oe_amp=0.0008)
  [266/500] FP   K01317.01    (depth=  42086 ppm) ... OK  (5s, p_dip=-0.0413, s_dip=-0.0413, oe_amp=0.0047)
  [267/500] FP   K07150.01    (depth=  41685 ppm) ... OK  (9s, p_dip=-0.0398, s_dip=-0.0398, oe_amp=0.0004)
  [268/500] FP   K06662.01    (depth=  41160 ppm) ... OK  (7s, p_dip=-0.0396, s_dip=-0.0396, oe_amp=0.0006)
  [269/500] FP   K05127.01    (depth=  40789 ppm) ... OK  (2s, p_dip=-0.0236, s_dip=-0.0236, oe_amp=0.0015)
  [270/500] FP   K06715.01    (depth=  40368 ppm) ... OK  (8s, p_dip=-0.0495, s_dip=-0.0495, oe_amp=0.0203)
  [271/500] FP   K03694.01    (depth=  40143 ppm) ... OK  (4s, p_dip=-0.0388, s_dip=-0.0388, oe_amp=0.0027)
  [272/500] FP   K06221.01    (depth=  39929 ppm) ... OK  (2s, p_dip=-0.0418, s_dip=-0.0418, oe_amp=0.0108)
  [273/500] FP   K01678.01    (depth=  39268 ppm) ... OK  (4s, p_dip=-0.0392, s_dip=-0.0392, oe_amp=0.0008)
  [274/500] FP   K06382.01    (depth=  38851 ppm) ... OK  (7s, p_dip=-0.0390, s_dip=-0.0390, oe_amp=0.0004)
  [275/500] FP   K00741.01    (depth=  38524 ppm) ... OK  (6s, p_dip=-0.0181, s_dip=-0.0181, oe_amp=0.0003)
  [276/500] FP   K06332.01    (depth=  38007 ppm) ... OK  (8s, p_dip=-0.0331, s_dip=-0.0331, oe_amp=0.0026)
  [277/500] FP   K03775.01    (depth=  37879 ppm) ... OK  (4s, p_dip=-0.0393, s_dip=-0.0393, oe_amp=0.0015)
  [278/500] FP   K07441.01    (depth=  37663 ppm) ... OK  (8s, p_dip=-0.0109, s_dip=-0.0109, oe_amp=0.0006)
  [279/500] FP   K00960.01    (depth=  37545 ppm) ... OK  (7s, p_dip=-0.0360, s_dip=-0.0360, oe_amp=0.0004)
  [280/500] FP   K07343.01    (depth=  37224 ppm) ... OK  (6s, p_dip=-0.0371, s_dip=-0.0371, oe_amp=0.0104)
  [281/500] FP   K07530.01    (depth=  36784 ppm) ... OK  (8s, p_dip=-0.0332, s_dip=-0.0332, oe_amp=0.0008)
  [282/500] FP   K07486.01    (depth=  36484 ppm) ... OK  (10s, p_dip=-0.0349, s_dip=-0.0349, oe_amp=0.0006)
  [283/500] FP   K04925.01    (depth=  35653 ppm) ... OK  (5s, p_dip=-0.0362, s_dip=-0.0362, oe_amp=0.0039)
  [284/500] FP   K03786.01    (depth=  34976 ppm) ... OK  (7s, p_dip=-0.0341, s_dip=-0.0341, oe_amp=0.0009)
  [285/500] FP   K06277.01    (depth=  34770 ppm) ... OK  (12s, p_dip=-0.0346, s_dip=-0.0346, oe_amp=0.0113)
  [286/500] FP   K03327.01    (depth=  34356 ppm) ... OK  (7s, p_dip=-0.0231, s_dip=-0.0231, oe_amp=0.0105)
  [287/500] FP   K01153.01    (depth=  33117 ppm) ... OK  (10s, p_dip=-0.0331, s_dip=-0.0331, oe_amp=0.0002)
  [288/500] FP   K01742.01    (depth=  32622 ppm) ... OK  (11s, p_dip=-0.0325, s_dip=-0.0325, oe_amp=0.0007)
  [289/500] FP   K06995.01    (depth=  32096 ppm) ... OK  (8s, p_dip=-0.0303, s_dip=-0.0303, oe_amp=0.0176)
  [290/500] FP   K07955.01    (depth=  31355 ppm) ... OK  (2s, p_dip=-0.0352, s_dip=-0.0352, oe_amp=0.0014)
  [291/500] FP   K01347.01    (depth=  30431 ppm) ... OK  (7s, p_dip=-0.0292, s_dip=-0.0292, oe_amp=0.0018)
  [292/500] FP   K07100.01    (depth=  30099 ppm) ... OK  (8s, p_dip=-0.0297, s_dip=-0.0297, oe_amp=0.0004)
  [293/500] FP   K00048.01    (depth=  29685 ppm) ... OK  (8s, p_dip=-0.0189, s_dip=-0.0189, oe_amp=0.0002)
  [294/500] FP   K06244.01    (depth=  29236 ppm) ... OK  (9s, p_dip=-0.0274, s_dip=-0.0274, oe_amp=0.0006)
  [295/500] FP   K03758.01    (depth=  28869 ppm) ... OK  (4s, p_dip=-0.0231, s_dip=-0.0231, oe_amp=0.0024)
  [296/500] FP   K06491.01    (depth=  28290 ppm) ... OK  (7s, p_dip=-0.0265, s_dip=-0.0265, oe_amp=0.0005)
  [297/500] FP   K01003.01    (depth=  28066 ppm) ... OK  (2s, p_dip=-0.0253, s_dip=-0.0253, oe_amp=0.0029)
  [298/500] FP   K07231.01    (depth=  26190 ppm) ... OK  (7s, p_dip=-0.0275, s_dip=-0.0275, oe_amp=0.0001)
  [299/500] FP   K03624.01    (depth=  25884 ppm) ... OK  (2s, p_dip=-0.0302, s_dip=-0.0302, oe_amp=0.0065)
  [300/500] FP   K01542.01    (depth=  25480 ppm) ... OK  (9s, p_dip=-0.0250, s_dip=-0.0250, oe_amp=0.0017)
  [301/500] FP   K05997.01    (depth=  25342 ppm) ... OK  (9s, p_dip=-0.0230, s_dip=-0.0230, oe_amp=0.0010)
  [302/500] FP   K06306.01    (depth=  25208 ppm) ... OK  (10s, p_dip=-0.0246, s_dip=-0.0246, oe_amp=0.0005)
  [303/500] FP   K03650.01    (depth=  25044 ppm) ... OK  (7s, p_dip=-0.0256, s_dip=-0.0256, oe_amp=0.0180)
  [304/500] FP   K06323.01    (depth=  24989 ppm) ... OK  (9s, p_dip=-0.0224, s_dip=-0.0224, oe_amp=0.0123)
  [305/500] FP   K01544.01    (depth=  24627 ppm) ... OK  (5s, p_dip=-0.0243, s_dip=-0.0243, oe_amp=0.0044)
  [306/500] FP   K00402.01    (depth=  24419 ppm) ... OK  (8s, p_dip=-0.0239, s_dip=-0.0239, oe_amp=0.0001)
  [307/500] FP   K01949.01    (depth=  24327 ppm) ... OK  (2s, p_dip=-0.0237, s_dip=-0.0237, oe_amp=0.0018)
  [308/500] FP   K07438.01    (depth=  23842 ppm) ... OK  (9s, p_dip=-0.0242, s_dip=-0.0242, oe_amp=0.0002)
  [309/500] FP   K01389.01    (depth=  23593 ppm) ... OK  (8s, p_dip=-0.0223, s_dip=-0.0223, oe_amp=0.0007)
  [310/500] FP   K05436.01    (depth=  23193 ppm) ... OK  (8s, p_dip=-0.0032, s_dip=-0.0032, oe_amp=0.0006)
  [311/500] FP   K05993.01    (depth=  22672 ppm) ... OK  (9s, p_dip=-0.0195, s_dip=-0.0195, oe_amp=0.0013)
  [312/500] FP   K05086.01    (depth=  22178 ppm) ... OK  (3s, p_dip=-0.0197, s_dip=-0.0197, oe_amp=0.0006)
  [313/500] FP   K03399.01    (depth=  21653 ppm) ... OK  (8s, p_dip=-0.0395, s_dip=-0.0395, oe_amp=0.0032)
  [314/500] FP   K01065.01    (depth=  20901 ppm) ... OK  (8s, p_dip=-0.0213, s_dip=-0.0213, oe_amp=0.0005)
  [315/500] FP   K01064.01    (depth=  20703 ppm) ... OK  (8s, p_dip=-0.0184, s_dip=-0.0184, oe_amp=0.0001)
  [316/500] FP   K07103.01    (depth=  20527 ppm) ... OK  (9s, p_dip=-0.0214, s_dip=-0.0214, oe_amp=0.0002)
  [317/500] FP   K00876.01    (depth=  20285 ppm) ... OK  (2s, p_dip=-0.0144, s_dip=-0.0144, oe_amp=0.0026)
  [318/500] FP   K00362.01    (depth=  20083 ppm) ... OK  (9s, p_dip=-0.0198, s_dip=-0.0198, oe_amp=0.0001)
  [319/500] FP   K01318.01    (depth=  19762 ppm) ... OK  (7s, p_dip=-0.0221, s_dip=-0.0221, oe_amp=0.0004)
  [320/500] FP   K00182.01    (depth=  19550 ppm) ... OK  (7s, p_dip=-0.0190, s_dip=-0.0190, oe_amp=0.0025)
  [321/500] FP   K00434.01    (depth=  19373 ppm) ... OK  (8s, p_dip=-0.0175, s_dip=-0.0175, oe_amp=0.0004)
  [322/500] FP   K00604.01    (depth=  19242 ppm) ... OK  (7s, p_dip=-0.0190, s_dip=-0.0190, oe_amp=0.0005)
  [323/500] FP   K00967.01    (depth=  18541 ppm) ... OK  (9s, p_dip=-0.0132, s_dip=-0.0132, oe_amp=0.0003)
  [324/500] FP   K01386.01    (depth=  18006 ppm) ... OK  (9s, p_dip=-0.0183, s_dip=-0.0183, oe_amp=0.0021)
  [325/500] FP   K01228.01    (depth=  17846 ppm) ... OK  (8s, p_dip=-0.0172, s_dip=-0.0172, oe_amp=0.0003)
  [326/500] FP   K06417.01    (depth=  17481 ppm) ... OK  (8s, p_dip=-0.0170, s_dip=-0.0170, oe_amp=0.0089)
  [327/500] FP   K00805.01    (depth=  16918 ppm) ... OK  (8s, p_dip=-0.0169, s_dip=-0.0169, oe_amp=0.0008)
  [328/500] FP   K07396.01    (depth=  16676 ppm) ... OK  (4s, p_dip=-0.0135, s_dip=-0.0135, oe_amp=0.0005)
  [329/500] FP   K07403.01    (depth=  16188 ppm) ... OK  (9s, p_dip=-0.0150, s_dip=-0.0150, oe_amp=0.0042)
  [330/500] FP   K03690.01    (depth=  16033 ppm) ... OK  (5s, p_dip=-0.0116, s_dip=-0.0116, oe_amp=0.0003)
  [331/500] FP   K03750.01    (depth=  15847 ppm) ... OK  (7s, p_dip=-0.0211, s_dip=-0.0211, oe_amp=0.0036)
  [332/500] FP   K03744.01    (depth=  15498 ppm) ... OK  (7s, p_dip=-0.0159, s_dip=-0.0159, oe_amp=0.0077)
  [333/500] FP   K00822.01    (depth=  15148 ppm) ... OK  (6s, p_dip=-0.0143, s_dip=-0.0143, oe_amp=0.0007)
  [334/500] FP   K00606.01    (depth=  14610 ppm) ... OK  (7s, p_dip=-0.0146, s_dip=-0.0146, oe_amp=0.0011)
  [335/500] FP   K00023.01    (depth=  14523 ppm) ... OK  (9s, p_dip=-0.0147, s_dip=-0.0147, oe_amp=0.0001)
  [336/500] FP   K00636.01    (depth=  14294 ppm) ... OK  (9s, p_dip=-0.0112, s_dip=-0.0112, oe_amp=0.0001)
  [337/500] FP   K06996.01    (depth=  13941 ppm) ... OK  (8s, p_dip=-0.0166, s_dip=-0.0166, oe_amp=0.0074)
  [338/500] FP   K00425.01    (depth=  13756 ppm) ... OK  (7s, p_dip=-0.0113, s_dip=-0.0113, oe_amp=0.0006)
  [339/500] FP   K00287.01    (depth=  13496 ppm) ... OK  (8s, p_dip=-0.0124, s_dip=-0.0124, oe_amp=0.0003)
  [340/500] FP   K06464.01    (depth=  13138 ppm) ... OK  (10s, p_dip=-0.0087, s_dip=-0.0087, oe_amp=0.0002)
  [341/500] FP   K00184.01    (depth=  13052 ppm) ... OK  (11s, p_dip=-0.0131, s_dip=-0.0131, oe_amp=0.0003)
  [342/500] FP   K05076.01    (depth=  12960 ppm) ... OK  (11s, p_dip=-0.0133, s_dip=-0.0133, oe_amp=0.0005)
  [343/500] FP   K01447.02    (depth=  12831 ppm) ... OK  (10s, p_dip=-0.0144, s_dip=-0.0144, oe_amp=0.0003)
  [344/500] FP   K03898.01    (depth=  12457 ppm) ... OK  (9s, p_dip=-0.0115, s_dip=-0.0115, oe_amp=0.0005)
  [345/500] FP   K06574.01    (depth=  12264 ppm) ... OK  (10s, p_dip=-0.0089, s_dip=-0.0089, oe_amp=0.0041)
  [346/500] FP   K01452.01    (depth=  12072 ppm) ... OK  (9s, p_dip=-0.0113, s_dip=-0.0113, oe_amp=0.0009)
  [347/500] FP   K03866.01    (depth=  11786 ppm) ... OK  (9s, p_dip=-0.0092, s_dip=-0.0092, oe_amp=0.0008)
  [348/500] FP   K07176.01    (depth=  11657 ppm) ... OK  (11s, p_dip=-0.0092, s_dip=-0.0092, oe_amp=0.0009)
  [349/500] FP   K03615.01    (depth=  11360 ppm) ... OK  (11s, p_dip=-0.0076, s_dip=-0.0076, oe_amp=0.0062)
  [350/500] FP   K00190.01    (depth=  11311 ppm) ... OK  (8s, p_dip=-0.0105, s_dip=-0.0105, oe_amp=0.0006)
  [351/500] FP   K00053.01    (depth=  11268 ppm) ... OK  (10s, p_dip=-0.0102, s_dip=-0.0102, oe_amp=0.0004)
  [352/500] FP   K03693.01    (depth=  10803 ppm) ... OK  (9s, p_dip=-0.0018, s_dip=-0.0018, oe_amp=0.0001)
  [353/500] FP   K01133.01    (depth=  10624 ppm) ... OK  (9s, p_dip=-0.0080, s_dip=-0.0080, oe_amp=0.0023)
  [354/500] FP   K07478.01    (depth=  10308 ppm) ... OK  (10s, p_dip=-0.0026, s_dip=-0.0026, oe_amp=0.0001)
  [355/500] FP   K07022.01    (depth=  10088 ppm) ... OK  (10s, p_dip=-0.0080, s_dip=-0.0080, oe_amp=0.0005)
  [356/500] FP   K03731.01    (depth=   9886 ppm) ... OK  (9s, p_dip=-0.0100, s_dip=-0.0100, oe_amp=0.0005)
  [357/500] FP   K06039.01    (depth=   9818 ppm) ... OK  (9s, p_dip=-0.0097, s_dip=-0.0097, oe_amp=0.0023)
  [358/500] FP   K00667.01    (depth=   9739 ppm) ... OK  (2s, p_dip=-0.0095, s_dip=-0.0095, oe_amp=0.0006)
  [359/500] FP   K06909.01    (depth=   9568 ppm) ... OK  (8s, p_dip=-0.0101, s_dip=-0.0101, oe_amp=0.0005)
  [360/500] FP   K03962.01    (depth=   9095 ppm) ... OK  (7s, p_dip=-0.0072, s_dip=-0.0072, oe_amp=0.0006)
  [361/500] FP   K07398.01    (depth=   8847 ppm) ... OK  (7s, p_dip=-0.0088, s_dip=-0.0088, oe_amp=0.0001)
  [362/500] FP   K03695.01    (depth=   8611 ppm) ... OK  (9s, p_dip=-0.0110, s_dip=-0.0110, oe_amp=0.0024)
  [363/500] FP   K01778.01    (depth=   8372 ppm) ... OK  (7s, p_dip=-0.0061, s_dip=-0.0061, oe_amp=0.0005)
  [364/500] FP   K03661.01    (depth=   8290 ppm) ... OK  (8s, p_dip=-0.0047, s_dip=-0.0047, oe_amp=0.0003)
  [365/500] FP   K06541.01    (depth=   8151 ppm) ... OK  (8s, p_dip=-0.0084, s_dip=-0.0084, oe_amp=0.0036)
  [366/500] FP   K01786.01    (depth=   8052 ppm) ... OK  (7s, p_dip=-0.0063, s_dip=-0.0063, oe_amp=0.0043)
  [367/500] FP   K01132.01    (depth=   7829 ppm) ... OK  (8s, p_dip=-0.0097, s_dip=-0.0097, oe_amp=0.0004)
  [368/500] FP   K08153.01    (depth=   7676 ppm) ... OK  (2s, p_dip=-0.0085, s_dip=-0.0085, oe_amp=0.0010)
  [369/500] FP   K01391.01    (depth=   7610 ppm) ... OK  (8s, p_dip=-0.0045, s_dip=-0.0045, oe_amp=0.0004)
  [370/500] FP   K06544.01    (depth=   7474 ppm) ... OK  (8s, p_dip=-0.0062, s_dip=-0.0062, oe_amp=0.0002)
  [371/500] FP   K01091.01    (depth=   7019 ppm) ... OK  (7s, p_dip=-0.0012, s_dip=-0.0012, oe_amp=0.0475)
  [372/500] FP   K01548.01    (depth=   6898 ppm) ... OK  (9s, p_dip=-0.0073, s_dip=-0.0073, oe_amp=0.0022)
  [373/500] FP   K03760.01    (depth=   6791 ppm) ... OK  (2s, p_dip=-0.0128, s_dip=-0.0128, oe_amp=0.0006)
  [374/500] FP   K01224.01    (depth=   6721 ppm) ... OK  (9s, p_dip=-0.0162, s_dip=-0.0162, oe_amp=0.0001)
  [375/500] FP   K03304.01    (depth=   6609 ppm) ... OK  (9s, p_dip=-0.0036, s_dip=-0.0036, oe_amp=0.0003)
  [376/500] FP   K01076.01    (depth=   6496 ppm) ... OK  (7s, p_dip=-0.0007, s_dip=-0.0007, oe_amp=0.0004)
  [377/500] FP   K03784.01    (depth=   6386 ppm) ... OK  (1s, p_dip=-0.0013, s_dip=-0.0013, oe_amp=0.0005)
  [378/500] FP   K01321.01    (depth=   6228 ppm) ... OK  (2s, p_dip=-0.0062, s_dip=-0.0062, oe_amp=0.0015)
  [379/500] FP   K00132.01    (depth=   6165 ppm) ... OK  (8s, p_dip=-0.0055, s_dip=-0.0055, oe_amp=0.0002)
  [380/500] FP   K06894.01    (depth=   6085 ppm) ... OK  (11s, p_dip=-0.0059, s_dip=-0.0059, oe_amp=0.0001)
  [381/500] FP   K00838.01    (depth=   6044 ppm) ... OK  (8s, p_dip=-0.0051, s_dip=-0.0051, oe_amp=0.0003)
  [382/500] FP   K01795.01    (depth=   5945 ppm) ... OK  (8s, p_dip=-0.0060, s_dip=-0.0060, oe_amp=0.0013)
  [383/500] FP   K07397.01    (depth=   5880 ppm) ... OK  (2s, p_dip=-0.0082, s_dip=-0.0082, oe_amp=0.0004)
  [384/500] FP   K01776.01    (depth=   5795 ppm) ... OK  (7s, p_dip=-0.0029, s_dip=-0.0029, oe_amp=0.0006)
  [385/500] FP   K07409.01    (depth=   5664 ppm) ... OK  (7s, p_dip=-0.0046, s_dip=-0.0046, oe_amp=0.0040)
  [386/500] FP   K01041.01    (depth=   5536 ppm) ... OK  (7s, p_dip=-0.0047, s_dip=-0.0047, oe_amp=0.0008)
  [387/500] FP   K03796.01    (depth=   5444 ppm) ... OK  (9s, p_dip=-0.0054, s_dip=-0.0054, oe_amp=0.0012)
  [388/500] FP   K01462.01    (depth=   5367 ppm) ... OK  (6s, p_dip=-0.0054, s_dip=-0.0054, oe_amp=0.0012)
  [389/500] FP   K00026.01    (depth=   5238 ppm) ... OK  (7s, p_dip=-0.0046, s_dip=-0.0046, oe_amp=0.0001)
  [390/500] FP   K03293.01    (depth=   5103 ppm) ... OK  (5s, p_dip=-0.0045, s_dip=-0.0045, oe_amp=0.0005)
  [391/500] FP   K06235.01    (depth=   5021 ppm) ... OK  (3s, p_dip=-0.0050, s_dip=-0.0050, oe_amp=0.0008)
  [392/500] FP   K07374.01    (depth=   4880 ppm) ... OK  (7s, p_dip=-0.0047, s_dip=-0.0047, oe_amp=0.0015)
  [393/500] FP   K06114.01    (depth=   4856 ppm) ... OK  (9s, p_dip=-0.0003, s_dip=-0.0003, oe_amp=0.0001)
  [394/500] FP   K00230.01    (depth=   4787 ppm) ... OK  (7s, p_dip=-0.0043, s_dip=-0.0043, oe_amp=0.0006)
  [395/500] FP   K06627.01    (depth=   4760 ppm) ... OK  (7s, p_dip=-0.0043, s_dip=-0.0043, oe_amp=0.0030)
  [396/500] FP   K01289.01    (depth=   4676 ppm) ... OK  (6s, p_dip=-0.0048, s_dip=-0.0048, oe_amp=0.0003)
  [397/500] FP   K00609.01    (depth=   4577 ppm) ... OK  (8s, p_dip=-0.0038, s_dip=-0.0038, oe_amp=0.0004)
  [398/500] FP   K00969.01    (depth=   4512 ppm) ... OK  (8s, p_dip=-0.0006, s_dip=-0.0006, oe_amp=0.0001)
  [399/500] FP   K06234.01    (depth=   4391 ppm) ... OK  (7s, p_dip=-0.0044, s_dip=-0.0044, oe_amp=0.0001)
  [400/500] FP   K00410.01    (depth=   4284 ppm) ... OK  (8s, p_dip=-0.0029, s_dip=-0.0029, oe_amp=0.0001)
  [401/500] FP   K06661.01    (depth=   4174 ppm) ... OK  (9s, p_dip=-0.0035, s_dip=-0.0035, oe_amp=0.0001)
  [402/500] FP   K03291.01    (depth=   4094 ppm) ... OK  (8s, p_dip=-0.0114, s_dip=-0.0114, oe_amp=0.0002)
  [403/500] FP   K06044.01    (depth=   3856 ppm) ... OK  (8s, p_dip=-0.0030, s_dip=-0.0030, oe_amp=0.0003)
  [404/500] FP   K01798.01    (depth=   3733 ppm) ... OK  (8s, p_dip=-0.0009, s_dip=-0.0009, oe_amp=0.0001)
  [405/500] FP   K00024.01    (depth=   3658 ppm) ... OK  (9s, p_dip=-0.0033, s_dip=-0.0033, oe_amp=0.0001)
  [406/500] FP   K01460.01    (depth=   3617 ppm) ... OK  (7s, p_dip=-0.0037, s_dip=-0.0037, oe_amp=0.0006)
  [407/500] FP   K03779.01    (depth=   3510 ppm) ... OK  (6s, p_dip=-0.0026, s_dip=-0.0026, oe_amp=0.0001)
  [408/500] FP   K05672.01    (depth=   3446 ppm) ... OK  (1s, p_dip=-0.0030, s_dip=-0.0030, oe_amp=0.0024)
  [409/500] FP   K06187.01    (depth=   3372 ppm) ... OK  (9s, p_dip=-0.0032, s_dip=-0.0032, oe_amp=0.0002)
  [410/500] FP   K06397.01    (depth=   3349 ppm) ... OK  (7s, p_dip=-0.0016, s_dip=-0.0016, oe_amp=0.0027)
  [411/500] FP   K03747.02    (depth=   3266 ppm) ... OK  (2s, p_dip=-0.0017, s_dip=-0.0017, oe_amp=0.0013)
  [412/500] FP   K06061.01    (depth=   3153 ppm) ... OK  (8s, p_dip=-0.0027, s_dip=-0.0027, oe_amp=0.0001)
  [413/500] FP   K03457.01    (depth=   3104 ppm) ... OK  (8s, p_dip=-0.0006, s_dip=-0.0006, oe_amp=0.0001)
  [414/500] FP   K01262.01    (depth=   3071 ppm) ... OK  (7s, p_dip=-0.0027, s_dip=-0.0027, oe_amp=0.0002)
  [415/500] FP   K03161.01    (depth=   3027 ppm) ... OK  (9s, p_dip=-0.0031, s_dip=-0.0031, oe_amp=0.0017)
  [416/500] FP   K01156.01    (depth=   3019 ppm) ... OK  (8s, p_dip=-0.0029, s_dip=-0.0029, oe_amp=0.0001)
  [417/500] FP   K05564.01    (depth=   3000 ppm) ... OK  (8s, p_dip=-0.0029, s_dip=-0.0029, oe_amp=0.0004)
  [418/500] FP   K06585.01    (depth=   2965 ppm) ... OK  (7s, p_dip=-0.0028, s_dip=-0.0028, oe_amp=0.0004)
  [419/500] FP   K01155.01    (depth=   2937 ppm) ... OK  (8s, p_dip=-0.0032, s_dip=-0.0032, oe_amp=0.0002)
  [420/500] FP   K03294.01    (depth=   2897 ppm) ... OK  (7s, p_dip=-0.0031, s_dip=-0.0031, oe_amp=0.0004)
  [421/500] FP   K00019.01    (depth=   2807 ppm) ... OK  (8s, p_dip=-0.0027, s_dip=-0.0027, oe_amp=0.0002)
  [422/500] FP   K03993.01    (depth=   2797 ppm) ... OK  (8s, p_dip=-0.0029, s_dip=-0.0029, oe_amp=0.0005)
  [423/500] FP   K06554.01    (depth=   2750 ppm) ... OK  (7s, p_dip=-0.0023, s_dip=-0.0023, oe_amp=0.0001)
  [424/500] FP   K07152.01    (depth=   2708 ppm) ... OK  (8s, p_dip=-0.0025, s_dip=-0.0025, oe_amp=0.0001)
  [425/500] FP   K06614.01    (depth=   2672 ppm) ... OK  (9s, p_dip=-0.0025, s_dip=-0.0025, oe_amp=0.0001)
  [426/500] FP   K03879.01    (depth=   2652 ppm) ... OK  (9s, p_dip=-0.0020, s_dip=-0.0020, oe_amp=0.0002)
  [427/500] FP   K05323.01    (depth=   2569 ppm) ... OK  (8s, p_dip=-0.0024, s_dip=-0.0024, oe_amp=0.0002)
  [428/500] FP   K03976.01    (depth=   2534 ppm) ... OK  (7s, p_dip=-0.0026, s_dip=-0.0026, oe_amp=0.0002)
  [429/500] FP   K00225.01    (depth=   2482 ppm) ... OK  (2s, p_dip=-0.0025, s_dip=-0.0025, oe_amp=0.0005)
  [430/500] FP   K00833.01    (depth=   2454 ppm) ... OK  (7s, p_dip=-0.0023, s_dip=-0.0023, oe_amp=0.0002)
  [431/500] FP   K03405.01    (depth=   2388 ppm) ... OK  (7s, p_dip=-0.0005, s_dip=-0.0005, oe_amp=0.0003)
  [432/500] FP   K06165.01    (depth=   2373 ppm) ... OK  (9s, p_dip=-0.0021, s_dip=-0.0021, oe_amp=0.0004)
  [433/500] FP   K03276.01    (depth=   2340 ppm) ... OK  (7s, p_dip=-0.0026, s_dip=-0.0026, oe_amp=0.0002)
  [434/500] FP   K08190.01    (depth=   2320 ppm) ... OK  (2s, p_dip=-0.0022, s_dip=-0.0022, oe_amp=0.0002)
  [435/500] FP   K03947.01    (depth=   2299 ppm) ... OK  (8s, p_dip=-0.0023, s_dip=-0.0023, oe_amp=0.0005)
  [436/500] FP   K00143.01    (depth=   2250 ppm) ... OK  (8s, p_dip=-0.0013, s_dip=-0.0013, oe_amp=0.0001)
  [437/500] FP   K03725.01    (depth=   2213 ppm) ... OK  (7s, p_dip=-0.0030, s_dip=-0.0030, oe_amp=0.0017)
  [438/500] FP   K07866.01    (depth=   2196 ppm) ... OK  (1s, p_dip=-0.0021, s_dip=-0.0021, oe_amp=0.0002)
  [439/500] FP   K05999.01    (depth=   2139 ppm) ... OK  (2s, p_dip=-0.0018, s_dip=-0.0018, oe_amp=0.0002)
  [440/500] FP   K07373.01    (depth=   2122 ppm) ... OK  (8s, p_dip=-0.0021, s_dip=-0.0021, oe_amp=0.0000)
  [441/500] FP   K05947.01    (depth=   2118 ppm) ... OK  (8s, p_dip=-0.0023, s_dip=-0.0023, oe_amp=0.0002)
  [442/500] FP   K03939.01    (depth=   2098 ppm) ... OK  (1s, p_dip=-0.0042, s_dip=-0.0042, oe_amp=0.0003)
  [443/500] FP   K01237.01    (depth=   2054 ppm) ... OK  (7s, p_dip=-0.0013, s_dip=-0.0013, oe_amp=0.0002)
  [444/500] FP   K04228.01    (depth=   2023 ppm) ... OK  (12s, p_dip=-0.0019, s_dip=-0.0019, oe_amp=0.0001)
  [445/500] FP   K00996.01    (depth=   2018 ppm) ... OK  (7s, p_dip=-0.0017, s_dip=-0.0017, oe_amp=0.0002)
  [446/500] FP   K00729.01    (depth=   2008 ppm) ... OK  (7s, p_dip=-0.0020, s_dip=-0.0020, oe_amp=0.0001)
  [447/500] FP   K01187.01    (depth=   1996 ppm) ... OK  (9s, p_dip=-0.0019, s_dip=-0.0019, oe_amp=0.0001)
  [448/500] FP   K07214.01    (depth=   1944 ppm) ... OK  (8s, p_dip=-0.0017, s_dip=-0.0017, oe_amp=0.0005)
  [449/500] FP   K01183.01    (depth=   1916 ppm) ... OK  (10s, p_dip=-0.0023, s_dip=-0.0023, oe_amp=0.0020)
  [450/500] FP   K07306.01    (depth=   1901 ppm) ... OK  (3s, p_dip=-0.0051, s_dip=-0.0051, oe_amp=0.0033)
  [451/500] FP   K00634.01    (depth=   1857 ppm) ... OK  (9s, p_dip=-0.0028, s_dip=-0.0028, oe_amp=0.0002)
  [452/500] FP   K07717.01    (depth=   1840 ppm) ... OK  (9s, p_dip=-0.0020, s_dip=-0.0020, oe_amp=0.0007)
  [453/500] FP   K00381.01    (depth=   1807 ppm) ... OK  (9s, p_dip=-0.0020, s_dip=-0.0020, oe_amp=0.0001)
  [454/500] FP   K01157.01    (depth=   1718 ppm) ... OK  (3s, p_dip=-0.0016, s_dip=-0.0016, oe_amp=0.0001)
  [455/500] FP   K00905.01    (depth=   1693 ppm) ... OK  (8s, p_dip=-0.0016, s_dip=-0.0016, oe_amp=0.0001)
  [456/500] FP   K06625.01    (depth=   1684 ppm) ... OK  (7s, p_dip=-0.0014, s_dip=-0.0014, oe_amp=0.0003)
  [457/500] FP   K07005.01    (depth=   1664 ppm) ... OK  (2s, p_dip=-0.0020, s_dip=-0.0020, oe_amp=0.0013)
  [458/500] FP   K04560.01    (depth=   1653 ppm) ... OK  (6s, p_dip=-0.0013, s_dip=-0.0013, oe_amp=0.0001)
  [459/500] FP   K06879.01    (depth=   1644 ppm) ... OK  (10s, p_dip=-0.0016, s_dip=-0.0016, oe_amp=0.0011)
  [460/500] FP   K00799.01    (depth=   1621 ppm) ... OK  (9s, p_dip=-0.0016, s_dip=-0.0016, oe_amp=0.0002)
  [461/500] FP   K03853.01    (depth=   1584 ppm) ... OK  (5s, p_dip=-0.0007, s_dip=-0.0007, oe_amp=0.0003)
  [462/500] FP   K07985.01    (depth=   1579 ppm) ... OK  (7s, p_dip=-0.0015, s_dip=-0.0015, oe_amp=0.0001)
  [463/500] FP   K00515.01    (depth=   1549 ppm) ... OK  (8s, p_dip=-0.0007, s_dip=-0.0007, oe_amp=0.0000)
  [464/500] FP   K01469.01    (depth=   1534 ppm) ... OK  (6s, p_dip=-0.0015, s_dip=-0.0015, oe_amp=0.0002)
  [465/500] FP   K03914.01    (depth=   1523 ppm) ... OK  (9s, p_dip=-0.0014, s_dip=-0.0014, oe_amp=0.0003)
  [466/500] FP   K01292.01    (depth=   1502 ppm) ... OK  (9s, p_dip=-0.0014, s_dip=-0.0014, oe_amp=0.0009)
  [467/500] FP   K00603.01    (depth=   1476 ppm) ... OK  (9s, p_dip=-0.0013, s_dip=-0.0013, oe_amp=0.0008)
  [468/500] FP   K01638.01    (depth=   1455 ppm) ... OK  (8s, p_dip=-0.0013, s_dip=-0.0013, oe_amp=0.0001)
  [469/500] FP   K03785.01    (depth=   1413 ppm) ... OK  (8s, p_dip=-0.0010, s_dip=-0.0010, oe_amp=0.0001)
  [470/500] FP   K01812.01    (depth=   1384 ppm) ... OK  (10s, p_dip=-0.0014, s_dip=-0.0014, oe_amp=0.0002)
  [471/500] FP   K02599.01    (depth=   1380 ppm) ... OK  (9s, p_dip=-0.0009, s_dip=-0.0009, oe_amp=0.0001)
  [472/500] FP   K07855.01    (depth=   1350 ppm) ... OK  (1s, p_dip=-0.0004, s_dip=-0.0004, oe_amp=0.0005)
  [473/500] FP   K01135.01    (depth=   1346 ppm) ... OK  (6s, p_dip=-0.0012, s_dip=-0.0012, oe_amp=0.0002)
  [474/500] FP   K00828.01    (depth=   1339 ppm) ... OK  (7s, p_dip=-0.0012, s_dip=-0.0012, oe_amp=0.0002)
  [475/500] FP   K00983.02    (depth=   1325 ppm) ... OK  (10s, p_dip=-0.0012, s_dip=-0.0012, oe_amp=0.0002)
  [476/500] FP   K03836.01    (depth=   1317 ppm) ... OK  (9s, p_dip=-0.0013, s_dip=-0.0013, oe_amp=0.0002)
  [477/500] FP   K01040.01    (depth=   1298 ppm) ... OK  (10s, p_dip=-0.0016, s_dip=-0.0016, oe_amp=0.0001)
  [478/500] FP   K01896.01    (depth=   1287 ppm) ... OK  (7s, p_dip=-0.0014, s_dip=-0.0014, oe_amp=0.0008)
  [479/500] FP   K05754.01    (depth=   1273 ppm) ... OK  (10s, p_dip=-0.0012, s_dip=-0.0012, oe_amp=0.0000)
  [480/500] FP   K06204.01    (depth=   1240 ppm) ... OK  (10s, p_dip=-0.0012, s_dip=-0.0012, oe_amp=0.0001)
  [481/500] FP   K03502.01    (depth=   1230 ppm) ... OK  (9s, p_dip=-0.0011, s_dip=-0.0011, oe_amp=0.0003)
  [482/500] FP   K02918.01    (depth=   1224 ppm) ... OK  (8s, p_dip=-0.0012, s_dip=-0.0012, oe_amp=0.0002)
  [483/500] FP   K05189.01    (depth=   1221 ppm) ... OK  (8s, p_dip=-0.0010, s_dip=-0.0010, oe_amp=0.0003)
  [484/500] FP   K01260.01    (depth=   1210 ppm) ... OK  (8s, p_dip=-0.0023, s_dip=-0.0023, oe_amp=0.0007)
  [485/500] FP   K04062.01    (depth=   1169 ppm) ... OK  (1s, p_dip=-0.0009, s_dip=-0.0009, oe_amp=0.0003)
  [486/500] FP   K06549.01    (depth=   1148 ppm) ... OK  (9s, p_dip=-0.0004, s_dip=-0.0004, oe_amp=0.0010)
  [487/500] FP   K01233.01    (depth=   1133 ppm) ... OK  (9s, p_dip=-0.0010, s_dip=-0.0010, oe_amp=0.0004)
  [488/500] FP   K01575.01    (depth=   1121 ppm) ... OK  (10s, p_dip=-0.0009, s_dip=-0.0009, oe_amp=0.0002)
  [489/500] FP   K03774.01    (depth=   1115 ppm) ... OK  (7s, p_dip=-0.0016, s_dip=-0.0016, oe_amp=0.0002)
  [490/500] FP   K03064.01    (depth=   1112 ppm) ... OK  (9s, p_dip=-0.0011, s_dip=-0.0011, oe_amp=0.0002)
  [491/500] FP   K01484.01    (depth=   1105 ppm) ... OK  (8s, p_dip=-0.0011, s_dip=-0.0011, oe_amp=0.0003)
  [492/500] FP   K03803.01    (depth=   1089 ppm) ... OK  (9s, p_dip=-0.0009, s_dip=-0.0009, oe_amp=0.0001)
  [493/500] FP   K00995.01    (depth=   1058 ppm) ... OK  (7s, p_dip=-0.0009, s_dip=-0.0009, oe_amp=0.0001)
  [494/500] FP   K00726.01    (depth=   1056 ppm) ... OK  (8s, p_dip=-0.0011, s_dip=-0.0011, oe_amp=0.0001)
  [495/500] FP   K03289.01    (depth=   1046 ppm) ... OK  (3s, p_dip=-0.0003, s_dip=-0.0003, oe_amp=0.0001)
  [496/500] FP   K01140.01    (depth=   1038 ppm) ... OK  (10s, p_dip=-0.0011, s_dip=-0.0011, oe_amp=0.0001)
  [497/500] FP   K00932.01    (depth=   1031 ppm) ... OK  (9s, p_dip=-0.0010, s_dip=-0.0010, oe_amp=0.0002)
  [498/500] FP   K03915.01    (depth=   1027 ppm) ... OK  (8s, p_dip=-0.0010, s_dip=-0.0010, oe_amp=0.0002)
  [499/500] FP   K04294.01    (depth=   1022 ppm) ... OK  (4s, p_dip=-0.0010, s_dip=-0.0010, oe_amp=0.0001)
  [500/500] FP   K07501.01    (depth=   1003 ppm) ... OK  (2s, p_dip=-0.0007, s_dip=-0.0007, oe_amp=0.0002)

Completed: 500 success, 0 failed
Saved dataset to data/kepler_tce_v6.pt
  Phases shape:    torch.Size([500, 200])
  Primary shape:   torch.Size([500, 200])
  Secondary shape: torch.Size([500, 200])
  Odd/even shape:  torch.Size([500, 200])
  Confirmed: 250, FP: 250
