Fetching target lists from NASA Exoplanet Archive...
  Archive has 350 confirmed, 764 FP
  Selected 50 confirmed, 50 FP
  [  1/100] CONF K00254.01    (depth=  36912 ppm) ... OK  (4s, p_dip=-0.0360, s_dip=-0.0360)
  [  2/100] CONF K01450.01    (depth=  19837 ppm) ... OK  (3s, p_dip=-0.0185, s_dip=-0.0185)
  [  3/100] CONF K00186.01    (depth=  16451 ppm) ... OK  (3s, p_dip=-0.0163, s_dip=-0.0163)
  [  4/100] CONF K00188.01    (depth=  14431 ppm) ... OK  (3s, p_dip=-0.0141, s_dip=-0.0141)
  [  5/100] CONF K00127.01    (depth=  11382 ppm) ... OK  (3s, p_dip=-0.0113, s_dip=-0.0113)
  [  6/100] CONF K00202.01    (depth=  10184 ppm) ... OK  (3s, p_dip=-0.0101, s_dip=-0.0101)
  [  7/100] CONF K00012.01    (depth=   9065 ppm) ... OK  (3s, p_dip=-0.0089, s_dip=-0.0089)
  [  8/100] CONF K00908.01    (depth=   7913 ppm) ... OK  (3s, p_dip=-0.0078, s_dip=-0.0078)
  [  9/100] CONF K00929.01    (depth=   7163 ppm) ... OK  (2s, p_dip=-0.0071, s_dip=-0.0071)
  [ 10/100] CONF K01456.01    (depth=   6331 ppm) ... OK  (2s, p_dip=-0.0059, s_dip=-0.0059)
  [ 11/100] CONF K01804.01    (depth=   5569 ppm) ... OK  (2s, p_dip=-0.0055, s_dip=-0.0055)
  [ 12/100] CONF K00680.01    (depth=   4510 ppm) ... OK  (2s, p_dip=-0.0045, s_dip=-0.0045)
  [ 13/100] CONF K00428.01    (depth=   3754 ppm) ... OK  (2s, p_dip=-0.0038, s_dip=-0.0038)
  [ 14/100] CONF K00219.01    (depth=   3120 ppm) ... OK  (3s, p_dip=-0.0031, s_dip=-0.0031)
  [ 15/100] CONF K00433.01    (depth=   2908 ppm) ... OK  (3s, p_dip=-0.0029, s_dip=-0.0029)
  [ 16/100] CONF K02842.01    (depth=   2755 ppm) ... OK  (2s, p_dip=-0.0026, s_dip=-0.0026)
  [ 17/100] CONF K00209.02    (depth=   2431 ppm) ... OK  (3s, p_dip=-0.0024, s_dip=-0.0024)
  [ 18/100] CONF K00255.01    (depth=   2313 ppm) ... OK  (3s, p_dip=-0.0013, s_dip=-0.0013)
  [ 19/100] CONF K00232.01    (depth=   2232 ppm) ... OK  (2s, p_dip=-0.0022, s_dip=-0.0022)
  [ 20/100] CONF K00250.02    (depth=   2055 ppm) ... OK  (2s, p_dip=-0.0008, s_dip=-0.0008)
  [ 21/100] CONF K00952.03    (depth=   1925 ppm) ... OK  (2s, p_dip=-0.0011, s_dip=-0.0011)
  [ 22/100] CONF K00880.01    (depth=   1844 ppm) ... OK  (2s, p_dip=-0.0011, s_dip=-0.0011)
  [ 23/100] CONF K02842.03    (depth=   1820 ppm) ... OK  (1s, p_dip=-0.0016, s_dip=-0.0016)
  [ 24/100] CONF K01557.01    (depth=   1746 ppm) ... OK  (2s, p_dip=-0.0017, s_dip=-0.0017)
  [ 25/100] CONF K00507.01    (depth=   1656 ppm) ... OK  (2s, p_dip=-0.0009, s_dip=-0.0009)
  [ 26/100] CONF K01422.02    (depth=   1608 ppm) ... OK  (2s, p_dip=-0.0008, s_dip=-0.0008)
  [ 27/100] CONF K00818.01    (depth=   1558 ppm) ... OK  (3s, p_dip=-0.0014, s_dip=-0.0014)
  [ 28/100] CONF K00104.01    (depth=   1508 ppm) ... OK  (3s, p_dip=-0.0014, s_dip=-0.0014)
  [ 29/100] CONF K00926.01    (depth=   1473 ppm) ... OK  (2s, p_dip=-0.0015, s_dip=-0.0015)
  [ 30/100] CONF K00867.01    (depth=   1442 ppm) ... OK  (2s, p_dip=-0.0011, s_dip=-0.0011)
  [ 31/100] CONF K00877.01    (depth=   1411 ppm) ... OK  (2s, p_dip=-0.0014, s_dip=-0.0014)
  [ 32/100] CONF K00884.02    (depth=   1382 ppm) ... OK  (3s, p_dip=-0.0003, s_dip=-0.0003)
  [ 33/100] CONF K06166.01    (depth=   1337 ppm) ... OK  (1s, p_dip=-0.0010, s_dip=-0.0010)
  [ 34/100] CONF K00581.01    (depth=   1317 ppm) ... OK  (2s, p_dip=-0.0012, s_dip=-0.0012)
  [ 35/100] CONF K00958.01    (depth=   1301 ppm) ... OK  (2s, p_dip=-0.0002, s_dip=-0.0002)
  [ 36/100] CONF K00345.01    (depth=   1276 ppm) ... OK  (2s, p_dip=-0.0007, s_dip=-0.0007)
  [ 37/100] CONF K03925.01    (depth=   1243 ppm) ... OK  (1s, p_dip=-0.0012, s_dip=-0.0012)
  [ 38/100] CONF K02256.01    (depth=   1199 ppm) ... OK  (2s, p_dip=-0.0010, s_dip=-0.0010)
  [ 39/100] CONF K01833.02    (depth=   1175 ppm) ... OK  (2s, p_dip=-0.0007, s_dip=-0.0007)
  [ 40/100] CONF K01160.01    (depth=   1155 ppm) ... OK  (2s, p_dip=-0.0010, s_dip=-0.0010)
  [ 41/100] CONF K00949.01    (depth=   1146 ppm) ... OK  (2s, p_dip=-0.0011, s_dip=-0.0011)
  [ 42/100] CONF K00775.01    (depth=   1127 ppm) ... OK  (2s, p_dip=-0.0007, s_dip=-0.0007)
  [ 43/100] CONF K01942.01    (depth=   1122 ppm) ... OK  (3s, p_dip=-0.0010, s_dip=-0.0010)
  [ 44/100] CONF K01867.02    (depth=   1110 ppm) ... OK  (2s, p_dip=-0.0003, s_dip=-0.0003)
  [ 45/100] CONF K00105.01    (depth=   1059 ppm) ... OK  (2s, p_dip=-0.0009, s_dip=-0.0009)
  [ 46/100] CONF K00765.01    (depth=   1042 ppm) ... OK  (2s, p_dip=-0.0009, s_dip=-0.0009)
  [ 47/100] CONF K01563.02    (depth=   1034 ppm) ... OK  (2s, p_dip=-0.0010, s_dip=-0.0010)
  [ 48/100] CONF K02529.01    (depth=   1024 ppm) ... OK  (2s, p_dip=-0.0007, s_dip=-0.0007)
  [ 49/100] CONF K00787.01    (depth=   1011 ppm) ... OK  (3s, p_dip=-0.0010, s_dip=-0.0010)
  [ 50/100] CONF K01779.02    (depth=   1003 ppm) ... OK  (2s, p_dip=-0.0012, s_dip=-0.0012)
  [ 51/100] FP   K07284.01    (depth=  49833 ppm) ... OK  (2s, p_dip=-0.0492, s_dip=-0.0492)
  [ 52/100] FP   K07541.01    (depth=  46802 ppm) ... OK  (2s, p_dip=-0.0357, s_dip=-0.0357)
  [ 53/100] FP   K00832.01    (depth=  44791 ppm) ... OK  (2s, p_dip=-0.0432, s_dip=-0.0432)
  [ 54/100] FP   K01248.01    (depth=  41924 ppm) ... OK  (2s, p_dip=-0.0429, s_dip=-0.0429)
  [ 55/100] FP   K06062.01    (depth=  40110 ppm) ... OK  (3s, p_dip=-0.0402, s_dip=-0.0402)
  [ 56/100] FP   K06049.01    (depth=  37980 ppm) ... OK  (3s, p_dip=-0.0340, s_dip=-0.0340)
  [ 57/100] FP   K06679.01    (depth=  36700 ppm) ... OK  (3s, p_dip=-0.0346, s_dip=-0.0346)
  [ 58/100] FP   K03841.01    (depth=  33546 ppm) ... OK  (3s, p_dip=-0.0409, s_dip=-0.0409)
  [ 59/100] FP   K03719.01    (depth=  30192 ppm) ... OK  (2s, p_dip=-0.0457, s_dip=-0.0457)
  [ 60/100] FP   K01003.01    (depth=  28066 ppm) ... OK  (3s, p_dip=-0.0253, s_dip=-0.0253)
  [ 61/100] FP   K07500.01    (depth=  25302 ppm) ... OK  (2s, p_dip=-0.0290, s_dip=-0.0290)
  [ 62/100] FP   K01949.01    (depth=  24327 ppm) ... OK  (3s, p_dip=-0.0237, s_dip=-0.0237)
  [ 63/100] FP   K05086.01    (depth=  22178 ppm) ... OK  (2s, p_dip=-0.0197, s_dip=-0.0197)
  [ 64/100] FP   K00876.01    (depth=  20285 ppm) ... OK  (3s, p_dip=-0.0144, s_dip=-0.0144)
  [ 65/100] FP   K00045.01    (depth=  18887 ppm) ... OK  (3s, p_dip=-0.0194, s_dip=-0.0194)
  [ 66/100] FP   K01322.01    (depth=  16878 ppm) ... OK  (2s, p_dip=-0.0096, s_dip=-0.0096)
  [ 67/100] FP   K01178.01    (depth=  15304 ppm) ... OK  (2s, p_dip=-0.0141, s_dip=-0.0141)
  [ 68/100] FP   K06481.01    (depth=  13859 ppm) ... OK  (3s, p_dip=-0.0150, s_dip=-0.0150)
  [ 69/100] FP   K00895.01    (depth=  12861 ppm) ... OK  (2s, p_dip=-0.0126, s_dip=-0.0126)
  [ 70/100] FP   K00763.01    (depth=  11766 ppm) ... OK  (2s, p_dip=-0.0107, s_dip=-0.0107)
  [ 71/100] FP   K03882.01    (depth=  10718 ppm) ... OK  (2s, p_dip=-0.0080, s_dip=-0.0080)
  [ 72/100] FP   K00667.01    (depth=   9739 ppm) ... OK  (3s, p_dip=-0.0095, s_dip=-0.0095)
  [ 73/100] FP   K00698.01    (depth=   8379 ppm) ... OK  (2s, p_dip=-0.0040, s_dip=-0.0040)
  [ 74/100] FP   K08153.01    (depth=   7676 ppm) ... OK  (2s, p_dip=-0.0085, s_dip=-0.0085)
  [ 75/100] FP   K03760.01    (depth=   6791 ppm) ... OK  (2s, p_dip=-0.0128, s_dip=-0.0128)
  [ 76/100] FP   K01321.01    (depth=   6228 ppm) ... OK  (2s, p_dip=-0.0062, s_dip=-0.0062)
  [ 77/100] FP   K07397.01    (depth=   5880 ppm) ... OK  (2s, p_dip=-0.0082, s_dip=-0.0082)
  [ 78/100] FP   K05992.01    (depth=   5283 ppm) ... OK  (2s, p_dip=-0.0041, s_dip=-0.0041)
  [ 79/100] FP   K01182.01    (depth=   4844 ppm) ... OK  (2s, p_dip=-0.0037, s_dip=-0.0037)
  [ 80/100] FP   K00133.01    (depth=   4399 ppm) ... OK  (3s, p_dip=-0.0045, s_dip=-0.0045)
  [ 81/100] FP   K01290.01    (depth=   3823 ppm) ... OK  (2s, p_dip=-0.0041, s_dip=-0.0041)
  [ 82/100] FP   K04085.01    (depth=   3426 ppm) ... OK  (3s, p_dip=-0.0027, s_dip=-0.0027)
  [ 83/100] FP   K03741.01    (depth=   3090 ppm) ... OK  (3s, p_dip=-0.0032, s_dip=-0.0032)
  [ 84/100] FP   K01829.01    (depth=   2941 ppm) ... OK  (2s, p_dip=-0.0005, s_dip=-0.0005)
  [ 85/100] FP   K00068.01    (depth=   2714 ppm) ... OK  (2s, p_dip=-0.0024, s_dip=-0.0024)
  [ 86/100] FP   K00225.01    (depth=   2482 ppm) ... OK  (2s, p_dip=-0.0025, s_dip=-0.0025)
  [ 87/100] FP   K08190.01    (depth=   2320 ppm) ... OK  (2s, p_dip=-0.0022, s_dip=-0.0022)
  [ 88/100] FP   K05999.01    (depth=   2139 ppm) ... OK  (2s, p_dip=-0.0018, s_dip=-0.0018)
  [ 89/100] FP   K04228.01    (depth=   2023 ppm) ... OK  (2s, p_dip=-0.0019, s_dip=-0.0019)
  [ 90/100] FP   K01995.01    (depth=   1914 ppm) ... OK  (2s, p_dip=-0.0005, s_dip=-0.0005)
  [ 91/100] FP   K01157.01    (depth=   1718 ppm) ... OK  (2s, p_dip=-0.0016, s_dip=-0.0016)
  [ 92/100] FP   K03074.01    (depth=   1632 ppm) ... OK  (2s, p_dip=-0.0017, s_dip=-0.0017)
  [ 93/100] FP   K00731.01    (depth=   1527 ppm) ... OK  (2s, p_dip=-0.0014, s_dip=-0.0014)
  [ 94/100] FP   K03852.01    (depth=   1392 ppm) ... OK  (2s, p_dip=-0.0019, s_dip=-0.0019)
  [ 95/100] FP   K06181.01    (depth=   1326 ppm) ... OK  (2s, p_dip=-0.0010, s_dip=-0.0010)
  [ 96/100] FP   K07747.01    (depth=   1243 ppm) ... OK  (2s, p_dip=-0.0015, s_dip=-0.0015)
  [ 97/100] FP   K00839.01    (depth=   1178 ppm) ... OK  (2s, p_dip=-0.0010, s_dip=-0.0010)
  [ 98/100] FP   K03156.01    (depth=   1112 ppm) ... OK  (3s, p_dip=-0.0012, s_dip=-0.0012)
  [ 99/100] FP   K03289.01    (depth=   1046 ppm) ... OK  (2s, p_dip=-0.0003, s_dip=-0.0003)
  [100/100] FP   K07501.01    (depth=   1003 ppm) ... OK  (2s, p_dip=-0.0007, s_dip=-0.0007)

Completed: 100 success, 0 failed
Saved dataset to data/kepler_tce.pt
  Phases shape:    torch.Size([100, 200])
  Primary shape:   torch.Size([100, 200])
  Secondary shape: torch.Size([100, 200])
  Confirmed: 50, FP: 50
