Device: cuda
76-TCE paper test set: n=76 (conf=38, FP=38)

========================================================================
Default AND ensembles (threshold 0.5 on both models)
========================================================================
  V6b + V10 production AND   : acc=86.8%  prec=85.0%  rec=89.5%  F1=0.872  TP=34 FP=6 TN=32 FN=4
  V6b + V10 curriculum AND   : acc=75.0%  prec=91.3%  rec=55.3%  F1=0.689  TP=21 FP=2 TN=36 FN=17

========================================================================
V6b (thr 0.5) + V10 curriculum (swept threshold) AND
========================================================================
 curr_thr    Prec   Recall      F1   TP   FP   TN   FN
     0.40  86.8%   86.8%   0.868   33    5   33    5
     0.45  90.0%   71.1%   0.794   27    3   35   11
     0.50  91.3%   55.3%   0.689   21    2   36   17
     0.55  90.0%   47.4%   0.621   18    2   36   20
     0.60  93.3%   36.8%   0.528   14    1   37   24

  Best sweep point: curr_thr=0.40  -> F1 0.868

========================================================================
Task-spec comparison
========================================================================
Ensemble                            Prec   Recall      F1
----------------------------------------------------------------
V6b + V10 AND (current best)       85.0%    89.5%   0.872
V6b + V10_curr AND (thr 0.5)      91.3%   55.3%   0.689
V6b + V10_curr AND (best thr)     86.8%   86.8%   0.868

========================================================================
Triple OR @ threshold 0.4
========================================================================
  V6b + V10 production + V10 log  : acc=75.0%  prec=66.7%  rec=100.0%  F1=0.800  TP=38 FP=19 TN=19 FN=0
  V6b + V10 curriculum + V10 log  : acc=75.0%  prec=66.7%  rec=100.0%  F1=0.800  TP=38 FP=19 TN=19 FN=0

========================================================================
Per-TCE: K00254.01 (M-dwarf, V10 production blind spot)
========================================================================
  true label       : PLANET
  stellar_radius   : 0.568 R_sun
  p_v6b            : 0.228
  p_v10 production : 0.228
  p_v10 curriculum : 0.127   (stricter head — does it help or hurt?)
  p_v10 log-R*     : 0.430

========================================================================
No new best. V6b + V10 production AND remains F1 0.872.
  Curriculum AND (thr 0.5): F1 0.689
  Curriculum AND (best sweep thr 0.40): F1 0.868
========================================================================
