  Resuming from data/kepler_tce_2000.pt: 684 TCEs already downloaded.
Fetching Kepler target lists from NASA Exoplanet Archive...
  Archive has 350 confirmed, 764 FP
  Selected 350 confirmed, 764 FP
  Skipping 684 already-downloaded; 430 remaining.
  [  1/430] FP   K07627.01      (depth=   9128 ppm) ... OK  (3s, p_dip=-0.0100, s_dip=-0.0100, oe_amp=0.0009)
  [  2/430] FP   K03962.01      (depth=   9095 ppm) ... OK  (2s, p_dip=-0.0072, s_dip=-0.0072, oe_amp=0.0006)
  [  3/430] FP   K01652.01      (depth=   8931 ppm) ... OK  (7s, p_dip=-0.0087, s_dip=-0.0087, oe_amp=0.0001)
  [  4/430] FP   K00743.01      (depth=   8919 ppm) ... OK  (8s, p_dip=-0.0089, s_dip=-0.0089, oe_amp=0.0003)
  [  5/430] FP   K07398.01      (depth=   8847 ppm) ... OK  (2s, p_dip=-0.0088, s_dip=-0.0088, oe_amp=0.0001)
  [  6/430] FP   K06129.01      (depth=   8708 ppm) ... OK  (9s, p_dip=-0.0081, s_dip=-0.0081, oe_amp=0.0012)
  [  7/430] FP   K00552.01      (depth=   8665 ppm) ... OK  (8s, p_dip=-0.0082, s_dip=-0.0082, oe_amp=0.0005)
  [  8/430] FP   K03695.01      (depth=   8611 ppm) ... OK  (2s, p_dip=-0.0110, s_dip=-0.0110, oe_amp=0.0024)
  [  9/430] FP   K03870.01      (depth=   8433 ppm) ... OK  (5s, p_dip=-0.0078, s_dip=-0.0078, oe_amp=0.0014)
  [ 10/430] FP   K00698.01      (depth=   8379 ppm) ... OK  (3s, p_dip=-0.0040, s_dip=-0.0040, oe_amp=0.0002)
  [ 11/430] FP   K01778.01      (depth=   8372 ppm) ... OK  (3s, p_dip=-0.0061, s_dip=-0.0061, oe_amp=0.0005)
  [ 12/430] FP   K06022.01      (depth=   8342 ppm) ... OK  (8s, p_dip=-0.0050, s_dip=-0.0050, oe_amp=0.0003)
  [ 13/430] FP   K04028.01      (depth=   8324 ppm) ... OK  (9s, p_dip=-0.0061, s_dip=-0.0061, oe_amp=0.0007)
  [ 14/430] FP   K03661.01      (depth=   8290 ppm) ... OK  (3s, p_dip=-0.0047, s_dip=-0.0047, oe_amp=0.0003)
  [ 15/430] FP   K06407.01      (depth=   8245 ppm) ... OK  (1s, p_dip=-0.0103, s_dip=-0.0103, oe_amp=0.0071)
  [ 16/430] FP   K00419.01      (depth=   8243 ppm) ... OK  (9s, p_dip=-0.0024, s_dip=-0.0024, oe_amp=0.0005)
  [ 17/430] FP   K06541.01      (depth=   8151 ppm) ... OK  (3s, p_dip=-0.0084, s_dip=-0.0084, oe_amp=0.0036)
  [ 18/430] FP   K00754.01      (depth=   8079 ppm) ... OK  (7s, p_dip=-0.0081, s_dip=-0.0081, oe_amp=0.0008)
  [ 19/430] FP   K03769.01      (depth=   8054 ppm) ... OK  (9s, p_dip=-0.0071, s_dip=-0.0071, oe_amp=0.0046)
  [ 20/430] FP   K01786.01      (depth=   8052 ppm) ... OK  (3s, p_dip=-0.0063, s_dip=-0.0063, oe_amp=0.0043)
  [ 21/430] FP   K02774.01      (depth=   8043 ppm) ... OK  (4s, p_dip=-0.0130, s_dip=-0.0130, oe_amp=0.0059)
  [ 22/430] FP   K06930.01      (depth=   7984 ppm) ... OK  (8s, p_dip=-0.0077, s_dip=-0.0077, oe_amp=0.0001)
  [ 23/430] FP   K01132.01      (depth=   7829 ppm) ... OK  (2s, p_dip=-0.0097, s_dip=-0.0097, oe_amp=0.0004)
  [ 24/430] FP   K03721.01      (depth=   7784 ppm) ... OK  (1s, p_dip=-0.0068, s_dip=-0.0068, oe_amp=0.0008)
  [ 25/430] FP   K03748.01      (depth=   7765 ppm) ... OK  (8s, p_dip=-0.0084, s_dip=-0.0084, oe_amp=0.0024)
  [ 26/430] FP   K08153.01      (depth=   7676 ppm) ... OK  (3s, p_dip=-0.0085, s_dip=-0.0085, oe_amp=0.0010)
  [ 27/430] FP   K00715.01      (depth=   7662 ppm) ... OK  (8s, p_dip=-0.0080, s_dip=-0.0080, oe_amp=0.0015)
  [ 28/430] FP   K03332.01      (depth=   7647 ppm) ... OK  (8s, p_dip=-0.0062, s_dip=-0.0062, oe_amp=0.0004)
  [ 29/430] FP   K01391.01      (depth=   7610 ppm) ... OK  (3s, p_dip=-0.0045, s_dip=-0.0045, oe_amp=0.0004)
  [ 30/430] FP   K06359.01      (depth=   7583 ppm) ... OK  (7s, p_dip=-0.0098, s_dip=-0.0098, oe_amp=0.0002)
  [ 31/430] FP   K03632.01      (depth=   7560 ppm) ... OK  (9s, p_dip=-0.0073, s_dip=-0.0073, oe_amp=0.0048)
  [ 32/430] FP   K06544.01      (depth=   7474 ppm) ... OK  (3s, p_dip=-0.0062, s_dip=-0.0062, oe_amp=0.0002)
  [ 33/430] FP   K07044.01      (depth=   7342 ppm) ... OK  (10s, p_dip=-0.0074, s_dip=-0.0074, oe_amp=0.0005)
  [ 34/430] FP   K07350.01      (depth=   7340 ppm) ... OK  (9s, p_dip=-0.0073, s_dip=-0.0073, oe_amp=0.0021)
  [ 35/430] FP   K01091.01      (depth=   7019 ppm) ... OK  (4s, p_dip=-0.0012, s_dip=-0.0012, oe_amp=0.0475)
  [ 36/430] FP   K05353.01      (depth=   6946 ppm) ... OK  (2s, p_dip=-0.0063, s_dip=-0.0063, oe_amp=0.0005)
  [ 37/430] FP   K01785.01      (depth=   6924 ppm) ... OK  (11s, p_dip=-0.0075, s_dip=-0.0075, oe_amp=0.0084)
  [ 38/430] FP   K01548.01      (depth=   6898 ppm) ... OK  (2s, p_dip=-0.0073, s_dip=-0.0073, oe_amp=0.0022)
  [ 39/430] FP   K00964.01      (depth=   6863 ppm) ... OK  (9s, p_dip=-0.0194, s_dip=-0.0194, oe_amp=0.0001)
  [ 40/430] FP   K03701.01      (depth=   6861 ppm) ... OK  (9s, p_dip=-0.0076, s_dip=-0.0076, oe_amp=0.0003)
  [ 41/430] FP   K03760.01      (depth=   6791 ppm) ... OK  (3s, p_dip=-0.0128, s_dip=-0.0128, oe_amp=0.0006)
  [ 42/430] FP   K06356.01      (depth=   6782 ppm) ... OK  (7s, p_dip=-0.0053, s_dip=-0.0053, oe_amp=0.0010)
  [ 43/430] FP   K05980.01      (depth=   6772 ppm) ... OK  (8s, p_dip=-0.0069, s_dip=-0.0069, oe_amp=0.0001)
  [ 44/430] FP   K01224.01      (depth=   6721 ppm) ... OK  (3s, p_dip=-0.0162, s_dip=-0.0162, oe_amp=0.0001)
  [ 45/430] FP   K07440.01      (depth=   6684 ppm) ... OK  (9s, p_dip=-0.0064, s_dip=-0.0064, oe_amp=0.0002)
  [ 46/430] FP   K03734.01      (depth=   6642 ppm) ... OK  (8s, p_dip=-0.0083, s_dip=-0.0083, oe_amp=0.0003)
  [ 47/430] FP   K03304.01      (depth=   6609 ppm) ... OK  (3s, p_dip=-0.0036, s_dip=-0.0036, oe_amp=0.0003)
  [ 48/430] FP   K07331.01      (depth=   6572 ppm) ... OK  (1s, p_dip=-0.0062, s_dip=-0.0062, oe_amp=0.0006)
  [ 49/430] FP   K07170.01      (depth=   6548 ppm) ... OK  (9s, p_dip=-0.0078, s_dip=-0.0078, oe_amp=0.0063)
  [ 50/430] FP   K05985.01      (depth=   6502 ppm) ... OK  (8s, p_dip=-0.0406, s_dip=-0.0406, oe_amp=0.0007)
  [ 51/430] FP   K01076.01      (depth=   6496 ppm) ... OK  (3s, p_dip=-0.0007, s_dip=-0.0007, oe_amp=0.0004)
  [ 52/430] FP   K03756.01      (depth=   6473 ppm) ... OK  (3s, p_dip=-0.0066, s_dip=-0.0066, oe_amp=0.0009)
  [ 53/430] FP   K06124.01      (depth=   6406 ppm) ... OK  (9s, p_dip=-0.0057, s_dip=-0.0057, oe_amp=0.0002)
  [ 54/430] FP   K03784.01      (depth=   6386 ppm) ... OK  (1s, p_dip=-0.0013, s_dip=-0.0013, oe_amp=0.0005)
  [ 55/430] FP   K03718.01      (depth=   6367 ppm) ... OK  (7s, p_dip=-0.0070, s_dip=-0.0070, oe_amp=0.0020)
  [ 56/430] FP   K03780.01      (depth=   6268 ppm) ... OK  (1s, p_dip=-0.0009, s_dip=-0.0009, oe_amp=0.0004)
  [ 57/430] FP   K01321.01      (depth=   6228 ppm) ... OK  (2s, p_dip=-0.0062, s_dip=-0.0062, oe_amp=0.0015)
  [ 58/430] FP   K06261.01      (depth=   6223 ppm) ... OK  (3s, p_dip=-0.0044, s_dip=-0.0044, oe_amp=0.0020)
  [ 59/430] FP   K06941.01      (depth=   6177 ppm) ... OK  (8s, p_dip=-0.0099, s_dip=-0.0099, oe_amp=0.0002)
  [ 60/430] FP   K00132.01      (depth=   6165 ppm) ... OK  (3s, p_dip=-0.0055, s_dip=-0.0055, oe_amp=0.0002)
  [ 61/430] FP   K06045.01      (depth=   6155 ppm) ... OK  (8s, p_dip=-0.0061, s_dip=-0.0061, oe_amp=0.0003)
  [ 62/430] FP   K01287.01      (depth=   6120 ppm) ... OK  (7s, p_dip=-0.0049, s_dip=-0.0049, oe_amp=0.0023)
  [ 63/430] FP   K06894.01      (depth=   6085 ppm) ... OK  (2s, p_dip=-0.0059, s_dip=-0.0059, oe_amp=0.0001)
  [ 64/430] FP   K01461.01      (depth=   6084 ppm) ... OK  (8s, p_dip=-0.0074, s_dip=-0.0074, oe_amp=0.0008)
  [ 65/430] FP   K03982.01      (depth=   6072 ppm) ... OK  (4s, p_dip=-0.0061, s_dip=-0.0061, oe_amp=0.0008)
  [ 66/430] FP   K00838.01      (depth=   6044 ppm) ... OK  (2s, p_dip=-0.0051, s_dip=-0.0051, oe_amp=0.0003)
  [ 67/430] FP   K05804.01      (depth=   6012 ppm) ... OK  (7s, p_dip=-0.0115, s_dip=-0.0115, oe_amp=0.0009)
  [ 68/430] FP   K06381.01      (depth=   5995 ppm) ... OK  (7s, p_dip=-0.0056, s_dip=-0.0056, oe_amp=0.0001)
  [ 69/430] FP   K01795.01      (depth=   5945 ppm) ... OK  (3s, p_dip=-0.0060, s_dip=-0.0060, oe_amp=0.0013)
  [ 70/430] FP   K06175.01      (depth=   5915 ppm) ... OK  (8s, p_dip=-0.0043, s_dip=-0.0043, oe_amp=0.0016)
  [ 71/430] FP   K01034.01      (depth=   5897 ppm) ... OK  (7s, p_dip=-0.0044, s_dip=-0.0044, oe_amp=0.0005)
  [ 72/430] FP   K07397.01      (depth=   5880 ppm) ... OK  (2s, p_dip=-0.0082, s_dip=-0.0082, oe_amp=0.0004)
  [ 73/430] FP   K04929.01      (depth=   5832 ppm) ... OK  (9s, p_dip=-0.0007, s_dip=-0.0007, oe_amp=0.0001)
  [ 74/430] FP   K01035.01      (depth=   5812 ppm) ... OK  (9s, p_dip=-0.0056, s_dip=-0.0056, oe_amp=0.0001)
  [ 75/430] FP   K01776.01      (depth=   5795 ppm) ... OK  (2s, p_dip=-0.0029, s_dip=-0.0029, oe_amp=0.0006)
  [ 76/430] FP   K07508.01      (depth=   5675 ppm) ... OK  (8s, p_dip=-0.0070, s_dip=-0.0070, oe_amp=0.0057)
  [ 77/430] FP   K03799.01      (depth=   5674 ppm) ... OK  (7s, p_dip=-0.0051, s_dip=-0.0051, oe_amp=0.0006)
  [ 78/430] FP   K07409.01      (depth=   5664 ppm) ... OK  (3s, p_dip=-0.0046, s_dip=-0.0046, oe_amp=0.0040)
  [ 79/430] FP   K00540.01      (depth=   5624 ppm) ... OK  (9s, p_dip=-0.0015, s_dip=-0.0015, oe_amp=0.0016)
  [ 80/430] FP   K00997.01      (depth=   5560 ppm) ... OK  (10s, p_dip=-0.0029, s_dip=-0.0029, oe_amp=0.0002)
  [ 81/430] FP   K01041.01      (depth=   5536 ppm) ... OK  (4s, p_dip=-0.0047, s_dip=-0.0047, oe_amp=0.0008)
  [ 82/430] FP   K03792.01      (depth=   5497 ppm) ... OK  (10s, p_dip=-0.0060, s_dip=-0.0060, oe_amp=0.0037)
  [ 83/430] FP   K01777.01      (depth=   5495 ppm) ... OK  (8s, p_dip=-0.0059, s_dip=-0.0059, oe_amp=0.0017)
  [ 84/430] FP   K03796.01      (depth=   5444 ppm) ... OK  (5s, p_dip=-0.0054, s_dip=-0.0054, oe_amp=0.0012)
  [ 85/430] FP   K00243.01      (depth=   5424 ppm) ... OK  (10s, p_dip=-0.0046, s_dip=-0.0046, oe_amp=0.0005)
  [ 86/430] FP   K01791.01      (depth=   5407 ppm) ... OK  (9s, p_dip=-0.0014, s_dip=-0.0014, oe_amp=0.0001)
  [ 87/430] FP   K01462.01      (depth=   5367 ppm) ... OK  (3s, p_dip=-0.0054, s_dip=-0.0054, oe_amp=0.0012)
  [ 88/430] FP   K05992.01      (depth=   5283 ppm) ... OK  (4s, p_dip=-0.0041, s_dip=-0.0041, oe_amp=0.0001)
  [ 89/430] FP   K06087.01      (depth=   5259 ppm) ... OK  (13s, p_dip=-0.0043, s_dip=-0.0043, oe_amp=0.0005)
  [ 90/430] FP   K00026.01      (depth=   5238 ppm) ... OK  (4s, p_dip=-0.0046, s_dip=-0.0046, oe_amp=0.0001)
  [ 91/430] FP   K00136.01      (depth=   5144 ppm) ... OK  (7s, p_dip=-0.0020, s_dip=-0.0020, oe_amp=0.0005)
  [ 92/430] FP   K04089.01      (depth=   5134 ppm) ... OK  (4s, p_dip=-0.0044, s_dip=-0.0044, oe_amp=0.0004)
  [ 93/430] FP   K03293.01      (depth=   5103 ppm) ... OK  (2s, p_dip=-0.0045, s_dip=-0.0045, oe_amp=0.0005)
  [ 94/430] FP   K01285.01      (depth=   5080 ppm) ... OK  (3s, p_dip=-0.0045, s_dip=-0.0045, oe_amp=0.0003)
  [ 95/430] FP   K03622.01      (depth=   5025 ppm) ... OK  (3s, p_dip=-0.0032, s_dip=-0.0032, oe_amp=0.0002)
  [ 96/430] FP   K06235.01      (depth=   5021 ppm) ... OK  (3s, p_dip=-0.0050, s_dip=-0.0050, oe_amp=0.0008)
  [ 97/430] FP   K01088.01      (depth=   4994 ppm) ... OK  (8s, p_dip=-0.0050, s_dip=-0.0050, oe_amp=0.0002)
  [ 98/430] FP   K01090.01      (depth=   4952 ppm) ... OK  (8s, p_dip=-0.0012, s_dip=-0.0012, oe_amp=0.0001)
  [ 99/430] FP   K08103.01      (depth=   4929 ppm) ... OK  (8s, p_dip=-0.0071, s_dip=-0.0071, oe_amp=0.0002)
  [100/430] FP   K07374.01      (depth=   4880 ppm) ... OK  (2s, p_dip=-0.0047, s_dip=-0.0047, oe_amp=0.0015)
  [101/430] FP   K00407.01      (depth=   4872 ppm) ... OK  (8s, p_dip=-0.0050, s_dip=-0.0050, oe_amp=0.0002)
  [102/430] FP   K03314.01      (depth=   4857 ppm) ... OK  (5s, p_dip=-0.0318, s_dip=-0.0318, oe_amp=0.0011)
  [103/430] FP   K06114.01      (depth=   4856 ppm) ... OK  (3s, p_dip=-0.0003, s_dip=-0.0003, oe_amp=0.0001)
  [104/430] FP   K01182.01      (depth=   4844 ppm) ... OK  (2s, p_dip=-0.0037, s_dip=-0.0037, oe_amp=0.0002)
  [105/430] FP   K01794.01      (depth=   4843 ppm) ... OK  (8s, p_dip=-0.0051, s_dip=-0.0051, oe_amp=0.0007)
  [106/430] FP   K00230.01      (depth=   4787 ppm) ... OK  (2s, p_dip=-0.0043, s_dip=-0.0043, oe_amp=0.0006)
  [107/430] FP   K01453.01      (depth=   4786 ppm) ... OK  (8s, p_dip=-0.0032, s_dip=-0.0032, oe_amp=0.0005)
  [108/430] FP   K04118.01      (depth=   4775 ppm) ... OK  (5s, p_dip=-0.0041, s_dip=-0.0041, oe_amp=0.0006)
  [109/430] FP   K06627.01      (depth=   4760 ppm) ... OK  (2s, p_dip=-0.0043, s_dip=-0.0043, oe_amp=0.0030)
  [110/430] FP   K01075.01      (depth=   4703 ppm) ... OK  (7s, p_dip=-0.0050, s_dip=-0.0050, oe_amp=0.0001)
  [111/430] FP   K08090.01      (depth=   4692 ppm) ... OK  (8s, p_dip=-0.0039, s_dip=-0.0039, oe_amp=0.0007)
  [112/430] FP   K01289.01      (depth=   4676 ppm) ... OK  (3s, p_dip=-0.0048, s_dip=-0.0048, oe_amp=0.0003)
  [113/430] FP   K05168.01      (depth=   4659 ppm) ... OK  (8s, p_dip=-0.0041, s_dip=-0.0041, oe_amp=0.0017)
  [114/430] FP   K06098.01      (depth=   4658 ppm) ... OK  (8s, p_dip=-0.0045, s_dip=-0.0045, oe_amp=0.0001)
  [115/430] FP   K00609.01      (depth=   4577 ppm) ... OK  (2s, p_dip=-0.0038, s_dip=-0.0038, oe_amp=0.0004)
  [116/430] FP   K01644.01      (depth=   4572 ppm) ... OK  (6s, p_dip=-0.0040, s_dip=-0.0040, oe_amp=0.0069)
  [117/430] FP   K01459.01      (depth=   4518 ppm) ... OK  (8s, p_dip=-0.0046, s_dip=-0.0046, oe_amp=0.0006)
  [118/430] FP   K00969.01      (depth=   4512 ppm) ... OK  (2s, p_dip=-0.0006, s_dip=-0.0006, oe_amp=0.0001)
  [119/430] FP   K00133.01      (depth=   4399 ppm) ... OK  (3s, p_dip=-0.0045, s_dip=-0.0045, oe_amp=0.0002)
  [120/430] FP   K05427.01      (depth=   4398 ppm) ... OK  (8s, p_dip=-0.0050, s_dip=-0.0050, oe_amp=0.0012)
  [121/430] FP   K06234.01      (depth=   4391 ppm) ... OK  (2s, p_dip=-0.0044, s_dip=-0.0044, oe_amp=0.0001)
  [122/430] FP   K00848.01      (depth=   4357 ppm) ... OK  (7s, p_dip=-0.0040, s_dip=-0.0040, oe_amp=0.0002)
  [123/430] FP   K00043.01      (depth=   4304 ppm) ... OK  (11s, p_dip=-0.0035, s_dip=-0.0035, oe_amp=0.0006)
  [124/430] FP   K00410.01      (depth=   4284 ppm) ... OK  (3s, p_dip=-0.0029, s_dip=-0.0029, oe_amp=0.0001)
  [125/430] FP   K01293.01      (depth=   4201 ppm) ... OK  (7s, p_dip=-0.0018, s_dip=-0.0018, oe_amp=0.0003)
  [126/430] FP   K06498.01      (depth=   4185 ppm) ... OK  (7s, p_dip=-0.0039, s_dip=-0.0039, oe_amp=0.0003)
  [127/430] FP   K06661.01      (depth=   4174 ppm) ... OK  (3s, p_dip=-0.0035, s_dip=-0.0035, oe_amp=0.0001)
  [128/430] FP   K00909.01      (depth=   4148 ppm) ... OK  (8s, p_dip=-0.0020, s_dip=-0.0020, oe_amp=0.0005)
  [129/430] FP   K07161.01      (depth=   4143 ppm) ... OK  (9s, p_dip=-0.0038, s_dip=-0.0038, oe_amp=0.0001)
  [130/430] FP   K03291.01      (depth=   4094 ppm) ... OK  (3s, p_dip=-0.0114, s_dip=-0.0114, oe_amp=0.0002)
  [131/430] FP   K00699.01      (depth=   4080 ppm) ... OK  (8s, p_dip=-0.0058, s_dip=-0.0058, oe_amp=0.0002)
  [132/430] FP   K02671.02      (depth=   3859 ppm) ... OK  (5s, p_dip=-0.0134, s_dip=-0.0134, oe_amp=0.0112)
  [133/430] FP   K06044.01      (depth=   3856 ppm) ... OK  (3s, p_dip=-0.0030, s_dip=-0.0030, oe_amp=0.0003)
  [134/430] FP   K03804.01      (depth=   3836 ppm) ... OK  (1s, p_dip=-0.0030, s_dip=-0.0030, oe_amp=0.0005)
  [135/430] FP   K01290.01      (depth=   3823 ppm) ... OK  (3s, p_dip=-0.0041, s_dip=-0.0041, oe_amp=0.0002)
  [136/430] FP   K01798.01      (depth=   3733 ppm) ... OK  (3s, p_dip=-0.0009, s_dip=-0.0009, oe_amp=0.0001)
  [137/430] FP   K00242.01      (depth=   3715 ppm) ... OK  (9s, p_dip=-0.0035, s_dip=-0.0035, oe_amp=0.0002)
  [138/430] FP   K06139.01      (depth=   3670 ppm) ... OK  (4s, p_dip=-0.0037, s_dip=-0.0037, oe_amp=0.0003)
  [139/430] FP   K00024.01      (depth=   3658 ppm) ... OK  (3s, p_dip=-0.0033, s_dip=-0.0033, oe_amp=0.0001)
  [140/430] FP   K07544.02      (depth=   3640 ppm) ... OK  (9s, p_dip=-0.0035, s_dip=-0.0035, oe_amp=0.0002)
  [141/430] FP   K03973.01      (depth=   3621 ppm) ... OK  (8s, p_dip=-0.0022, s_dip=-0.0022, oe_amp=0.0004)
  [142/430] FP   K01460.01      (depth=   3617 ppm) ... OK  (3s, p_dip=-0.0037, s_dip=-0.0037, oe_amp=0.0006)
  [143/430] FP   K01935.01      (depth=   3596 ppm) ... OK  (7s, p_dip=-0.0010, s_dip=-0.0010, oe_amp=0.0003)
  [144/430] FP   K06386.01      (depth=   3591 ppm) ... OK  (7s, p_dip=-0.0033, s_dip=-0.0033, oe_amp=0.0001)
  [145/430] FP   K00236.01      (depth=   3522 ppm) ... OK  (9s, p_dip=-0.0011, s_dip=-0.0011, oe_amp=0.0003)
  [146/430] FP   K03779.01      (depth=   3510 ppm) ... OK  (3s, p_dip=-0.0026, s_dip=-0.0026, oe_amp=0.0001)
  [147/430] FP   K00021.01      (depth=   3457 ppm) ... OK  (9s, p_dip=-0.0031, s_dip=-0.0031, oe_amp=0.0001)
  [148/430] FP   K01256.01      (depth=   3450 ppm) ... OK  (8s, p_dip=-0.0027, s_dip=-0.0027, oe_amp=0.0002)
  [149/430] FP   K05672.01      (depth=   3446 ppm) ... OK  (1s, p_dip=-0.0030, s_dip=-0.0030, oe_amp=0.0024)
  [150/430] FP   K04085.01      (depth=   3426 ppm) ... OK  (2s, p_dip=-0.0027, s_dip=-0.0027, oe_amp=0.0011)
  [151/430] FP   K01350.01      (depth=   3425 ppm) ... OK  (9s, p_dip=-0.0033, s_dip=-0.0033, oe_amp=0.0004)
  [152/430] FP   K06187.01      (depth=   3372 ppm) ... OK  (3s, p_dip=-0.0032, s_dip=-0.0032, oe_amp=0.0002)
  [153/430] FP   K06290.01      (depth=   3367 ppm) ... OK  (8s, p_dip=-0.0031, s_dip=-0.0031, oe_amp=0.0017)
  [154/430] FP   K05403.01      (depth=   3365 ppm) ... OK  (1s, p_dip=-0.0034, s_dip=-0.0034, oe_amp=0.0005)
  [155/430] FP   K06397.01      (depth=   3349 ppm) ... OK  (3s, p_dip=-0.0016, s_dip=-0.0016, oe_amp=0.0027)
  [156/430] FP   K06232.01      (depth=   3289 ppm) ... OK  (7s, p_dip=-0.0027, s_dip=-0.0027, oe_amp=0.0001)
  [157/430] FP   K00737.01      (depth=   3271 ppm) ... OK  (8s, p_dip=-0.0025, s_dip=-0.0025, oe_amp=0.0001)
  [158/430] FP   K00233.01      (depth=   3218 ppm) ... OK  (7s, p_dip=-0.0045, s_dip=-0.0045, oe_amp=0.0004)
  [159/430] FP   K03668.01      (depth=   3160 ppm) ... OK  (8s, p_dip=-0.0028, s_dip=-0.0028, oe_amp=0.0008)
  [160/430] FP   K06061.01      (depth=   3153 ppm) ... OK  (2s, p_dip=-0.0027, s_dip=-0.0027, oe_amp=0.0001)
  [161/430] FP   K05171.01      (depth=   3127 ppm) ... OK  (8s, p_dip=-0.0035, s_dip=-0.0035, oe_amp=0.0005)
  [162/430] FP   K03832.01      (depth=   3122 ppm) ... OK  (7s, p_dip=-0.0011, s_dip=-0.0011, oe_amp=0.0003)
  [163/430] FP   K03457.01      (depth=   3104 ppm) ... OK  (2s, p_dip=-0.0006, s_dip=-0.0006, oe_amp=0.0001)
  [164/430] FP   K03156.02      (depth=   3097 ppm) ... OK  (3s, p_dip=-0.0030, s_dip=-0.0030, oe_amp=0.0007)
  [165/430] FP   K03741.01      (depth=   3090 ppm) ... OK  (3s, p_dip=-0.0032, s_dip=-0.0032, oe_amp=0.0008)
  [166/430] FP   K01262.01      (depth=   3071 ppm) ... OK  (3s, p_dip=-0.0027, s_dip=-0.0027, oe_amp=0.0002)
  [167/430] FP   K06740.01      (depth=   3063 ppm) ... OK  (8s, p_dip=-0.0031, s_dip=-0.0031, oe_amp=0.0013)
  [168/430] FP   K01038.01      (depth=   3040 ppm) ... OK  (7s, p_dip=-0.0017, s_dip=-0.0017, oe_amp=0.0003)
  [169/430] FP   K03161.01      (depth=   3027 ppm) ... OK  (3s, p_dip=-0.0031, s_dip=-0.0031, oe_amp=0.0017)
  [170/430] FP   K06077.01      (depth=   3026 ppm) ... OK  (8s, p_dip=-0.0030, s_dip=-0.0030, oe_amp=0.0008)
  [171/430] FP   K07586.01      (depth=   3025 ppm) ... OK  (8s, p_dip=-0.0018, s_dip=-0.0018, oe_amp=0.0007)
  [172/430] FP   K01156.01      (depth=   3019 ppm) ... OK  (3s, p_dip=-0.0029, s_dip=-0.0029, oe_amp=0.0001)
  [173/430] FP   K03776.01      (depth=   3008 ppm) ... OK  (7s, p_dip=-0.0028, s_dip=-0.0028, oe_amp=0.0003)
  [174/430] FP   K06423.01      (depth=   3001 ppm) ... OK  (7s, p_dip=-0.0032, s_dip=-0.0032, oe_amp=0.0041)
  [175/430] FP   K05564.01      (depth=   3000 ppm) ... OK  (3s, p_dip=-0.0029, s_dip=-0.0029, oe_amp=0.0004)
  [176/430] FP   K01253.01      (depth=   2972 ppm) ... OK  (7s, p_dip=-0.0025, s_dip=-0.0025, oe_amp=0.0008)
  [177/430] FP   K01037.01      (depth=   2969 ppm) ... OK  (8s, p_dip=-0.0025, s_dip=-0.0025, oe_amp=0.0003)
  [178/430] FP   K06585.01      (depth=   2965 ppm) ... OK  (3s, p_dip=-0.0028, s_dip=-0.0028, oe_amp=0.0004)
  [179/430] FP   K00009.01      (depth=   2958 ppm) ... OK  (9s, p_dip=-0.0023, s_dip=-0.0023, oe_amp=0.0001)
  [180/430] FP   K01829.01      (depth=   2941 ppm) ... OK  (3s, p_dip=-0.0005, s_dip=-0.0005, oe_amp=0.0006)
  [181/430] FP   K01155.01      (depth=   2937 ppm) ... OK  (3s, p_dip=-0.0032, s_dip=-0.0032, oe_amp=0.0002)
  [182/430] FP   K05493.01      (depth=   2924 ppm) ... OK  (8s, p_dip=-0.0026, s_dip=-0.0026, oe_amp=0.0001)
  [183/430] FP   K01286.01      (depth=   2900 ppm) ... OK  (7s, p_dip=-0.0028, s_dip=-0.0028, oe_amp=0.0015)
  [184/430] FP   K03294.01      (depth=   2897 ppm) ... OK  (2s, p_dip=-0.0031, s_dip=-0.0031, oe_amp=0.0004)
  [185/430] FP   K06116.01      (depth=   2897 ppm) ... OK  (8s, p_dip=-0.0024, s_dip=-0.0024, oe_amp=0.0003)
  [186/430] FP   K03667.01      (depth=   2830 ppm) ... OK  (8s, p_dip=-0.0016, s_dip=-0.0016, oe_amp=0.0001)
  [187/430] FP   K00019.01      (depth=   2807 ppm) ... OK  (3s, p_dip=-0.0027, s_dip=-0.0027, oe_amp=0.0002)
  [188/430] FP   K07654.01      (depth=   2801 ppm) ... OK  (1s, p_dip=-0.0033, s_dip=-0.0033, oe_amp=0.0024)
  [189/430] FP   K06563.01      (depth=   2798 ppm) ... OK  (7s, p_dip=-0.0016, s_dip=-0.0016, oe_amp=0.0007)
  [190/430] FP   K03993.01      (depth=   2797 ppm) ... OK  (2s, p_dip=-0.0029, s_dip=-0.0029, oe_amp=0.0005)
  [191/430] FP   K01181.01      (depth=   2779 ppm) ... OK  (8s, p_dip=-0.0019, s_dip=-0.0019, oe_amp=0.0002)
  [192/430] FP   K01689.01      (depth=   2774 ppm) ... OK  (9s, p_dip=-0.0028, s_dip=-0.0028, oe_amp=0.0026)
  [193/430] FP   K06076.01      (depth=   2750 ppm) ... OK  (6s, p_dip=-0.0029, s_dip=-0.0029, oe_amp=0.0004)
  [194/430] FP   K06554.01      (depth=   2750 ppm) ... OK  (3s, p_dip=-0.0023, s_dip=-0.0023, oe_amp=0.0001)
  [195/430] FP   K01004.01      (depth=   2722 ppm) ... OK  (7s, p_dip=-0.0078, s_dip=-0.0078, oe_amp=0.0066)
  [196/430] FP   K00068.01      (depth=   2714 ppm) ... OK  (3s, p_dip=-0.0024, s_dip=-0.0024, oe_amp=0.0001)
  [197/430] FP   K07152.01      (depth=   2708 ppm) ... OK  (3s, p_dip=-0.0025, s_dip=-0.0025, oe_amp=0.0001)
  [198/430] FP   K01231.01      (depth=   2691 ppm) ... OK  (5s, p_dip=-0.0053, s_dip=-0.0053, oe_amp=0.0063)
  [199/430] FP   K06074.01      (depth=   2673 ppm) ... OK  (7s, p_dip=-0.0028, s_dip=-0.0028, oe_amp=0.0005)
  [200/430] FP   K06614.01      (depth=   2672 ppm) ... OK  (3s, p_dip=-0.0025, s_dip=-0.0025, oe_amp=0.0001)
  [201/430] FP   K01550.01      (depth=   2658 ppm) ... OK  (8s, p_dip=-0.0027, s_dip=-0.0027, oe_amp=0.0001)
  [202/430] FP   K02573.01      (depth=   2652 ppm) ... OK  (7s, p_dip=-0.0027, s_dip=-0.0027, oe_amp=0.0003)
  [203/430] FP   K03879.01      (depth=   2652 ppm) ... OK  (3s, p_dip=-0.0020, s_dip=-0.0020, oe_amp=0.0002)
  [204/430] FP   K01392.01      (depth=   2648 ppm) ... OK  (7s, p_dip=-0.0026, s_dip=-0.0026, oe_amp=0.0003)
  [205/430] FP   K03845.01      (depth=   2618 ppm) ... OK  (8s, p_dip=-0.0006, s_dip=-0.0006, oe_amp=0.0006)
  [206/430] FP   K05323.01      (depth=   2569 ppm) ... OK  (3s, p_dip=-0.0024, s_dip=-0.0024, oe_amp=0.0002)
  [207/430] FP   K06174.01      (depth=   2560 ppm) ... OK  (8s, p_dip=-0.0002, s_dip=-0.0002, oe_amp=0.0001)
  [208/430] FP   K01184.01      (depth=   2547 ppm) ... OK  (8s, p_dip=-0.0028, s_dip=-0.0028, oe_amp=0.0004)
  [209/430] FP   K03976.01      (depth=   2534 ppm) ... OK  (2s, p_dip=-0.0026, s_dip=-0.0026, oe_amp=0.0002)
  [210/430] FP   K06054.01      (depth=   2534 ppm) ... OK  (4s, p_dip=-0.0027, s_dip=-0.0027, oe_amp=0.0005)
  [211/430] FP   K07529.01      (depth=   2486 ppm) ... OK  (8s, p_dip=-0.0026, s_dip=-0.0026, oe_amp=0.0002)
  [212/430] FP   K00225.01      (depth=   2482 ppm) ... OK  (2s, p_dip=-0.0025, s_dip=-0.0025, oe_amp=0.0005)
  [213/430] FP   K07425.01      (depth=   2477 ppm) ... OK  (9s, p_dip=-0.0024, s_dip=-0.0024, oe_amp=0.0001)
  [214/430] FP   K01122.01      (depth=   2468 ppm) ... OK  (8s, p_dip=-0.0022, s_dip=-0.0022, oe_amp=0.0002)
  [215/430] FP   K00833.01      (depth=   2454 ppm) ... OK  (2s, p_dip=-0.0023, s_dip=-0.0023, oe_amp=0.0002)
  [216/430] FP   K06533.01      (depth=   2434 ppm) ... OK  (9s, p_dip=-0.0001, s_dip=-0.0001, oe_amp=0.0002)
  [217/430] FP   K05995.01      (depth=   2417 ppm) ... OK  (7s, p_dip=-0.0023, s_dip=-0.0023, oe_amp=0.0001)
  [218/430] FP   K03405.01      (depth=   2388 ppm) ... OK  (3s, p_dip=-0.0005, s_dip=-0.0005, oe_amp=0.0003)
  [219/430] FP   K04049.01      (depth=   2381 ppm) ... OK  (7s, p_dip=-0.0024, s_dip=-0.0024, oe_amp=0.0002)
  [220/430] FP   K06284.01      (depth=   2374 ppm) ... OK  (8s, p_dip=-0.0021, s_dip=-0.0021, oe_amp=0.0004)
  [221/430] FP   K06165.01      (depth=   2373 ppm) ... OK  (3s, p_dip=-0.0021, s_dip=-0.0021, oe_amp=0.0004)
  [222/430] FP   K06434.01      (depth=   2364 ppm) ... OK  (7s, p_dip=-0.0026, s_dip=-0.0026, oe_amp=0.0016)
  [223/430] FP   K07943.01      (depth=   2359 ppm) ... OK  (2s, p_dip=-0.0030, s_dip=-0.0030, oe_amp=0.0023)
  [224/430] FP   K03276.01      (depth=   2340 ppm) ... OK  (2s, p_dip=-0.0026, s_dip=-0.0026, oe_amp=0.0002)
  [225/430] FP   K07143.01      (depth=   2337 ppm) ... OK  (9s, p_dip=-0.0020, s_dip=-0.0020, oe_amp=0.0003)
  [226/430] FP   K03869.01      (depth=   2336 ppm) ... OK  (9s, p_dip=-0.0021, s_dip=-0.0021, oe_amp=0.0007)
  [227/430] FP   K08190.01      (depth=   2320 ppm) ... OK  (2s, p_dip=-0.0022, s_dip=-0.0022, oe_amp=0.0002)
  [228/430] FP   K03646.02      (depth=   2313 ppm) ... OK  (5s, p_dip=-0.0021, s_dip=-0.0021, oe_amp=0.0003)
  [229/430] FP   K03947.02      (depth=   2311 ppm) ... OK  (3s, p_dip=-0.0035, s_dip=-0.0035, oe_amp=0.0014)
  [230/430] FP   K03947.01      (depth=   2299 ppm) ... OK  (2s, p_dip=-0.0023, s_dip=-0.0023, oe_amp=0.0005)
  [231/430] FP   K01991.01      (depth=   2282 ppm) ... OK  (7s, p_dip=-0.0006, s_dip=-0.0006, oe_amp=0.0003)
  [232/430] FP   K00608.01      (depth=   2279 ppm) ... OK  (8s, p_dip=-0.0019, s_dip=-0.0019, oe_amp=0.0004)
  [233/430] FP   K00143.01      (depth=   2250 ppm) ... OK  (2s, p_dip=-0.0013, s_dip=-0.0013, oe_amp=0.0001)
  [234/430] FP   K07198.01      (depth=   2237 ppm) ... OK  (8s, p_dip=-0.0022, s_dip=-0.0022, oe_amp=0.0001)
  [235/430] FP   K03837.01      (depth=   2234 ppm) ... OK  (1s, p_dip=-0.0019, s_dip=-0.0019, oe_amp=0.0003)
  [236/430] FP   K03725.01      (depth=   2213 ppm) ... OK  (3s, p_dip=-0.0030, s_dip=-0.0030, oe_amp=0.0017)
  [237/430] FP   K00770.01      (depth=   2212 ppm) ... OK  (8s, p_dip=-0.0022, s_dip=-0.0022, oe_amp=0.0001)
  [238/430] FP   K07781.01      (depth=   2209 ppm) ... OK  (7s, p_dip=-0.0022, s_dip=-0.0022, oe_amp=0.0002)
  [239/430] FP   K01419.01      (depth=   2204 ppm) ... OK  (6s, p_dip=-0.0021, s_dip=-0.0021, oe_amp=0.0005)
  [240/430] FP   K07866.01      (depth=   2196 ppm) ... OK  (1s, p_dip=-0.0021, s_dip=-0.0021, oe_amp=0.0002)
  [241/430] FP   K03813.01      (depth=   2184 ppm) ... OK  (1s, p_dip=-0.0022, s_dip=-0.0022, oe_amp=0.0002)
  [242/430] FP   K02685.01      (depth=   2154 ppm) ... OK  (5s, p_dip=-0.0018, s_dip=-0.0018, oe_amp=0.0004)
  [243/430] FP   K05999.01      (depth=   2139 ppm) ... OK  (2s, p_dip=-0.0018, s_dip=-0.0018, oe_amp=0.0002)
  [244/430] FP   K01087.01      (depth=   2133 ppm) ... OK  (9s, p_dip=-0.0019, s_dip=-0.0019, oe_amp=0.0001)
  [245/430] FP   K01124.01      (depth=   2124 ppm) ... OK  (8s, p_dip=-0.0024, s_dip=-0.0024, oe_amp=0.0001)
  [246/430] FP   K07373.01      (depth=   2122 ppm) ... OK  (3s, p_dip=-0.0021, s_dip=-0.0021, oe_amp=0.0000)
  [247/430] FP   K00146.01      (depth=   2122 ppm) ... OK  (8s, p_dip=-0.0020, s_dip=-0.0020, oe_amp=0.0001)
  [248/430] FP   K01561.01      (depth=   2121 ppm) ... OK  (6s, p_dip=-0.0014, s_dip=-0.0014, oe_amp=0.0003)
  [249/430] FP   K05947.01      (depth=   2118 ppm) ... OK  (3s, p_dip=-0.0023, s_dip=-0.0023, oe_amp=0.0002)
  [250/430] FP   K04308.01      (depth=   2112 ppm) ... OK  (6s, p_dip=-0.0016, s_dip=-0.0016, oe_amp=0.0002)
  [251/430] FP   K01464.01      (depth=   2105 ppm) ... OK  (7s, p_dip=-0.0009, s_dip=-0.0009, oe_amp=0.0002)
  [252/430] FP   K03939.01      (depth=   2098 ppm) ... OK  (1s, p_dip=-0.0042, s_dip=-0.0042, oe_amp=0.0003)
  [253/430] FP   K05233.01      (depth=   2067 ppm) ... OK  (8s, p_dip=-0.0013, s_dip=-0.0013, oe_amp=0.0004)
  [254/430] FP   K06082.01      (depth=   2064 ppm) ... OK  (8s, p_dip=-0.0021, s_dip=-0.0021, oe_amp=0.0001)
  [255/430] FP   K01237.01      (depth=   2054 ppm) ... OK  (2s, p_dip=-0.0013, s_dip=-0.0013, oe_amp=0.0002)
  [256/430] FP   K01796.01      (depth=   2052 ppm) ... OK  (8s, p_dip=-0.0009, s_dip=-0.0009, oe_amp=0.0001)
  [257/430] FP   K05841.01      (depth=   2046 ppm) ... OK  (9s, p_dip=-0.0010, s_dip=-0.0010, oe_amp=0.0000)
  [258/430] FP   K04228.01      (depth=   2023 ppm) ... OK  (3s, p_dip=-0.0019, s_dip=-0.0019, oe_amp=0.0001)
  [259/430] FP   K06914.01      (depth=   2020 ppm) ... OK  (9s, p_dip=-0.0019, s_dip=-0.0019, oe_amp=0.0001)
  [260/430] FP   K05582.01      (depth=   2020 ppm) ... OK  (2s, p_dip=-0.0024, s_dip=-0.0024, oe_amp=0.0004)
  [261/430] FP   K00996.01      (depth=   2018 ppm) ... OK  (2s, p_dip=-0.0017, s_dip=-0.0017, oe_amp=0.0002)
  [262/430] FP   K00727.01      (depth=   2012 ppm) ... OK  (9s, p_dip=-0.0020, s_dip=-0.0020, oe_amp=0.0003)
  [263/430] FP   K01125.01      (depth=   2010 ppm) ... OK  (7s, p_dip=-0.0017, s_dip=-0.0017, oe_amp=0.0001)
  [264/430] FP   K00729.01      (depth=   2008 ppm) ... OK  (2s, p_dip=-0.0020, s_dip=-0.0020, oe_amp=0.0001)
  [265/430] FP   K01185.01      (depth=   2006 ppm) ... OK  (8s, p_dip=-0.0019, s_dip=-0.0019, oe_amp=0.0001)
  [266/430] FP   K03290.01      (depth=   2004 ppm) ... OK  (6s, p_dip=-0.0087, s_dip=-0.0087, oe_amp=0.0001)
  [267/430] FP   K01187.01      (depth=   1996 ppm) ... OK  (2s, p_dip=-0.0019, s_dip=-0.0019, oe_amp=0.0001)
  [268/430] FP   K00792.01      (depth=   1976 ppm) ... OK  (4s, p_dip=-0.0020, s_dip=-0.0020, oe_amp=0.0007)
  [269/430] FP   K01254.01      (depth=   1974 ppm) ... OK  (8s, p_dip=-0.0018, s_dip=-0.0018, oe_amp=0.0003)
  [270/430] FP   K07214.01      (depth=   1944 ppm) ... OK  (2s, p_dip=-0.0017, s_dip=-0.0017, oe_amp=0.0005)
  [271/430] FP   K06052.01      (depth=   1942 ppm) ... OK  (5s, p_dip=-0.0084, s_dip=-0.0084, oe_amp=0.0008)
  [272/430] FP   K01039.01      (depth=   1927 ppm) ... OK  (6s, p_dip=-0.0020, s_dip=-0.0020, oe_amp=0.0010)
  [273/430] FP   K01183.01      (depth=   1916 ppm) ... OK  (3s, p_dip=-0.0023, s_dip=-0.0023, oe_amp=0.0020)
  [274/430] FP   K01995.01      (depth=   1914 ppm) ... OK  (2s, p_dip=-0.0005, s_dip=-0.0005, oe_amp=0.0001)
  [275/430] FP   K01123.01      (depth=   1907 ppm) ... OK  (8s, p_dip=-0.0019, s_dip=-0.0019, oe_amp=0.0004)
  [276/430] FP   K07306.01      (depth=   1901 ppm) ... OK  (1s, p_dip=-0.0051, s_dip=-0.0051, oe_amp=0.0033)
  [277/430] FP   K03950.01      (depth=   1872 ppm) ... OK  (8s, p_dip=-0.0018, s_dip=-0.0018, oe_amp=0.0002)
  [278/430] FP   K00944.01      (depth=   1868 ppm) ... OK  (8s, p_dip=-0.0018, s_dip=-0.0018, oe_amp=0.0001)
  [279/430] FP   K00634.01      (depth=   1857 ppm) ... OK  (2s, p_dip=-0.0028, s_dip=-0.0028, oe_amp=0.0002)
  [280/430] FP   K03752.01      (depth=   1850 ppm) ... OK  (9s, p_dip=-0.0012, s_dip=-0.0012, oe_amp=0.0001)
  [281/430] FP   K06477.01      (depth=   1841 ppm) ... OK  (8s, p_dip=-0.0015, s_dip=-0.0015, oe_amp=0.0001)
  [282/430] FP   K07717.01      (depth=   1840 ppm) ... OK  (3s, p_dip=-0.0020, s_dip=-0.0020, oe_amp=0.0007)
  [283/430] FP   K00888.01      (depth=   1824 ppm) ... OK  (8s, p_dip=-0.0016, s_dip=-0.0016, oe_amp=0.0005)
  [284/430] FP   K08080.01      (depth=   1813 ppm) ... OK  (8s, p_dip=-0.0016, s_dip=-0.0016, oe_amp=0.0002)
  [285/430] FP   K00381.01      (depth=   1807 ppm) ... OK  (2s, p_dip=-0.0020, s_dip=-0.0020, oe_amp=0.0001)
  [286/430] FP   K06727.01      (depth=   1773 ppm) ... OK  (8s, p_dip=-0.0002, s_dip=-0.0002, oe_amp=0.0002)
  [287/430] FP   K05460.01      (depth=   1741 ppm) ... OK  (1s, p_dip=-0.0018, s_dip=-0.0018, oe_amp=0.0003)
  [288/430] FP   K03812.01      (depth=   1733 ppm) ... OK  (1s, p_dip=-0.0019, s_dip=-0.0019, oe_amp=0.0003)
  [289/430] FP   K01157.01      (depth=   1718 ppm) ... OK  (3s, p_dip=-0.0016, s_dip=-0.0016, oe_amp=0.0001)
  [290/430] FP   K07963.01      (depth=   1706 ppm) ... OK  (2s, p_dip=-0.0019, s_dip=-0.0019, oe_amp=0.0014)
  [291/430] FP   K00930.01      (depth=   1695 ppm) ... OK  (8s, p_dip=-0.0017, s_dip=-0.0017, oe_amp=0.0001)
  [292/430] FP   K00905.01      (depth=   1693 ppm) ... OK  (2s, p_dip=-0.0016, s_dip=-0.0016, oe_amp=0.0001)
  [293/430] FP   K03826.01      (depth=   1688 ppm) ... OK  (7s, p_dip=-0.0020, s_dip=-0.0020, oe_amp=0.0007)
  [294/430] FP   K03338.01      (depth=   1686 ppm) ... OK  (9s, p_dip=-0.0028, s_dip=-0.0028, oe_amp=0.0000)
  [295/430] FP   K06625.01      (depth=   1684 ppm) ... OK  (2s, p_dip=-0.0014, s_dip=-0.0014, oe_amp=0.0003)
  [296/430] FP   K03903.01      (depth=   1680 ppm) ... OK  (7s, p_dip=-0.0011, s_dip=-0.0011, oe_amp=0.0002)
  [297/430] FP   K02701.01      (depth=   1670 ppm) ... OK  (9s, p_dip=-0.0007, s_dip=-0.0007, oe_amp=0.0007)
  [298/430] FP   K07005.01      (depth=   1664 ppm) ... OK  (1s, p_dip=-0.0020, s_dip=-0.0020, oe_amp=0.0013)
  [299/430] FP   K03273.01      (depth=   1661 ppm) ... OK  (9s, p_dip=-0.0007, s_dip=-0.0007, oe_amp=0.0002)
  [300/430] FP   K05463.01      (depth=   1661 ppm) ... OK  (1s, p_dip=-0.0016, s_dip=-0.0016, oe_amp=0.0007)
  [301/430] FP   K04560.01      (depth=   1653 ppm) ... OK  (2s, p_dip=-0.0013, s_dip=-0.0013, oe_amp=0.0001)
  [302/430] FP   K03850.01      (depth=   1651 ppm) ... OK  (9s, p_dip=-0.0016, s_dip=-0.0016, oe_amp=0.0003)
  [303/430] FP   K03802.01      (depth=   1651 ppm) ... OK  (7s, p_dip=-0.0015, s_dip=-0.0015, oe_amp=0.0001)
  [304/430] FP   K06879.01      (depth=   1644 ppm) ... OK  (2s, p_dip=-0.0016, s_dip=-0.0016, oe_amp=0.0011)
  [305/430] FP   K03074.01      (depth=   1632 ppm) ... OK  (1s, p_dip=-0.0017, s_dip=-0.0017, oe_amp=0.0010)
  [306/430] FP   K06021.01      (depth=   1627 ppm) ... OK  (9s, p_dip=-0.0009, s_dip=-0.0009, oe_amp=0.0002)
  [307/430] FP   K00799.01      (depth=   1621 ppm) ... OK  (3s, p_dip=-0.0016, s_dip=-0.0016, oe_amp=0.0002)
  [308/430] FP   K00081.01      (depth=   1612 ppm) ... OK  (9s, p_dip=-0.0050, s_dip=-0.0050, oe_amp=0.0002)
  [309/430] FP   K00894.01      (depth=   1591 ppm) ... OK  (8s, p_dip=-0.0020, s_dip=-0.0020, oe_amp=0.0009)
  [310/430] FP   K03853.01      (depth=   1584 ppm) ... OK  (2s, p_dip=-0.0007, s_dip=-0.0007, oe_amp=0.0003)
  [311/430] FP   K07414.01      (depth=   1582 ppm) ... OK  (7s, p_dip=-0.0095, s_dip=-0.0095, oe_amp=0.0000)
  [312/430] FP   K04043.01      (depth=   1582 ppm) ... OK  (7s, p_dip=-0.0003, s_dip=-0.0003, oe_amp=0.0001)
  [313/430] FP   K07985.01      (depth=   1579 ppm) ... OK  (2s, p_dip=-0.0015, s_dip=-0.0015, oe_amp=0.0001)
  [314/430] FP   K03822.01      (depth=   1573 ppm) ... OK  (8s, p_dip=-0.0016, s_dip=-0.0016, oe_amp=0.0002)
  [315/430] FP   K00690.01      (depth=   1570 ppm) ... OK  (9s, p_dip=-0.0015, s_dip=-0.0015, oe_amp=0.0007)
  [316/430] FP   K00515.01      (depth=   1549 ppm) ... OK  (3s, p_dip=-0.0007, s_dip=-0.0007, oe_amp=0.0000)
  [317/430] FP   K04629.01      (depth=   1546 ppm) ... OK  (7s, p_dip=-0.0013, s_dip=-0.0013, oe_amp=0.0002)
  [318/430] FP   K02128.01      (depth=   1540 ppm) ... OK  (7s, p_dip=-0.0006, s_dip=-0.0006, oe_amp=0.0003)
  [319/430] FP   K01469.01      (depth=   1534 ppm) ... OK  (2s, p_dip=-0.0015, s_dip=-0.0015, oe_amp=0.0002)
  [320/430] FP   K06665.01      (depth=   1531 ppm) ... OK  (8s, p_dip=-0.0014, s_dip=-0.0014, oe_amp=0.0001)
  [321/430] FP   K00731.01      (depth=   1527 ppm) ... OK  (2s, p_dip=-0.0014, s_dip=-0.0014, oe_amp=0.0002)
  [322/430] FP   K03914.01      (depth=   1523 ppm) ... OK  (3s, p_dip=-0.0014, s_dip=-0.0014, oe_amp=0.0003)
  [323/430] FP   K07524.01      (depth=   1520 ppm) ... OK  (9s, p_dip=-0.0014, s_dip=-0.0014, oe_amp=0.0001)
  [324/430] FP   K05495.01      (depth=   1515 ppm) ... OK  (9s, p_dip=-0.0014, s_dip=-0.0014, oe_amp=0.0003)
  [325/430] FP   K01292.01      (depth=   1502 ppm) ... OK  (3s, p_dip=-0.0014, s_dip=-0.0014, oe_amp=0.0009)
  [326/430] FP   K01948.01      (depth=   1493 ppm) ... OK  (8s, p_dip=-0.0010, s_dip=-0.0010, oe_amp=0.0009)
  [327/430] FP   K03921.01      (depth=   1478 ppm) ... OK  (7s, p_dip=-0.0013, s_dip=-0.0013, oe_amp=0.0001)
  [328/430] FP   K00603.01      (depth=   1476 ppm) ... OK  (3s, p_dip=-0.0013, s_dip=-0.0013, oe_amp=0.0008)
  [329/430] FP   K00258.01      (depth=   1472 ppm) ... OK  (7s, p_dip=-0.0012, s_dip=-0.0012, oe_amp=0.0001)
  [330/430] FP   K03338.02      (depth=   1457 ppm) ... OK  (2s, p_dip=-0.0028, s_dip=-0.0028, oe_amp=0.0001)
  [331/430] FP   K01638.01      (depth=   1455 ppm) ... OK  (2s, p_dip=-0.0013, s_dip=-0.0013, oe_amp=0.0001)
  [332/430] FP   K00957.01      (depth=   1444 ppm) ... OK  (8s, p_dip=-0.0015, s_dip=-0.0015, oe_amp=0.0002)
  [333/430] FP   K02993.01      (depth=   1434 ppm) ... OK  (8s, p_dip=-0.0014, s_dip=-0.0014, oe_amp=0.0003)
  [334/430] FP   K01468.01      (depth=   1427 ppm) ... OK  (7s, p_dip=-0.0013, s_dip=-0.0013, oe_amp=0.0001)
  [335/430] FP   K03785.01      (depth=   1413 ppm) ... OK  (2s, p_dip=-0.0010, s_dip=-0.0010, oe_amp=0.0001)
  [336/430] FP   K03852.01      (depth=   1392 ppm) ... OK  (3s, p_dip=-0.0019, s_dip=-0.0019, oe_amp=0.0012)
  [337/430] FP   K03854.01      (depth=   1391 ppm) ... OK  (9s, p_dip=-0.0014, s_dip=-0.0014, oe_amp=0.0007)
  [338/430] FP   K01812.01      (depth=   1384 ppm) ... OK  (2s, p_dip=-0.0014, s_dip=-0.0014, oe_amp=0.0002)
  [339/430] FP   K05111.01      (depth=   1382 ppm) ... OK  (9s, p_dip=-0.0014, s_dip=-0.0014, oe_amp=0.0001)
  [340/430] FP   K01324.01      (depth=   1381 ppm) ... OK  (8s, p_dip=-0.0014, s_dip=-0.0014, oe_amp=0.0007)
  [341/430] FP   K02599.01      (depth=   1380 ppm) ... OK  (4s, p_dip=-0.0009, s_dip=-0.0009, oe_amp=0.0001)
  [342/430] FP   K03861.01      (depth=   1370 ppm) ... OK  (8s, p_dip=-0.0012, s_dip=-0.0012, oe_amp=0.0009)
  [343/430] FP   K03798.01      (depth=   1357 ppm) ... OK  (8s, p_dip=-0.0009, s_dip=-0.0009, oe_amp=0.0002)
  [344/430] FP   K07855.01      (depth=   1350 ppm) ... OK  (1s, p_dip=-0.0004, s_dip=-0.0004, oe_amp=0.0005)
  [345/430] FP   K00977.01      (depth=   1349 ppm) ... OK  (8s, p_dip=-0.0013, s_dip=-0.0013, oe_amp=0.0004)
  [346/430] FP   K03874.01      (depth=   1346 ppm) ... OK  (7s, p_dip=-0.0012, s_dip=-0.0012, oe_amp=0.0001)
  [347/430] FP   K01135.01      (depth=   1346 ppm) ... OK  (2s, p_dip=-0.0012, s_dip=-0.0012, oe_amp=0.0002)
  [348/430] FP   K04041.01      (depth=   1344 ppm) ... OK  (9s, p_dip=-0.0010, s_dip=-0.0010, oe_amp=0.0002)
  [349/430] FP   K05906.01      (depth=   1344 ppm) ... OK  (8s, p_dip=-0.0013, s_dip=-0.0013, oe_amp=0.0000)
  [350/430] FP   K00828.01      (depth=   1339 ppm) ... OK  (3s, p_dip=-0.0012, s_dip=-0.0012, oe_amp=0.0002)
  [351/430] FP   K05717.01      (depth=   1335 ppm) ... OK  (2s, p_dip=-0.0022, s_dip=-0.0022, oe_amp=0.0017)
  [352/430] FP   K06181.01      (depth=   1326 ppm) ... OK  (2s, p_dip=-0.0010, s_dip=-0.0010, oe_amp=0.0002)
  [353/430] FP   K00983.02      (depth=   1325 ppm) ... OK  (2s, p_dip=-0.0012, s_dip=-0.0012, oe_amp=0.0002)
  [354/430] FP   K06391.01      (depth=   1322 ppm) ... OK  (8s, p_dip=-0.0011, s_dip=-0.0011, oe_amp=0.0010)
  [355/430] FP   K01352.01      (depth=   1319 ppm) ... OK  (7s, p_dip=-0.0013, s_dip=-0.0013, oe_amp=0.0002)
  [356/430] FP   K03836.01      (depth=   1317 ppm) ... OK  (2s, p_dip=-0.0013, s_dip=-0.0013, oe_amp=0.0002)
  [357/430] FP   K03388.01      (depth=   1312 ppm) ... OK  (7s, p_dip=-0.0014, s_dip=-0.0014, oe_amp=0.0002)
  [358/430] FP   K02054.01      (depth=   1299 ppm) ... OK  (11s, p_dip=-0.0005, s_dip=-0.0005, oe_amp=0.0001)
  [359/430] FP   K01040.01      (depth=   1298 ppm) ... OK  (2s, p_dip=-0.0016, s_dip=-0.0016, oe_amp=0.0001)
  [360/430] FP   K00403.01      (depth=   1294 ppm) ... OK  (8s, p_dip=-0.0002, s_dip=-0.0002, oe_amp=0.0001)
  [361/430] FP   K00529.01      (depth=   1289 ppm) ... OK  (9s, p_dip=-0.0013, s_dip=-0.0013, oe_amp=0.0001)
  [362/430] FP   K01896.01      (depth=   1287 ppm) ... OK  (2s, p_dip=-0.0014, s_dip=-0.0014, oe_amp=0.0008)
  [363/430] FP   K05414.01      (depth=   1282 ppm) ... OK  (9s, p_dip=-0.0010, s_dip=-0.0010, oe_amp=0.0002)
  [364/430] FP   K00946.01      (depth=   1273 ppm) ... OK  (7s, p_dip=-0.0004, s_dip=-0.0004, oe_amp=0.0004)
  [365/430] FP   K05754.01      (depth=   1273 ppm) ... OK  (3s, p_dip=-0.0012, s_dip=-0.0012, oe_amp=0.0000)
  [366/430] FP   K00836.01      (depth=   1268 ppm) ... OK  (7s, p_dip=-0.0013, s_dip=-0.0013, oe_amp=0.0006)
  [367/430] FP   K07747.01      (depth=   1243 ppm) ... OK  (2s, p_dip=-0.0015, s_dip=-0.0015, oe_amp=0.0001)
  [368/430] FP   K06204.01      (depth=   1240 ppm) ... OK  (2s, p_dip=-0.0012, s_dip=-0.0012, oe_amp=0.0001)
  [369/430] FP   K03920.01      (depth=   1235 ppm) ... OK  (8s, p_dip=-0.0008, s_dip=-0.0008, oe_amp=0.0002)
  [370/430] FP   K03926.01      (depth=   1231 ppm) ... OK  (8s, p_dip=-0.0011, s_dip=-0.0011, oe_amp=0.0002)
  [371/430] FP   K03502.01      (depth=   1230 ppm) ... OK  (2s, p_dip=-0.0011, s_dip=-0.0011, oe_amp=0.0003)
  [372/430] FP   K03778.01      (depth=   1230 ppm) ... OK  (6s, p_dip=-0.0013, s_dip=-0.0013, oe_amp=0.0001)
  [373/430] FP   K01394.01      (depth=   1225 ppm) ... OK  (8s, p_dip=-0.0007, s_dip=-0.0007, oe_amp=0.0001)
  [374/430] FP   K02918.01      (depth=   1224 ppm) ... OK  (2s, p_dip=-0.0012, s_dip=-0.0012, oe_amp=0.0002)
  [375/430] FP   K01068.01      (depth=   1224 ppm) ... OK  (6s, p_dip=-0.0012, s_dip=-0.0012, oe_amp=0.0001)
  [376/430] FP   K04376.01      (depth=   1223 ppm) ... OK  (4s, p_dip=-0.0016, s_dip=-0.0016, oe_amp=0.0013)
  [377/430] FP   K05189.01      (depth=   1221 ppm) ... OK  (2s, p_dip=-0.0010, s_dip=-0.0010, oe_amp=0.0003)
  [378/430] FP   K05032.01      (depth=   1214 ppm) ... OK  (7s, p_dip=-0.0012, s_dip=-0.0012, oe_amp=0.0001)
  [379/430] FP   K03816.01      (depth=   1212 ppm) ... OK  (8s, p_dip=-0.0012, s_dip=-0.0012, oe_amp=0.0001)
  [380/430] FP   K01260.01      (depth=   1210 ppm) ... OK  (2s, p_dip=-0.0023, s_dip=-0.0023, oe_amp=0.0007)
  [381/430] FP   K00705.01      (depth=   1198 ppm) ... OK  (8s, p_dip=-0.0012, s_dip=-0.0012, oe_amp=0.0001)
  [382/430] FP   K03838.01      (depth=   1191 ppm) ... OK  (8s, p_dip=-0.0011, s_dip=-0.0011, oe_amp=0.0001)
  [383/430] FP   K00839.01      (depth=   1178 ppm) ... OK  (2s, p_dip=-0.0010, s_dip=-0.0010, oe_amp=0.0001)
  [384/430] FP   K04062.01      (depth=   1169 ppm) ... OK  (1s, p_dip=-0.0009, s_dip=-0.0009, oe_amp=0.0003)
  [385/430] FP   K03828.01      (depth=   1162 ppm) ... OK  (6s, p_dip=-0.0011, s_dip=-0.0011, oe_amp=0.0001)
  [386/430] FP   K00859.01      (depth=   1160 ppm) ... OK  (8s, p_dip=-0.0010, s_dip=-0.0010, oe_amp=0.0002)
  [387/430] FP   K06549.01      (depth=   1148 ppm) ... OK  (2s, p_dip=-0.0004, s_dip=-0.0004, oe_amp=0.0010)
  [388/430] FP   K00989.02      (depth=   1146 ppm) ... OK  (6s, p_dip=-0.0011, s_dip=-0.0011, oe_amp=0.0002)
  [389/430] FP   K00015.01      (depth=   1138 ppm) ... OK  (7s, p_dip=-0.0011, s_dip=-0.0011, oe_amp=0.0000)
  [390/430] FP   K01233.01      (depth=   1133 ppm) ... OK  (3s, p_dip=-0.0010, s_dip=-0.0010, oe_amp=0.0004)
  [391/430] FP   K03965.01      (depth=   1131 ppm) ... OK  (8s, p_dip=-0.0008, s_dip=-0.0008, oe_amp=0.0001)
  [392/430] FP   K00989.04      (depth=   1128 ppm) ... OK  (1s, p_dip=-0.0009, s_dip=-0.0009, oe_amp=0.0002)
  [393/430] FP   K01575.01      (depth=   1121 ppm) ... OK  (2s, p_dip=-0.0009, s_dip=-0.0009, oe_amp=0.0002)
  [394/430] FP   K04888.01      (depth=   1118 ppm) ... OK  (8s, p_dip=-0.0009, s_dip=-0.0009, oe_amp=0.0001)
  [395/430] FP   K06787.01      (depth=   1118 ppm) ... OK  (9s, p_dip=-0.0008, s_dip=-0.0008, oe_amp=0.0001)
  [396/430] FP   K03774.01      (depth=   1115 ppm) ... OK  (2s, p_dip=-0.0016, s_dip=-0.0016, oe_amp=0.0002)
  [397/430] FP   K02651.01      (depth=   1113 ppm) ... OK  (6s, p_dip=-0.0009, s_dip=-0.0009, oe_amp=0.0004)
  [398/430] FP   K03156.01      (depth=   1112 ppm) ... OK  (2s, p_dip=-0.0012, s_dip=-0.0012, oe_amp=0.0006)
  [399/430] FP   K03064.01      (depth=   1112 ppm) ... OK  (2s, p_dip=-0.0011, s_dip=-0.0011, oe_amp=0.0002)
  [400/430] FP   K01667.01      (depth=   1109 ppm) ... OK  (7s, p_dip=-0.0012, s_dip=-0.0012, oe_amp=0.0005)
  [401/430] FP   K04724.01      (depth=   1107 ppm) ... OK  (2s, p_dip=-0.0006, s_dip=-0.0006, oe_amp=0.0005)
  [402/430] FP   K01484.01      (depth=   1105 ppm) ... OK  (2s, p_dip=-0.0011, s_dip=-0.0011, oe_amp=0.0003)
  [403/430] FP   K01291.01      (depth=   1097 ppm) ... OK  (9s, p_dip=-0.0009, s_dip=-0.0009, oe_amp=0.0001)
  [404/430] FP   K00485.01      (depth=   1089 ppm) ... OK  (9s, p_dip=-0.0007, s_dip=-0.0007, oe_amp=0.0001)
  [405/430] FP   K03803.01      (depth=   1089 ppm) ... OK  (3s, p_dip=-0.0009, s_dip=-0.0009, oe_amp=0.0001)
  [406/430] FP   K01554.01      (depth=   1072 ppm) ... OK  (7s, p_dip=-0.0011, s_dip=-0.0011, oe_amp=0.0002)
  [407/430] FP   K00675.01      (depth=   1059 ppm) ... OK  (7s, p_dip=-0.0011, s_dip=-0.0011, oe_amp=0.0002)
  [408/430] FP   K00995.01      (depth=   1058 ppm) ... OK  (2s, p_dip=-0.0009, s_dip=-0.0009, oe_amp=0.0001)
  [409/430] FP   K01043.01      (depth=   1058 ppm) ... OK  (7s, p_dip=-0.0011, s_dip=-0.0011, oe_amp=0.0012)
  [410/430] FP   K06161.01      (depth=   1056 ppm) ... OK  (8s, p_dip=-0.0008, s_dip=-0.0008, oe_amp=0.0000)
  [411/430] FP   K00726.01      (depth=   1056 ppm) ... OK  (2s, p_dip=-0.0011, s_dip=-0.0011, oe_amp=0.0001)
  [412/430] FP   K03955.01      (depth=   1050 ppm) ... OK  (6s, p_dip=-0.0013, s_dip=-0.0013, oe_amp=0.0004)
  [413/430] FP   K01330.01      (depth=   1048 ppm) ... OK  (8s, p_dip=-0.0010, s_dip=-0.0010, oe_amp=0.0001)
  [414/430] FP   K03289.01      (depth=   1046 ppm) ... OK  (2s, p_dip=-0.0003, s_dip=-0.0003, oe_amp=0.0001)
  [415/430] FP   K07844.01      (depth=   1046 ppm) ... OK  (11s, p_dip=-0.0010, s_dip=-0.0010, oe_amp=0.0003)
  [416/430] FP   K01042.01      (depth=   1039 ppm) ... OK  (8s, p_dip=-0.0009, s_dip=-0.0009, oe_amp=0.0007)
  [417/430] FP   K01140.01      (depth=   1038 ppm) ... OK  (3s, p_dip=-0.0011, s_dip=-0.0011, oe_amp=0.0001)
  [418/430] FP   K00933.01      (depth=   1037 ppm) ... OK  (4s, p_dip=-0.0011, s_dip=-0.0011, oe_amp=0.0002)
  [419/430] FP   K03940.01      (depth=   1032 ppm) ... OK  (6s, p_dip=-0.0006, s_dip=-0.0006, oe_amp=0.0001)
  [420/430] FP   K00932.01      (depth=   1031 ppm) ... OK  (2s, p_dip=-0.0010, s_dip=-0.0010, oe_amp=0.0002)
  [421/430] FP   K04088.01      (depth=   1029 ppm) ... OK  (8s, p_dip=-0.0009, s_dip=-0.0009, oe_amp=0.0001)
  [422/430] FP   K05996.01      (depth=   1029 ppm) ... OK  (6s, p_dip=-0.0010, s_dip=-0.0010, oe_amp=0.0001)
  [423/430] FP   K03915.01      (depth=   1027 ppm) ... OK  (2s, p_dip=-0.0010, s_dip=-0.0010, oe_amp=0.0002)
  [424/430] FP   K02881.01      (depth=   1027 ppm) ... OK  (8s, p_dip=-0.0010, s_dip=-0.0010, oe_amp=0.0001)
  [425/430] FP   K03834.01      (depth=   1022 ppm) ... OK  (9s, p_dip=-0.0010, s_dip=-0.0010, oe_amp=0.0003)
  [426/430] FP   K04294.01      (depth=   1022 ppm) ... OK  (1s, p_dip=-0.0010, s_dip=-0.0010, oe_amp=0.0001)
  [427/430] FP   K03270.01      (depth=   1016 ppm) ... OK  (8s, p_dip=-0.0006, s_dip=-0.0006, oe_amp=0.0002)
  [428/430] FP   K00866.01      (depth=   1014 ppm) ... OK  (8s, p_dip=-0.0009, s_dip=-0.0009, oe_amp=0.0002)
  [429/430] FP   K03934.01      (depth=   1006 ppm) ... OK  (8s, p_dip=-0.0010, s_dip=-0.0010, oe_amp=0.0006)
  [430/430] FP   K07501.01      (depth=   1003 ppm) ... OK  (2s, p_dip=-0.0007, s_dip=-0.0007, oe_amp=0.0002)

Download round: 430 success, 0 failed
Saved dataset to data/kepler_tce_2000.pt
  Phases shape:    torch.Size([1114, 200])
  Primary shape:   torch.Size([1114, 200])
  Secondary shape: torch.Size([1114, 200])
  Odd/even shape:  torch.Size([1114, 200])

Class balance:
  Total TCEs:         1114
  Confirmed planets:  350 (31.4%)
  False positives:    764 (68.6%)
  Recommended pos_weight (FP/confirmed): 2.183
    Use with nn.BCEWithLogitsLoss(pos_weight=torch.tensor(pos_weight))
