Fetching TESS target lists from NASA Exoplanet Archive...
  Archive has 952 confirmed, 880 FP
  Selected 200 confirmed, 200 FP
  [  1/400] CONF TOI-6034.01    (depth=  49904 ppm) ... OK  (10s, p_dip=-0.0425, s_dip=-0.0425, oe_amp=0.0022)
  [  2/400] CONF TOI-4666.01    (depth=  45160 ppm) ... OK  (2s, p_dip=-0.0266, s_dip=-0.0266, oe_amp=0.0029)
  [  3/400] CONF TOI-4469.01    (depth=  37523 ppm) ... OK  (3s, p_dip=-0.0307, s_dip=-0.0307, oe_amp=0.0099)
  [  4/400] CONF TOI-5801.01    (depth=  34537 ppm) ... Warning: 29% (5236/18035) of the cadences will be ignored due to the quality mask (quality_bitmask=17087).
OK  (1s, p_dip=-0.0339, s_dip=-0.0339, oe_amp=0.0016)
  [  5/400] CONF TOI-4570.01    (depth=  32350 ppm) ... OK  (10s, p_dip=-0.0235, s_dip=-0.0235, oe_amp=0.0181)
  [  6/400] CONF TOI-762.01     (depth=  30625 ppm) ... OK  (8s, p_dip=-0.0265, s_dip=-0.0265, oe_amp=0.0032)
  [  7/400] CONF TOI-5970.01    (depth=  28695 ppm) ... OK  (3s, p_dip=-0.0286, s_dip=-0.0286, oe_amp=0.0015)
  [  8/400] CONF TOI-1259.01    (depth=  27022 ppm) ... OK  (35s, p_dip=-0.0266, s_dip=-0.0266, oe_amp=0.0003)
  [  9/400] CONF TOI-656.01     (depth=  25867 ppm) ... OK  (5s, p_dip=-0.0262, s_dip=-0.0262, oe_amp=0.0006)
  [ 10/400] CONF TOI-7683.01    (depth=  25466 ppm) ... OK  (1s, p_dip=-0.0265, s_dip=-0.0265, oe_amp=0.0128)
  [ 11/400] CONF TOI-434.01     (depth=  24965 ppm) ... OK  (3s, p_dip=-0.0140, s_dip=-0.0140, oe_amp=0.0027)
  [ 12/400] CONF TOI-5688.01    (depth=  24090 ppm) ... OK  (4s, p_dip=-0.0206, s_dip=-0.0206, oe_amp=0.0048)
  [ 13/400] CONF TOI-1465.01    (depth=  23730 ppm) ... OK  (20s, p_dip=-0.0210, s_dip=-0.0210, oe_amp=0.0005)
  [ 14/400] CONF TOI-5138.01    (depth=  23043 ppm) ... OK  (3s, p_dip=-0.0227, s_dip=-0.0227, oe_amp=0.0056)
  [ 15/400] CONF TOI-655.01     (depth=  22615 ppm) ... OK  (7s, p_dip=-0.0156, s_dip=-0.0156, oe_amp=0.0034)
  [ 16/400] CONF TOI-1927.01    (depth=  22018 ppm) ... OK  (4s, p_dip=-0.0158, s_dip=-0.0158, oe_amp=0.0026)
  [ 17/400] CONF TOI-2127.01    (depth=  21585 ppm) ... OK  (4s, p_dip=-0.0199, s_dip=-0.0199, oe_amp=0.0019)
  [ 18/400] CONF TOI-750.01     (depth=  21356 ppm) ... OK  (6s, p_dip=-0.0166, s_dip=-0.0166, oe_amp=0.0027)
  [ 19/400] CONF TOI-7067.01    (depth=  21072 ppm) ... OK  (2s, p_dip=-0.0076, s_dip=-0.0076, oe_amp=0.0121)
  [ 20/400] CONF TOI-1227.01    (depth=  20691 ppm) ... OK  (6s, p_dip=-0.0054, s_dip=-0.0054, oe_amp=0.0019)
  [ 21/400] CONF TOI-2464.01    (depth=  19800 ppm) ... OK  (4s, p_dip=-0.0130, s_dip=-0.0130, oe_amp=0.0021)
  [ 22/400] CONF TOI-398.01     (depth=  19428 ppm) ... OK  (2s, p_dip=-0.0192, s_dip=-0.0192, oe_amp=0.0005)
  [ 23/400] CONF TOI-2107.01    (depth=  19250 ppm) ... OK  (3s, p_dip=-0.0148, s_dip=-0.0148, oe_amp=0.0010)
  [ 24/400] CONF TOI-418.01     (depth=  19058 ppm) ... OK  (3s, p_dip=-0.0184, s_dip=-0.0184, oe_amp=0.0010)
  [ 25/400] CONF TOI-2406.01    (depth=  18849 ppm) ... OK  (4s, p_dip=-0.0168, s_dip=-0.0168, oe_amp=0.0042)
  [ 26/400] CONF TOI-3636.01    (depth=  18528 ppm) ... OK  (2s, p_dip=-0.0067, s_dip=-0.0067, oe_amp=0.0063)
  [ 27/400] CONF TOI-1283.01    (depth=  18162 ppm) ... OK  (5s, p_dip=-0.0165, s_dip=-0.0165, oe_amp=0.0003)
  [ 28/400] CONF TOI-2503.01    (depth=  17781 ppm) ... OK  (3s, p_dip=-0.0105, s_dip=-0.0105, oe_amp=0.0048)
  [ 29/400] CONF TOI-423.01     (depth=  17482 ppm) ... OK  (4s, p_dip=-0.0171, s_dip=-0.0171, oe_amp=0.0007)
  [ 30/400] CONF TOI-7057.01    (depth=  17290 ppm) ... OK  (1s, p_dip=-0.0124, s_dip=-0.0124, oe_amp=0.0018)
  [ 31/400] CONF TOI-4454.01    (depth=  17027 ppm) ... OK  (8s, p_dip=-0.0152, s_dip=-0.0152, oe_amp=0.0026)
  [ 32/400] CONF TOI-473.01     (depth=  16876 ppm) ... OK  (5s, p_dip=-0.0129, s_dip=-0.0129, oe_amp=0.0009)
  [ 33/400] CONF TOI-116.01     (depth=  16709 ppm) ... OK  (6s, p_dip=-0.0162, s_dip=-0.0162, oe_amp=0.0006)
  [ 34/400] CONF TOI-474.01     (depth=  16407 ppm) ... OK  (3s, p_dip=-0.0134, s_dip=-0.0134, oe_amp=0.0015)
  [ 35/400] CONF TOI-966.01     (depth=  16294 ppm) ... OK  (3s, p_dip=-0.0053, s_dip=-0.0053, oe_amp=0.0034)
  [ 36/400] CONF TOI-259.01     (depth=  16167 ppm) ... Warning: 30% (5872/19412) of the cadences will be ignored due to the quality mask (quality_bitmask=17087).
OK  (1s, p_dip=-0.0116, s_dip=-0.0116, oe_amp=0.0027)
  [ 37/400] CONF TOI-1151.01    (depth=  15748 ppm) ... OK  (7s, p_dip=-0.0142, s_dip=-0.0142, oe_amp=0.0003)
  [ 38/400] CONF TOI-2570.01    (depth=  15494 ppm) ... OK  (6s, p_dip=-0.0095, s_dip=-0.0095, oe_amp=0.0016)
  [ 39/400] CONF TOI-1725.01    (depth=  15378 ppm) ... OK  (6s, p_dip=-0.0068, s_dip=-0.0068, oe_amp=0.0006)
  [ 40/400] CONF TOI-5673.01    (depth=  15270 ppm) ... Warning: 36% (6057/16999) of the cadences will be ignored due to the quality mask (quality_bitmask=17087).
OK  (1s, p_dip=-0.0122, s_dip=-0.0122, oe_amp=0.0020)
  [ 41/400] CONF TOI-2818.01    (depth=  15110 ppm) ... OK  (2s, p_dip=-0.0073, s_dip=-0.0073, oe_amp=0.0011)
  [ 42/400] CONF TOI-2547.01    (depth=  14975 ppm) ... OK  (7s, p_dip=-0.0091, s_dip=-0.0091, oe_amp=0.0025)
  [ 43/400] CONF TOI-7056.01    (depth=  14780 ppm) ... OK  (2s, p_dip=-0.0107, s_dip=-0.0107, oe_amp=0.0039)
  [ 44/400] CONF TOI-112.01     (depth=  14621 ppm) ... Warning: 30% (5872/19412) of the cadences will be ignored due to the quality mask (quality_bitmask=17087).
OK  (29s, p_dip=-0.0079, s_dip=-0.0079, oe_amp=0.0003)
  [ 45/400] CONF TOI-7512.01    (depth=  14456 ppm) ... OK  (2s, p_dip=-0.0091, s_dip=-0.0091, oe_amp=0.0091)
  [ 46/400] CONF TOI-1910.01    (depth=  14310 ppm) ... OK  (5s, p_dip=-0.0079, s_dip=-0.0079, oe_amp=0.0018)
  [ 47/400] CONF TOI-4521.01    (depth=  14229 ppm) ... OK  (4s, p_dip=-0.0107, s_dip=-0.0107, oe_amp=0.0010)
  [ 48/400] CONF TOI-7491.01    (depth=  14027 ppm) ... OK  (2s, p_dip=-0.0106, s_dip=-0.0106, oe_amp=0.0078)
  [ 49/400] CONF TOI-437.01     (depth=  13852 ppm) ... OK  (6s, p_dip=-0.0119, s_dip=-0.0119, oe_amp=0.0024)
  [ 50/400] CONF TOI-6013.01    (depth=  13770 ppm) ... OK  (3s, p_dip=-0.0082, s_dip=-0.0082, oe_amp=0.0034)
  [ 51/400] CONF TOI-1928.01    (depth=  13639 ppm) ... OK  (4s, p_dip=-0.0022, s_dip=-0.0022, oe_amp=0.0025)
  [ 52/400] CONF TOI-1902.01    (depth=  13450 ppm) ... OK  (7s, p_dip=-0.0118, s_dip=-0.0118, oe_amp=0.0014)
  [ 53/400] CONF TOI-6275.01    (depth=  13271 ppm) ... OK  (5s, p_dip=-0.0057, s_dip=-0.0057, oe_amp=0.0006)
  [ 54/400] CONF TOI-547.01     (depth=  13140 ppm) ... OK  (4s, p_dip=-0.0164, s_dip=-0.0164, oe_amp=0.0027)
  [ 55/400] CONF TOI-2368.01    (depth=  13020 ppm) ... OK  (5s, p_dip=-0.0079, s_dip=-0.0079, oe_amp=0.0016)
  [ 56/400] CONF TOI-6720.01    (depth=  12887 ppm) ... OK  (5s, p_dip=-0.0048, s_dip=-0.0048, oe_amp=0.0032)
  [ 57/400] CONF TOI-501.01     (depth=  12680 ppm) ... OK  (8s, p_dip=-0.0099, s_dip=-0.0099, oe_amp=0.0031)
  [ 58/400] CONF TOI-1883.01    (depth=  12523 ppm) ... OK  (4s, p_dip=-0.0088, s_dip=-0.0088, oe_amp=0.0025)
  [ 59/400] CONF TOI-5672.01    (depth=  12338 ppm) ... Warning: 37% (6262/16999) of the cadences will be ignored due to the quality mask (quality_bitmask=17087).
OK  (2s, p_dip=-0.0105, s_dip=-0.0105, oe_amp=0.0036)
  [ 60/400] CONF TOI-752.01     (depth=  12259 ppm) ... OK  (10s, p_dip=-0.0074, s_dip=-0.0074, oe_amp=0.0004)
  [ 61/400] CONF TOI-111.01     (depth=  12142 ppm) ... OK  (7s, p_dip=-0.0107, s_dip=-0.0107, oe_amp=0.0015)
  [ 62/400] CONF TOI-5685.01    (depth=  12040 ppm) ... Warning: 37% (6212/16999) of the cadences will be ignored due to the quality mask (quality_bitmask=17087).
OK  (1s, p_dip=-0.0064, s_dip=-0.0064, oe_amp=0.0037)
  [ 63/400] CONF TOI-4531.01    (depth=  11930 ppm) ... OK  (5s, p_dip=-0.0072, s_dip=-0.0072, oe_amp=0.0017)
  [ 64/400] CONF TOI-1198.01    (depth=  11794 ppm) ... OK  (6s, p_dip=-0.0060, s_dip=-0.0060, oe_amp=0.0023)
  [ 65/400] CONF TOI-2338.01    (depth=  11530 ppm) ... OK  (4s, p_dip=-0.0032, s_dip=-0.0032, oe_amp=0.0032)
  [ 66/400] CONF TOI-1463.01    (depth=  11427 ppm) ... OK  (4s, p_dip=-0.0059, s_dip=-0.0059, oe_amp=0.0036)
  [ 67/400] CONF TOI-7719.01    (depth=  11305 ppm) ... OK  (2s, p_dip=-0.0094, s_dip=-0.0094, oe_amp=0.0039)
  [ 68/400] CONF TOI-7497.01    (depth=  11253 ppm) ... OK  (1s, p_dip=-0.0056, s_dip=-0.0056, oe_amp=0.0016)
  [ 69/400] CONF TOI-2524.01    (depth=  11192 ppm) ... OK  (5s, p_dip=-0.0066, s_dip=-0.0066, oe_amp=0.0012)
  [ 70/400] CONF TOI-5818.01    (depth=  11140 ppm) ... OK  (3s, p_dip=-0.0066, s_dip=-0.0066, oe_amp=0.0011)
  [ 71/400] CONF TOI-1780.01    (depth=  10980 ppm) ... OK  (6s, p_dip=-0.0103, s_dip=-0.0103, oe_amp=0.0011)
  [ 72/400] CONF TOI-4428.01    (depth=  10888 ppm) ... OK  (6s, p_dip=-0.0086, s_dip=-0.0086, oe_amp=0.0040)
  [ 73/400] CONF TOI-6170.01    (depth=  10819 ppm) ... OK  (1s, p_dip=-0.0082, s_dip=-0.0082, oe_amp=0.0019)
  [ 74/400] CONF TOI-6838.01    (depth=  10693 ppm) ... OK  (1s, p_dip=-0.0093, s_dip=-0.0093, oe_amp=0.0070)
  [ 75/400] CONF TOI-1915.01    (depth=  10585 ppm) ... OK  (5s, p_dip=-0.0061, s_dip=-0.0061, oe_amp=0.0015)
  [ 76/400] CONF TOI-4525.01    (depth=  10361 ppm) ... OK  (3s, p_dip=-0.0066, s_dip=-0.0066, oe_amp=0.0012)
  [ 77/400] CONF TOI-5398.01    (depth=  10290 ppm) ... OK  (1s, p_dip=-0.0019, s_dip=-0.0019, oe_amp=0.0052)
  [ 78/400] CONF TOI-295.01     (depth=  10192 ppm) ... OK  (3s, p_dip=-0.0074, s_dip=-0.0074, oe_amp=0.0011)
  [ 79/400] CONF TOI-2206.01    (depth=  10110 ppm) ... OK  (4s, p_dip=-0.0076, s_dip=-0.0076, oe_amp=0.0008)
  [ 80/400] CONF TOI-559.01     (depth=  10050 ppm) ... OK  (2s, p_dip=-0.0053, s_dip=-0.0053, oe_amp=0.0029)
  [ 81/400] CONF TOI-2580.01    (depth=   9960 ppm) ... OK  (3s, p_dip=-0.0042, s_dip=-0.0042, oe_amp=0.0021)
  [ 82/400] CONF TOI-2176.01    (depth=   9822 ppm) ... OK  (9s, p_dip=-0.0049, s_dip=-0.0049, oe_amp=0.0013)
  [ 83/400] CONF TOI-439.01     (depth=   9748 ppm) ... OK  (4s, p_dip=-0.0056, s_dip=-0.0056, oe_amp=0.0010)
  [ 84/400] CONF TOI-1612.01    (depth=   9597 ppm) ... OK  (11s, p_dip=-0.0082, s_dip=-0.0082, oe_amp=0.0004)
  [ 85/400] CONF TOI-5960.01    (depth=   9491 ppm) ... OK  (2s, p_dip=-0.0089, s_dip=-0.0089, oe_amp=0.0007)
  [ 86/400] CONF TOI-3688.01    (depth=   9406 ppm) ... OK  (2s, p_dip=-0.0063, s_dip=-0.0063, oe_amp=0.0020)
  [ 87/400] CONF TOI-2386.01    (depth=   9248 ppm) ... OK  (1s, p_dip=-0.0076, s_dip=-0.0076, oe_amp=0.0012)
  [ 88/400] CONF TOI-4532.01    (depth=   9178 ppm) ... OK  (3s, p_dip=-0.0048, s_dip=-0.0048, oe_amp=0.0023)
  [ 89/400] CONF TOI-578.01     (depth=   8982 ppm) ... OK  (5s, p_dip=-0.0072, s_dip=-0.0072, oe_amp=0.0011)
  [ 90/400] CONF TOI-1373.01    (depth=   8913 ppm) ... OK  (2s, p_dip=-0.0080, s_dip=-0.0080, oe_amp=0.0004)
  [ 91/400] CONF TOI-7166.01    (depth=   8723 ppm) ... OK  (1s, p_dip=-0.0029, s_dip=-0.0029, oe_amp=0.0027)
  [ 92/400] CONF TOI-2177.01    (depth=   8602 ppm) ... OK  (7s, p_dip=-0.0058, s_dip=-0.0058, oe_amp=0.0017)
  [ 93/400] CONF TOI-6052.01    (depth=   8561 ppm) ... OK  (3s, p_dip=-0.0048, s_dip=-0.0048, oe_amp=0.0030)
  [ 94/400] CONF TOI-1626.01    (depth=   8311 ppm) ... OK  (7s, p_dip=-0.0053, s_dip=-0.0053, oe_amp=0.0008)
  [ 95/400] CONF TOI-2373.01    (depth=   8210 ppm) ... OK  (2s, p_dip=-0.0053, s_dip=-0.0053, oe_amp=0.0023)
  [ 96/400] CONF TOI-1603.01    (depth=   8121 ppm) ... OK  (2s, p_dip=-0.0060, s_dip=-0.0060, oe_amp=0.0012)
  [ 97/400] CONF TOI-574.01     (depth=   8028 ppm) ... OK  (6s, p_dip=-0.0035, s_dip=-0.0035, oe_amp=0.0007)
  [ 98/400] CONF TOI-1295.01    (depth=   7959 ppm) ... OK  (35s, p_dip=-0.0043, s_dip=-0.0043, oe_amp=0.0003)
  [ 99/400] CONF TOI-1855.01    (depth=   7820 ppm) ... Warning: 23% (4253/18126) of the cadences will be ignored due to the quality mask (quality_bitmask=17087).
OK  (2s, p_dip=-0.0062, s_dip=-0.0062, oe_amp=0.0011)
  [100/400] CONF TOI-5086.01    (depth=   7778 ppm) ... OK  (5s, p_dip=-0.0050, s_dip=-0.0050, oe_amp=0.0007)
  [101/400] CONF TOI-4138.01    (depth=   7750 ppm) ... OK  (15s, p_dip=-0.0041, s_dip=-0.0041, oe_amp=0.0007)
  [102/400] CONF TOI-2130.01    (depth=   7641 ppm) ... OK  (5s, p_dip=-0.0039, s_dip=-0.0039, oe_amp=0.0006)
  [103/400] CONF TOI-6015.01    (depth=   7531 ppm) ... OK  (2s, p_dip=-0.0044, s_dip=-0.0044, oe_amp=0.0006)
  [104/400] CONF TOI-628.01     (depth=   7500 ppm) ... OK  (2s, p_dip=-0.0029, s_dip=-0.0029, oe_amp=0.0004)
  [105/400] CONF TOI-640.01     (depth=   7390 ppm) ... OK  (3s, p_dip=-0.0050, s_dip=-0.0050, oe_amp=0.0009)
  [106/400] CONF TOI-4486.01    (depth=   7265 ppm) ... OK  (5s, p_dip=-0.0035, s_dip=-0.0035, oe_amp=0.0003)
  [107/400] CONF TOI-2236.01    (depth=   7230 ppm) ... OK  (5s, p_dip=-0.0039, s_dip=-0.0039, oe_amp=0.0008)
  [108/400] CONF TOI-5959.01    (depth=   7176 ppm) ... OK  (6s, p_dip=-0.0031, s_dip=-0.0031, oe_amp=0.0012)
  [109/400] CONF TOI-483.01     (depth=   7074 ppm) ... OK  (6s, p_dip=-0.0028, s_dip=-0.0028, oe_amp=0.0009)
  [110/400] CONF TOI-4431.01    (depth=   7009 ppm) ... OK  (8s, p_dip=-0.0028, s_dip=-0.0028, oe_amp=0.0011)
  [111/400] CONF TOI-1194.01    (depth=   6911 ppm) ... OK  (9s, p_dip=-0.0042, s_dip=-0.0042, oe_amp=0.0003)
  [112/400] CONF TOI-3568.01    (depth=   6790 ppm) ... OK  (4s, p_dip=-0.0050, s_dip=-0.0050, oe_amp=0.0014)
  [113/400] CONF TOI-3976.01    (depth=   6740 ppm) ... FAIL (2s): No TESS SPOC 2-min light curves for TIC 154293917
  [114/400] CONF TOI-1161.01    (depth=   6650 ppm) ... OK  (12s, p_dip=-0.0046, s_dip=-0.0046, oe_amp=0.0003)
  [115/400] CONF TOI-256.01     (depth=   6560 ppm) ... Warning: 30% (5871/19412) of the cadences will be ignored due to the quality mask (quality_bitmask=17087).
OK  (2s, p_dip=-0.0011, s_dip=-0.0011, oe_amp=0.0005)
  [116/400] CONF TOI-2525.01    (depth=   6474 ppm) ... OK  (26s, p_dip=-0.0009, s_dip=-0.0009, oe_amp=0.0005)
  [117/400] CONF TOI-1904.01    (depth=   6380 ppm) ... OK  (6s, p_dip=-0.0034, s_dip=-0.0034, oe_amp=0.0005)
  [118/400] CONF TOI-5535.01    (depth=   6260 ppm) ... OK  (5s, p_dip=-0.0051, s_dip=-0.0051, oe_amp=0.0047)
  [119/400] CONF TOI-129.01     (depth=   6178 ppm) ... OK  (8s, p_dip=-0.0066, s_dip=-0.0066, oe_amp=0.0002)
  [120/400] CONF TOI-6963.01    (depth=   6132 ppm) ... OK  (6s, p_dip=-0.0017, s_dip=-0.0017, oe_amp=0.0030)
  [121/400] CONF TOI-1885.01    (depth=   6060 ppm) ... OK  (19s, p_dip=-0.0035, s_dip=-0.0035, oe_amp=0.0003)
  [122/400] CONF TOI-5153.01    (depth=   5936 ppm) ... OK  (3s, p_dip=-0.0020, s_dip=-0.0020, oe_amp=0.0015)
  [123/400] CONF TOI-4987.01    (depth=   5850 ppm) ... OK  (3s, p_dip=-0.0032, s_dip=-0.0032, oe_amp=0.0006)
  [124/400] CONF TOI-117.01     (depth=   5729 ppm) ... OK  (6s, p_dip=-0.0034, s_dip=-0.0034, oe_amp=0.0008)
  [125/400] CONF TOI-415.01     (depth=   5684 ppm) ... OK  (5s, p_dip=-0.0036, s_dip=-0.0036, oe_amp=0.0004)
  [126/400] CONF TOI-2604.01    (depth=   5549 ppm) ... OK  (4s, p_dip=-0.0026, s_dip=-0.0026, oe_amp=0.0008)
  [127/400] CONF TOI-1728.01    (depth=   5400 ppm) ... OK  (3s, p_dip=-0.0041, s_dip=-0.0041, oe_amp=0.0006)
  [128/400] CONF TOI-169.01     (depth=   5284 ppm) ... OK  (6s, p_dip=-0.0048, s_dip=-0.0048, oe_amp=0.0004)
  [129/400] CONF TOI-1933.01    (depth=   5012 ppm) ... OK  (2s, p_dip=-0.0020, s_dip=-0.0020, oe_amp=0.0036)
  [130/400] CONF TOI-819.01     (depth=   4950 ppm) ... OK  (7s, p_dip=-0.0028, s_dip=-0.0028, oe_amp=0.0005)
  [131/400] CONF TOI-303.01     (depth=   4890 ppm) ... OK  (3s, p_dip=-0.0036, s_dip=-0.0036, oe_amp=0.0010)
  [132/400] CONF TOI-237.01     (depth=   4797 ppm) ... OK  (4s, p_dip=-0.0033, s_dip=-0.0033, oe_amp=0.0019)
  [133/400] CONF TOI-269.01     (depth=   4756 ppm) ... Warning: 30% (5871/19412) of the cadences will be ignored due to the quality mask (quality_bitmask=17087).
OK  (23s, p_dip=-0.0036, s_dip=-0.0036, oe_amp=0.0004)
  [134/400] CONF TOI-2207.01    (depth=   4607 ppm) ... OK  (3s, p_dip=-0.0015, s_dip=-0.0015, oe_amp=0.0018)
  [135/400] CONF TOI-2199.01    (depth=   4515 ppm) ... OK  (4s, p_dip=-0.0030, s_dip=-0.0030, oe_amp=0.0014)
  [136/400] CONF TOI-1916.01    (depth=   4358 ppm) ... OK  (6s, p_dip=-0.0024, s_dip=-0.0024, oe_amp=0.0015)
  [137/400] CONF TOI-5523.02    (depth=   4280 ppm) ... OK  (5s, p_dip=-0.0037, s_dip=-0.0037, oe_amp=0.0025)
  [138/400] CONF TOI-1298.01    (depth=   4200 ppm) ... OK  (30s, p_dip=-0.0023, s_dip=-0.0023, oe_amp=0.0002)
  [139/400] CONF TOI-5467.01    (depth=   4050 ppm) ... OK  (2s, p_dip=-0.0031, s_dip=-0.0031, oe_amp=0.0009)
  [140/400] CONF TOI-1554.01    (depth=   4002 ppm) ... OK  (11s, p_dip=-0.0024, s_dip=-0.0024, oe_amp=0.0002)
  [141/400] CONF TOI-4534.01    (depth=   3882 ppm) ... OK  (2s, p_dip=-0.0028, s_dip=-0.0028, oe_amp=0.0020)
  [142/400] CONF TOI-270.01     (depth=   3856 ppm) ... Warning: 30% (5871/19412) of the cadences will be ignored due to the quality mask (quality_bitmask=17087).
OK  (8s, p_dip=-0.0027, s_dip=-0.0027, oe_amp=0.0003)
  [143/400] CONF TOI-1493.01    (depth=   3710 ppm) ... OK  (2s, p_dip=-0.0021, s_dip=-0.0021, oe_amp=0.0009)
  [144/400] CONF TOI-5097.01    (depth=   3650 ppm) ... OK  (4s, p_dip=-0.0027, s_dip=-0.0027, oe_amp=0.0006)
  [145/400] CONF TOI-2421.01    (depth=   3520 ppm) ... OK  (2s, p_dip=-0.0016, s_dip=-0.0016, oe_amp=0.0004)
  [146/400] CONF TOI-256.02     (depth=   3469 ppm) ... Warning: 30% (5871/19412) of the cadences will be ignored due to the quality mask (quality_bitmask=17087).
OK  (0s, p_dip=-0.0030, s_dip=-0.0030, oe_amp=0.0008)
  [147/400] CONF TOI-1239.01    (depth=   3293 ppm) ... OK  (9s, p_dip=-0.0018, s_dip=-0.0018, oe_amp=0.0003)
  [148/400] CONF TOI-576.01     (depth=   3219 ppm) ... OK  (6s, p_dip=-0.0012, s_dip=-0.0012, oe_amp=0.0003)
  [149/400] CONF TOI-1266.01    (depth=   3168 ppm) ... OK  (9s, p_dip=-0.0015, s_dip=-0.0015, oe_amp=0.0003)
  [150/400] CONF TOI-2543.01    (depth=   3098 ppm) ... OK  (4s, p_dip=-0.0013, s_dip=-0.0013, oe_amp=0.0005)
  [151/400] CONF TOI-569.01     (depth=   2970 ppm) ... OK  (5s, p_dip=-0.0018, s_dip=-0.0018, oe_amp=0.0004)
  [152/400] CONF TOI-5168.01    (depth=   2930 ppm) ... OK  (3s, p_dip=-0.0012, s_dip=-0.0012, oe_amp=0.0019)
  [153/400] CONF TOI-654.01     (depth=   2892 ppm) ... OK  (7s, p_dip=-0.0025, s_dip=-0.0025, oe_amp=0.0008)
  [154/400] CONF TOI-1288.01    (depth=   2798 ppm) ... OK  (12s, p_dip=-0.0020, s_dip=-0.0020, oe_amp=0.0002)
  [155/400] CONF TOI-4916.01    (depth=   2690 ppm) ... OK  (4s, p_dip=-0.0011, s_dip=-0.0011, oe_amp=0.0008)
  [156/400] CONF TOI-470.01     (depth=   2625 ppm) ... OK  (3s, p_dip=-0.0015, s_dip=-0.0015, oe_amp=0.0003)
  [157/400] CONF TOI-1828.01    (depth=   2570 ppm) ... OK  (31s, p_dip=-0.0012, s_dip=-0.0012, oe_amp=0.0002)
  [158/400] CONF TOI-1408.01    (depth=   2447 ppm) ... OK  (17s, p_dip=-0.0015, s_dip=-0.0015, oe_amp=0.0001)
  [159/400] CONF TOI-1836.01    (depth=   2372 ppm) ... OK  (12s, p_dip=-0.0008, s_dip=-0.0008, oe_amp=0.0002)
  [160/400] CONF TOI-540.01     (depth=   2319 ppm) ... OK  (6s, p_dip=-0.0015, s_dip=-0.0015, oe_amp=0.0010)
  [161/400] CONF TOI-603.01     (depth=   2249 ppm) ... OK  (5s, p_dip=-0.0007, s_dip=-0.0007, oe_amp=0.0003)
  [162/400] CONF TOI-1267.01    (depth=   2158 ppm) ... OK  (13s, p_dip=-0.0006, s_dip=-0.0006, oe_amp=0.0005)
  [163/400] CONF TOI-1640.01    (depth=   2089 ppm) ... OK  (9s, p_dip=-0.0019, s_dip=-0.0019, oe_amp=0.0003)
  [164/400] CONF TOI-954.01     (depth=   2070 ppm) ... OK  (1s, p_dip=-0.0013, s_dip=-0.0013, oe_amp=0.0004)
  [165/400] CONF TOI-4462.01    (depth=   2040 ppm) ... OK  (2s, p_dip=-0.0013, s_dip=-0.0013, oe_amp=0.0012)
  [166/400] CONF TOI-663.02     (depth=   1969 ppm) ... OK  (5s, p_dip=-0.0019, s_dip=-0.0019, oe_amp=0.0008)
  [167/400] CONF TOI-5087.01    (depth=   1909 ppm) ... OK  (3s, p_dip=-0.0008, s_dip=-0.0008, oe_amp=0.0007)
  [168/400] CONF TOI-969.01     (depth=   1890 ppm) ... OK  (1s, p_dip=-0.0015, s_dip=-0.0015, oe_amp=0.0006)
  [169/400] CONF TOI-2084.01    (depth=   1810 ppm) ... OK  (31s, p_dip=-0.0017, s_dip=-0.0017, oe_amp=0.0008)
  [170/400] CONF TOI-2184.01    (depth=   1752 ppm) ... OK  (27s, p_dip=-0.0004, s_dip=-0.0004, oe_amp=0.0002)
  [171/400] CONF TOI-6004.01    (depth=   1729 ppm) ... OK  (11s, p_dip=-0.0007, s_dip=-0.0007, oe_amp=0.0003)
  [172/400] CONF TOI-1266.02    (depth=   1687 ppm) ... OK  (2s, p_dip=-0.0003, s_dip=-0.0003, oe_amp=0.0005)
  [173/400] CONF TOI-175.01     (depth=   1657 ppm) ... OK  (26s, p_dip=-0.0014, s_dip=-0.0014, oe_amp=0.0001)
  [174/400] CONF TOI-5155.01    (depth=   1634 ppm) ... OK  (3s, p_dip=-0.0011, s_dip=-0.0011, oe_amp=0.0012)
  [175/400] CONF TOI-178.01     (depth=   1596 ppm) ... OK  (3s, p_dip=-0.0011, s_dip=-0.0011, oe_amp=0.0003)
  [176/400] CONF TOI-177.01     (depth=   1547 ppm) ... Warning: 30% (5882/19412) of the cadences will be ignored due to the quality mask (quality_bitmask=17087).
OK  (5s, p_dip=-0.0013, s_dip=-0.0013, oe_amp=0.0002)
  [177/400] CONF TOI-5141.01    (depth=   1505 ppm) ... OK  (2s, p_dip=-0.0007, s_dip=-0.0007, oe_amp=0.0002)
  [178/400] CONF TOI-942.01     (depth=   1480 ppm) ... OK  (3s, p_dip=-0.0007, s_dip=-0.0007, oe_amp=0.0011)
  [179/400] CONF TOI-1467.01    (depth=   1437 ppm) ... OK  (4s, p_dip=-0.0009, s_dip=-0.0009, oe_amp=0.0005)
  [180/400] CONF TOI-4512.01    (depth=   1398 ppm) ... OK  (4s, p_dip=-0.0005, s_dip=-0.0005, oe_amp=0.0004)
  [181/400] CONF TOI-5524.01    (depth=   1355 ppm) ... OK  (4s, p_dip=-0.0010, s_dip=-0.0010, oe_amp=0.0006)
  [182/400] CONF TOI-333.01     (depth=   1339 ppm) ... OK  (3s, p_dip=-0.0009, s_dip=-0.0009, oe_amp=0.0007)
  [183/400] CONF TOI-2081.01    (depth=   1321 ppm) ... OK  (24s, p_dip=-0.0007, s_dip=-0.0007, oe_amp=0.0003)
  [184/400] CONF TOI-2018.01    (depth=   1311 ppm) ... Warning: 34% (5753/16999) of the cadences will be ignored due to the quality mask (quality_bitmask=17087).
Warning: 27% (3459/12904) of the cadences will be ignored due to the quality mask (quality_bitmask=17087).
OK  (4s, p_dip=-0.0008, s_dip=-0.0008, oe_amp=0.0002)
  [185/400] CONF TOI-4491.01    (depth=   1290 ppm) ... OK  (5s, p_dip=-0.0009, s_dip=-0.0009, oe_amp=0.0002)
  [186/400] CONF TOI-444.01     (depth=   1267 ppm) ... OK  (4s, p_dip=-0.0004, s_dip=-0.0004, oe_amp=0.0004)
  [187/400] CONF TOI-1339.01    (depth=   1238 ppm) ... OK  (26s, p_dip=-0.0008, s_dip=-0.0008, oe_amp=0.0001)
  [188/400] CONF TOI-6251.01    (depth=   1215 ppm) ... OK  (6s, p_dip=-0.0002, s_dip=-0.0002, oe_amp=0.0004)
  [189/400] CONF TOI-5558.01    (depth=   1203 ppm) ... OK  (5s, p_dip=-0.0003, s_dip=-0.0003, oe_amp=0.0003)
  [190/400] CONF TOI-1695.01    (depth=   1184 ppm) ... OK  (10s, p_dip=-0.0010, s_dip=-0.0010, oe_amp=0.0003)
  [191/400] CONF TOI-4559.01    (depth=   1161 ppm) ... OK  (3s, p_dip=-0.0010, s_dip=-0.0010, oe_amp=0.0006)
  [192/400] CONF TOI-139.01     (depth=   1150 ppm) ... OK  (4s, p_dip=-0.0004, s_dip=-0.0004, oe_amp=0.0004)
  [193/400] CONF TOI-1174.01    (depth=   1136 ppm) ... OK  (9s, p_dip=-0.0006, s_dip=-0.0006, oe_amp=0.0002)
  [194/400] CONF TOI-1064.01    (depth=   1122 ppm) ... OK  (4s, p_dip=-0.0007, s_dip=-0.0007, oe_amp=0.0005)
  [195/400] CONF TOI-5111.01    (depth=   1101 ppm) ... OK  (4s, p_dip=-0.0012, s_dip=-0.0012, oe_amp=0.0007)
  [196/400] CONF TOI-178.03     (depth=   1084 ppm) ... OK  (1s, p_dip=-0.0007, s_dip=-0.0007, oe_amp=0.0005)
  [197/400] CONF TOI-4308.01    (depth=   1074 ppm) ... OK  (5s, p_dip=-0.0005, s_dip=-0.0005, oe_amp=0.0003)
  [198/400] CONF TOI-6038.01    (depth=   1068 ppm) ... OK  (2s, p_dip=-0.0007, s_dip=-0.0007, oe_amp=0.0004)
  [199/400] CONF TOI-1184.01    (depth=   1041 ppm) ... OK  (38s, p_dip=-0.0007, s_dip=-0.0007, oe_amp=0.0001)
  [200/400] CONF TOI-4551.01    (depth=   1024 ppm) ... OK  (4s, p_dip=-0.0003, s_dip=-0.0003, oe_amp=0.0002)
  [201/400] FP   TOI-3742.01    (depth=  49560 ppm) ... OK  (8s, p_dip=-0.0175, s_dip=-0.0175, oe_amp=0.0175)
  [202/400] FP   TOI-464.01     (depth=  44712 ppm) ... OK  (3s, p_dip=-0.0224, s_dip=-0.0224, oe_amp=0.0195)
  [203/400] FP   TOI-384.01     (depth=  42774 ppm) ... OK  (2s, p_dip=-0.0189, s_dip=-0.0189, oe_amp=0.0033)
  [204/400] FP   TOI-337.01     (depth=  39248 ppm) ... FAIL (3s): No TESS SPOC 2-min light curves for TIC 155986102
  [205/400] FP   TOI-4188.01    (depth=  37334 ppm) ... OK  (2s, p_dip=-0.0194, s_dip=-0.0194, oe_amp=0.0020)
  [206/400] FP   TOI-3921.01    (depth=  35720 ppm) ... OK  (2s, p_dip=-0.0169, s_dip=-0.0169, oe_amp=0.0000)
  [207/400] FP   TOI-3472.01    (depth=  33340 ppm) ... FAIL (5s): No TESS SPOC 2-min light curves for TIC 275562670
  [208/400] FP   TOI-5226.01    (depth=  32460 ppm) ... FAIL (1s): ('Connection aborted.', RemoteDisconnected('Remote end closed connection without response'))
  [209/400] FP   TOI-3799.01    (depth=  29281 ppm) ... OK  (2s, p_dip=-0.0221, s_dip=-0.0221, oe_amp=0.0028)
  [210/400] FP   TOI-1555.01    (depth=  27336 ppm) ... OK  (37s, p_dip=-0.0068, s_dip=-0.0068, oe_amp=0.0001)
  [211/400] FP   TOI-1963.01    (depth=  27095 ppm) ... OK  (4s, p_dip=-0.0249, s_dip=-0.0249, oe_amp=0.0101)
  [212/400] FP   TOI-3109.01    (depth=  26290 ppm) ... OK  (1s, p_dip=-0.0236, s_dip=-0.0236, oe_amp=0.0059)
  [213/400] FP   TOI-528.01     (depth=  24988 ppm) ... OK  (4s, p_dip=-0.0133, s_dip=-0.0133, oe_amp=0.0033)
  [214/400] FP   TOI-4181.01    (depth=  24380 ppm) ... OK  (11s, p_dip=-0.0235, s_dip=-0.0235, oe_amp=0.0170)
  [215/400] FP   TOI-236.01     (depth=  23575 ppm) ... OK  (5s, p_dip=-0.0220, s_dip=-0.0220, oe_amp=0.0050)
  [216/400] FP   TOI-6764.01    (depth=  22525 ppm) ... FAIL (7s): No TESS SPOC 2-min light curves for TIC 148523092
  [217/400] FP   TOI-2157.01    (depth=  21600 ppm) ... OK  (2s, p_dip=-0.0150, s_dip=-0.0150, oe_amp=0.0009)
  [218/400] FP   TOI-758.01     (depth=  21147 ppm) ... OK  (4s, p_dip=-0.0208, s_dip=-0.0208, oe_amp=0.0007)
  [219/400] FP   TOI-549.01     (depth=  20289 ppm) ... OK  (3s, p_dip=-0.0178, s_dip=-0.0178, oe_amp=0.0063)
  [220/400] FP   TOI-3528.01    (depth=  19601 ppm) ... OK  (3s, p_dip=-0.0080, s_dip=-0.0080, oe_amp=0.0037)
  [221/400] FP   TOI-432.01     (depth=  18890 ppm) ... OK  (3s, p_dip=-0.0115, s_dip=-0.0115, oe_amp=0.0029)
  [222/400] FP   TOI-3253.01    (depth=  18670 ppm) ... FAIL (4s): No TESS SPOC 2-min light curves for TIC 112037203
  [223/400] FP   TOI-3408.01    (depth=  18000 ppm) ... OK  (2s, p_dip=-0.0105, s_dip=-0.0105, oe_amp=0.0070)
  [224/400] FP   TOI-4985.01    (depth=  17670 ppm) ... OK  (1s, p_dip=-0.0111, s_dip=-0.0111, oe_amp=0.0043)
  [225/400] FP   TOI-6143.01    (depth=  16964 ppm) ... OK  (2s, p_dip=-0.0076, s_dip=-0.0076, oe_amp=0.0016)
  [226/400] FP   TOI-964.01     (depth=  16764 ppm) ... OK  (1s, p_dip=-0.0042, s_dip=-0.0042, oe_amp=0.0011)
  [227/400] FP   TOI-1299.01    (depth=  16410 ppm) ... OK  (106s, p_dip=-0.0046, s_dip=-0.0046, oe_amp=0.0004)
  [228/400] FP   TOI-1474.01    (depth=  15868 ppm) ... OK  (7s, p_dip=-0.0056, s_dip=-0.0056, oe_amp=0.0027)
  [229/400] FP   TOI-3343.01    (depth=  15360 ppm) ... OK  (2s, p_dip=-0.0137, s_dip=-0.0137, oe_amp=0.0057)
  [230/400] FP   TOI-2047.01    (depth=  14765 ppm) ... OK  (2s, p_dip=-0.0117, s_dip=-0.0117, oe_amp=0.0052)
  [231/400] FP   TOI-1017.01    (depth=  14178 ppm) ... OK  (2s, p_dip=-0.0023, s_dip=-0.0023, oe_amp=0.0006)
  [232/400] FP   TOI-3164.01    (depth=  14020 ppm) ... FAIL (2s): No TESS SPOC 2-min light curves for TIC 419946164
  [233/400] FP   TOI-3440.01    (depth=  13620 ppm) ... FAIL (7s): No TESS SPOC 2-min light curves for TIC 208030798
  [234/400] FP   TOI-1615.01    (depth=  13317 ppm) ... OK  (7s, p_dip=-0.0142, s_dip=-0.0142, oe_amp=0.0005)
  [235/400] FP   TOI-2017.01    (depth=  12929 ppm) ... Warning: 34% (5753/16999) of the cadences will be ignored due to the quality mask (quality_bitmask=17087).
OK  (3s, p_dip=-0.0110, s_dip=-0.0110, oe_amp=0.0004)
  [236/400] FP   TOI-4000.01    (depth=  12813 ppm) ... OK  (6s, p_dip=-0.0078, s_dip=-0.0078, oe_amp=0.0017)
  [237/400] FP   TOI-3684.01    (depth=  12400 ppm) ... OK  (5s, p_dip=-0.0108, s_dip=-0.0108, oe_amp=0.0021)
  [238/400] FP   TOI-2341.01    (depth=  12050 ppm) ... OK  (2s, p_dip=-0.0121, s_dip=-0.0121, oe_amp=0.0023)
  [239/400] FP   TOI-3372.01    (depth=  11750 ppm) ... FAIL (9s): No TESS SPOC 2-min light curves for TIC 131036011
  [240/400] FP   TOI-3468.01    (depth=  11150 ppm) ... FAIL (5s): No TESS SPOC 2-min light curves for TIC 282091493
  [241/400] FP   TOI-3507.01    (depth=  11010 ppm) ... OK  (6s, p_dip=-0.0033, s_dip=-0.0033, oe_amp=0.0031)
  [242/400] FP   TOI-7372.01    (depth=  10649 ppm) ... FAIL (4s): No TESS SPOC 2-min light curves for TIC 369581703
  [243/400] FP   TOI-3011.01    (depth=  10500 ppm) ... OK  (4s, p_dip=-0.0120, s_dip=-0.0120, oe_amp=0.0022)
  [244/400] FP   TOI-1168.01    (depth=  10325 ppm) ... OK  (2s, p_dip=-0.0096, s_dip=-0.0096, oe_amp=0.0008)
  [245/400] FP   TOI-3796.01    (depth=   9980 ppm) ... OK  (2s, p_dip=-0.1160, s_dip=-0.1160, oe_amp=0.0006)
  [246/400] FP   TOI-3512.01    (depth=   9840 ppm) ... OK  (2s, p_dip=-0.0103, s_dip=-0.0103, oe_amp=0.0007)
  [247/400] FP   TOI-3541.01    (depth=   9640 ppm) ... OK  (2s, p_dip=-0.0103, s_dip=-0.0103, oe_amp=0.0062)
  [248/400] FP   TOI-7335.01    (depth=   9454 ppm) ... FAIL (4s): No TESS SPOC 2-min light curves for TIC 75417968
  [249/400] FP   TOI-1647.01    (depth=   9189 ppm) ... OK  (5s, p_dip=-0.0058, s_dip=-0.0058, oe_amp=0.0016)
  [250/400] FP   TOI-3753.01    (depth=   9000 ppm) ... OK  (4s, p_dip=-0.0079, s_dip=-0.0079, oe_amp=0.0021)
  [251/400] FP   TOI-6020.01    (depth=   8817 ppm) ... OK  (5s, p_dip=-0.0029, s_dip=-0.0029, oe_amp=0.0011)
  [252/400] FP   TOI-846.01     (depth=   8762 ppm) ... OK  (2s, p_dip=-0.0810, s_dip=-0.0810, oe_amp=0.0012)
  [253/400] FP   TOI-147.01     (depth=   8643 ppm) ... OK  (27s, p_dip=-0.0067, s_dip=-0.0067, oe_amp=0.0003)
  [254/400] FP   TOI-1041.01    (depth=   8350 ppm) ... OK  (6s, p_dip=-0.0009, s_dip=-0.0009, oe_amp=0.0048)
  [255/400] FP   TOI-7302.01    (depth=   8230 ppm) ... FAIL (6s): No TESS SPOC 2-min light curves for TIC 399613138
  [256/400] FP   TOI-4217.01    (depth=   8165 ppm) ... OK  (2s, p_dip=-0.0075, s_dip=-0.0075, oe_amp=0.0067)
  [257/400] FP   TOI-1460.01    (depth=   8030 ppm) ... OK  (4s, p_dip=-0.0051, s_dip=-0.0051, oe_amp=0.0011)
  [258/400] FP   TOI-679.01     (depth=   7873 ppm) ... OK  (5s, p_dip=-0.0043, s_dip=-0.0043, oe_amp=0.0006)
  [259/400] FP   TOI-4232.01    (depth=   7640 ppm) ... FAIL (13s): No TESS SPOC 2-min light curves for TIC 126357909
  [260/400] FP   TOI-1186.01    (depth=   7576 ppm) ... OK  (28s, p_dip=-0.0056, s_dip=-0.0056, oe_amp=0.0009)
  [261/400] FP   TOI-1018.01    (depth=   7440 ppm) ... OK  (3s, p_dip=-0.0048, s_dip=-0.0048, oe_amp=0.0002)
  [262/400] FP   TOI-1145.01    (depth=   7350 ppm) ... OK  (7s, p_dip=-0.0016, s_dip=-0.0016, oe_amp=0.0003)
  [263/400] FP   TOI-4207.01    (depth=   7290 ppm) ... FAIL (3s): No TESS SPOC 2-min light curves for TIC 37242226
  [264/400] FP   TOI-6447.01    (depth=   7197 ppm) ... OK  (2s, p_dip=-0.0106, s_dip=-0.0106, oe_amp=0.0041)
  [265/400] FP   TOI-1996.01    (depth=   7120 ppm) ... OK  (2s, p_dip=-0.0009, s_dip=-0.0009, oe_amp=0.0032)
  [266/400] FP   TOI-1788.01    (depth=   6980 ppm) ... OK  (1s, p_dip=-0.0039, s_dip=-0.0039, oe_amp=0.0005)
  [267/400] FP   TOI-848.01     (depth=   6740 ppm) ... OK  (3s, p_dip=-0.0010, s_dip=-0.0010, oe_amp=0.0006)
  [268/400] FP   TOI-4849.01    (depth=   6620 ppm) ... OK  (1s, p_dip=-0.0046, s_dip=-0.0046, oe_amp=0.0041)
  [269/400] FP   TOI-526.01     (depth=   6459 ppm) ... OK  (4s, p_dip=-0.0025, s_dip=-0.0025, oe_amp=0.0031)
  [270/400] FP   TOI-1649.01    (depth=   6423 ppm) ... OK  (5s, p_dip=-0.0057, s_dip=-0.0057, oe_amp=0.0001)
  [271/400] FP   TOI-425.01     (depth=   6281 ppm) ... OK  (3s, p_dip=-0.0045, s_dip=-0.0045, oe_amp=0.0015)
  [272/400] FP   TOI-2845.01    (depth=   6190 ppm) ... OK  (1s, p_dip=-0.0069, s_dip=-0.0069, oe_amp=0.0043)
  [273/400] FP   TOI-2571.01    (depth=   6100 ppm) ... OK  (1s, p_dip=-0.0029, s_dip=-0.0029, oe_amp=0.0005)
  [274/400] FP   TOI-1120.01    (depth=   6030 ppm) ... OK  (1s, p_dip=-0.0041, s_dip=-0.0041, oe_amp=0.0032)
  [275/400] FP   TOI-2151.01    (depth=   6010 ppm) ... OK  (2s, p_dip=-0.0441, s_dip=-0.0441, oe_amp=0.0021)
  [276/400] FP   TOI-956.01     (depth=   5962 ppm) ... FAIL (19s): No TESS SPOC 2-min light curves for TIC 146434840
  [277/400] FP   TOI-1496.01    (depth=   5890 ppm) ... OK  (3s, p_dip=-0.0006, s_dip=-0.0006, oe_amp=0.0029)
  [278/400] FP   TOI-1644.01    (depth=   5750 ppm) ... OK  (7s, p_dip=-0.0050, s_dip=-0.0050, oe_amp=0.0006)
  [279/400] FP   TOI-1549.01    (depth=   5740 ppm) ... FAIL (4s): No TESS SPOC 2-min light curves for TIC 191146556
  [280/400] FP   TOI-436.01     (depth=   5666 ppm) ... OK  (3s, p_dip=-0.0053, s_dip=-0.0053, oe_amp=0.0019)
  [281/400] FP   TOI-916.01     (depth=   5559 ppm) ... OK  (23s, p_dip=-0.0001, s_dip=-0.0001, oe_amp=0.0002)
  [282/400] FP   TOI-3985.01    (depth=   5460 ppm) ... FAIL (5s): No TESS SPOC 2-min light curves for TIC 604863428
  [283/400] FP   TOI-2372.01    (depth=   5399 ppm) ... OK  (3s, p_dip=-0.0019, s_dip=-0.0019, oe_amp=0.0010)
  [284/400] FP   TOI-6969.01    (depth=   5271 ppm) ... OK  (1s, p_dip=-0.0048, s_dip=-0.0048, oe_amp=0.0034)
  [285/400] FP   TOI-3290.01    (depth=   5210 ppm) ... OK  (1s, p_dip=-0.0029, s_dip=-0.0029, oe_amp=0.0013)
  [286/400] FP   TOI-3759.01    (depth=   5190 ppm) ... OK  (2s, p_dip=-0.0067, s_dip=-0.0067, oe_amp=0.0053)
  [287/400] FP   TOI-2759.01    (depth=   5070 ppm) ... OK  (1s, p_dip=-0.0041, s_dip=-0.0041, oe_amp=0.0032)
  [288/400] FP   TOI-1992.01    (depth=   4990 ppm) ... OK  (1s, p_dip=-0.0075, s_dip=-0.0075, oe_amp=0.0019)
  [289/400] FP   TOI-4213.01    (depth=   4970 ppm) ... FAIL (3s): No TESS SPOC 2-min light curves for TIC 32408928
  [290/400] FP   TOI-1090.01    (depth=   4934 ppm) ... FAIL (10s): No TESS SPOC 2-min light curves for TIC 361034196
  [291/400] FP   TOI-3392.01    (depth=   4870 ppm) ... FAIL (8s): No TESS SPOC 2-min light curves for TIC 80174172
  [292/400] FP   TOI-3781.01    (depth=   4800 ppm) ... OK  (1s, p_dip=-0.0037, s_dip=-0.0037, oe_amp=0.0025)
  [293/400] FP   TOI-1213.01    (depth=   4731 ppm) ... OK  (6s, p_dip=-0.0004, s_dip=-0.0004, oe_amp=0.0003)
  [294/400] FP   TOI-6768.01    (depth=   4613 ppm) ... OK  (1s, p_dip=-0.0037, s_dip=-0.0037, oe_amp=0.0018)
  [295/400] FP   TOI-2839.01    (depth=   4550 ppm) ... OK  (2s, p_dip=-0.0034, s_dip=-0.0034, oe_amp=0.0027)
  [296/400] FP   TOI-5920.01    (depth=   4500 ppm) ... FAIL (5s): No TESS SPOC 2-min light curves for TIC 467006627
  [297/400] FP   TOI-331.01     (depth=   4450 ppm) ... OK  (3s, p_dip=-0.0016, s_dip=-0.0016, oe_amp=0.0025)
  [298/400] FP   TOI-5924.01    (depth=   4380 ppm) ... OK  (1s, p_dip=-0.0017, s_dip=-0.0017, oe_amp=0.0012)
  [299/400] FP   TOI-5275.01    (depth=   4280 ppm) ... OK  (3s, p_dip=-0.0022, s_dip=-0.0022, oe_amp=0.0013)
  [300/400] FP   TOI-7275.01    (depth=   4248 ppm) ... FAIL (10s): No TESS SPOC 2-min light curves for TIC 172376068
  [301/400] FP   TOI-171.02     (depth=   4166 ppm) ... OK  (15s, p_dip=-0.0013, s_dip=-0.0013, oe_amp=0.0024)
  [302/400] FP   TOI-3843.01    (depth=   4080 ppm) ... OK  (10s, p_dip=-0.0014, s_dip=-0.0014, oe_amp=0.0007)
  [303/400] FP   TOI-996.01     (depth=   4040 ppm) ... OK  (2s, p_dip=-0.0037, s_dip=-0.0037, oe_amp=0.0012)
  [304/400] FP   TOI-4715.01    (depth=   3940 ppm) ... FAIL (3s): No TESS SPOC 2-min light curves for TIC 268372005
  [305/400] FP   TOI-6172.01    (depth=   3871 ppm) ... OK  (4s, p_dip=-0.0021, s_dip=-0.0021, oe_amp=0.0017)
  [306/400] FP   TOI-4263.01    (depth=   3841 ppm) ... OK  (3s, p_dip=-0.0024, s_dip=-0.0024, oe_amp=0.0027)
  [307/400] FP   TOI-2550.01    (depth=   3806 ppm) ... OK  (7s, p_dip=-0.0020, s_dip=-0.0020, oe_amp=0.0012)
  [308/400] FP   TOI-987.01     (depth=   3754 ppm) ... OK  (1s, p_dip=-0.0027, s_dip=-0.0027, oe_amp=0.0008)
  [309/400] FP   TOI-584.01     (depth=   3712 ppm) ... OK  (2s, p_dip=-0.0017, s_dip=-0.0017, oe_amp=0.0005)
  [310/400] FP   TOI-5434.01    (depth=   3670 ppm) ... OK  (2s, p_dip=-0.0017, s_dip=-0.0017, oe_amp=0.0029)
  [311/400] FP   TOI-3049.01    (depth=   3640 ppm) ... OK  (1s, p_dip=-0.0041, s_dip=-0.0041, oe_amp=0.0027)
  [312/400] FP   TOI-2717.01    (depth=   3580 ppm) ... FAIL (5s): No TESS SPOC 2-min light curves for TIC 269077474
  [313/400] FP   TOI-3358.01    (depth=   3550 ppm) ... OK  (3s, p_dip=-0.0021, s_dip=-0.0021, oe_amp=0.0006)
  [314/400] FP   TOI-1370.01    (depth=   3450 ppm) ... OK  (3s, p_dip=-0.0021, s_dip=-0.0021, oe_amp=0.0006)
  [315/400] FP   TOI-2544.01    (depth=   3393 ppm) ... OK  (8s, p_dip=-0.0012, s_dip=-0.0012, oe_amp=0.0003)
  [316/400] FP   TOI-606.01     (depth=   3372 ppm) ... FAIL (3s): No TESS SPOC 2-min light curves for TIC 122262940
  [317/400] FP   TOI-2789.01    (depth=   3310 ppm) ... OK  (1s, p_dip=-0.0031, s_dip=-0.0031, oe_amp=0.0028)
  [318/400] FP   TOI-2736.01    (depth=   3250 ppm) ... OK  (2s, p_dip=-0.0032, s_dip=-0.0032, oe_amp=0.0017)
  [319/400] FP   TOI-575.01     (depth=   3220 ppm) ... OK  (5s, p_dip=-0.0002, s_dip=-0.0002, oe_amp=0.0003)
  [320/400] FP   TOI-5212.01    (depth=   3194 ppm) ... OK  (11s, p_dip=-0.0014, s_dip=-0.0014, oe_amp=0.0006)
  [321/400] FP   TOI-1639.01    (depth=   3157 ppm) ... OK  (2s, p_dip=-0.0033, s_dip=-0.0033, oe_amp=0.0024)
  [322/400] FP   TOI-816.01     (depth=   3128 ppm) ... OK  (3s, p_dip=-0.0004, s_dip=-0.0004, oe_amp=0.0005)
  [323/400] FP   TOI-4257.01    (depth=   3110 ppm) ... OK  (2s, p_dip=-0.0014, s_dip=-0.0014, oe_amp=0.0010)
  [324/400] FP   TOI-1403.01    (depth=   3066 ppm) ... OK  (5s, p_dip=-0.0009, s_dip=-0.0009, oe_amp=0.0009)
  [325/400] FP   TOI-3626.01    (depth=   3020 ppm) ... OK  (3s, p_dip=-0.0006, s_dip=-0.0006, oe_amp=0.0006)
  [326/400] FP   TOI-414.01     (depth=   2950 ppm) ... OK  (2s, p_dip=-0.0053, s_dip=-0.0053, oe_amp=0.0009)
  [327/400] FP   TOI-1608.01    (depth=   2929 ppm) ... OK  (3s, p_dip=-0.0019, s_dip=-0.0019, oe_amp=0.0009)
  [328/400] FP   TOI-7121.01    (depth=   2904 ppm) ... FAIL (10s): No TESS SPOC 2-min light curves for TIC 469436001
  [329/400] FP   TOI-1540.01    (depth=   2856 ppm) ... FAIL (6s): No TESS SPOC 2-min light curves for TIC 318746829
  [330/400] FP   TOI-1014.01    (depth=   2842 ppm) ... OK  (3s, p_dip=-0.0025, s_dip=-0.0025, oe_amp=0.0001)
  [331/400] FP   TOI-158.01     (depth=   2790 ppm) ... OK  (2s, p_dip=-0.0009, s_dip=-0.0009, oe_amp=0.0009)
  [332/400] FP   TOI-1556.01    (depth=   2750 ppm) ... FAIL (18s): No TESS SPOC 2-min light curves for TIC 405794804
  [333/400] FP   TOI-1977.01    (depth=   2730 ppm) ... OK  (4s, p_dip=-0.0009, s_dip=-0.0009, oe_amp=0.0003)
  [334/400] FP   TOI-4902.01    (depth=   2710 ppm) ... OK  (1s, p_dip=-0.0028, s_dip=-0.0028, oe_amp=0.0038)
  [335/400] FP   TOI-6298.01    (depth=   2695 ppm) ... OK  (1s, p_dip=-0.0029, s_dip=-0.0029, oe_amp=0.0054)
  [336/400] FP   TOI-4219.01    (depth=   2670 ppm) ... FAIL (6s): No TESS SPOC 2-min light curves for TIC 114103136
  [337/400] FP   TOI-5769.01    (depth=   2620 ppm) ... OK  (2s, p_dip=-0.0028, s_dip=-0.0028, oe_amp=0.0033)
  [338/400] FP   TOI-5055.01    (depth=   2560 ppm) ... OK  (3s, p_dip=-0.0014, s_dip=-0.0014, oe_amp=0.0010)
  [339/400] FP   TOI-3059.01    (depth=   2530 ppm) ... OK  (3s, p_dip=-0.0011, s_dip=-0.0011, oe_amp=0.0008)
  [340/400] FP   TOI-441.01     (depth=   2490 ppm) ... OK  (3s, p_dip=-0.0019, s_dip=-0.0019, oe_amp=0.0005)
  [341/400] FP   TOI-5258.01    (depth=   2450 ppm) ... OK  (2s, p_dip=-0.0027, s_dip=-0.0027, oe_amp=0.0017)
  [342/400] FP   TOI-5954.01    (depth=   2409 ppm) ... OK  (5s, p_dip=-0.0008, s_dip=-0.0008, oe_amp=0.0002)
  [343/400] FP   TOI-2878.01    (depth=   2380 ppm) ... OK  (2s, p_dip=-0.0021, s_dip=-0.0021, oe_amp=0.0026)
  [344/400] FP   TOI-3005.01    (depth=   2350 ppm) ... OK  (3s, p_dip=-0.0020, s_dip=-0.0020, oe_amp=0.0013)
  [345/400] FP   TOI-3990.01    (depth=   2280 ppm) ... FAIL (5s): No TESS SPOC 2-min light curves for TIC 420446142
  [346/400] FP   TOI-4148.01    (depth=   2260 ppm) ... OK  (5s, p_dip=-0.0017, s_dip=-0.0017, oe_amp=0.0007)
  [347/400] FP   TOI-974.01     (depth=   2206 ppm) ... OK  (2s, p_dip=-0.0015, s_dip=-0.0015, oe_amp=0.0010)
  [348/400] FP   TOI-1023.01    (depth=   2180 ppm) ... OK  (5s, p_dip=-0.0011, s_dip=-0.0011, oe_amp=0.0002)
  [349/400] FP   TOI-3044.01    (depth=   2140 ppm) ... OK  (3s, p_dip=-0.0010, s_dip=-0.0010, oe_amp=0.0006)
  [350/400] FP   TOI-3999.01    (depth=   2110 ppm) ... OK  (1s, p_dip=-0.0012, s_dip=-0.0012, oe_amp=0.0008)
  [351/400] FP   TOI-1353.01    (depth=   2085 ppm) ... OK  (6s, p_dip=-0.0009, s_dip=-0.0009, oe_amp=0.0004)
  [352/400] FP   TOI-4383.01    (depth=   2054 ppm) ... OK  (1s, p_dip=-0.0017, s_dip=-0.0017, oe_amp=0.0006)
  [353/400] FP   TOI-3994.01    (depth=   1990 ppm) ... FAIL (3s): No TESS SPOC 2-min light curves for TIC 372505528
  [354/400] FP   TOI-1284.01    (depth=   1961 ppm) ... OK  (3s, p_dip=-0.0022, s_dip=-0.0022, oe_amp=0.0017)
  [355/400] FP   TOI-1304.01    (depth=   1949 ppm) ... OK  (4s, p_dip=-0.0009, s_dip=-0.0009, oe_amp=0.0005)
  [356/400] FP   TOI-2468.01    (depth=   1920 ppm) ... FAIL (7s): No TESS SPOC 2-min light curves for TIC 31114545
  [357/400] FP   TOI-1340.01    (depth=   1905 ppm) ... OK  (34s, p_dip=-0.0003, s_dip=-0.0003, oe_amp=0.0002)
  [358/400] FP   TOI-1047.01    (depth=   1880 ppm) ... OK  (3s, p_dip=-0.0018, s_dip=-0.0018, oe_amp=0.0006)
  [359/400] FP   TOI-4838.01    (depth=   1866 ppm) ... OK  (4s, p_dip=-0.0020, s_dip=-0.0020, oe_amp=0.0007)
  [360/400] FP   TOI-999.01     (depth=   1839 ppm) ... OK  (5s, p_dip=-0.0005, s_dip=-0.0005, oe_amp=0.0002)
  [361/400] FP   TOI-1575.01    (depth=   1795 ppm) ... FAIL (5s): No TESS SPOC 2-min light curves for TIC 316254876
  [362/400] FP   TOI-1354.01    (depth=   1768 ppm) ... OK  (11s, p_dip=-0.0001, s_dip=-0.0001, oe_amp=0.0000)
  [363/400] FP   TOI-6279.01    (depth=   1759 ppm) ... FAIL (5s): No TESS SPOC 2-min light curves for TIC 449951606
  [364/400] FP   TOI-4037.01    (depth=   1740 ppm) ... OK  (6s, p_dip=-0.0004, s_dip=-0.0004, oe_amp=0.0006)
  [365/400] FP   TOI-1707.01    (depth=   1710 ppm) ... OK  (3s, p_dip=-0.0012, s_dip=-0.0012, oe_amp=0.0005)
  [366/400] FP   TOI-1390.01    (depth=   1683 ppm) ... FAIL (7s): No TESS SPOC 2-min light curves for TIC 365389353
  [367/400] FP   TOI-313.01     (depth=   1652 ppm) ... FAIL (4s): No TESS SPOC 2-min light curves for TIC 9102327
  [368/400] FP   TOI-2052.01    (depth=   1630 ppm) ... Warning: 34% (5735/16999) of the cadences will be ignored due to the quality mask (quality_bitmask=17087).
OK  (2s, p_dip=-0.0017, s_dip=-0.0017, oe_amp=0.0016)
  [369/400] FP   TOI-6711.01    (depth=   1601 ppm) ... OK  (9s, p_dip=-0.0009, s_dip=-0.0009, oe_amp=0.0007)
  [370/400] FP   TOI-1399.01    (depth=   1573 ppm) ... OK  (4s, p_dip=-0.0011, s_dip=-0.0011, oe_amp=0.0004)
  [371/400] FP   TOI-658.01     (depth=   1557 ppm) ... OK  (6s, p_dip=-0.0011, s_dip=-0.0011, oe_amp=0.0002)
  [372/400] FP   TOI-1129.01    (depth=   1520 ppm) ... FAIL (5s): No TESS SPOC 2-min light curves for TIC 91576611
  [373/400] FP   TOI-1126.01    (depth=   1502 ppm) ... FAIL (14s): No TESS SPOC 2-min light curves for TIC 405862830
  [374/400] FP   TOI-4394.01    (depth=   1474 ppm) ... OK  (4s, p_dip=-0.0012, s_dip=-0.0012, oe_amp=0.0006)
  [375/400] FP   TOI-6280.01    (depth=   1451 ppm) ... OK  (1s, p_dip=-0.0005, s_dip=-0.0005, oe_amp=0.0004)
  [376/400] FP   TOI-607.01     (depth=   1439 ppm) ... OK  (2s, p_dip=-0.0014, s_dip=-0.0014, oe_amp=0.0005)
  [377/400] FP   TOI-1177.01    (depth=   1418 ppm) ... FAIL (12s): No TESS SPOC 2-min light curves for TIC 169177766
  [378/400] FP   TOI-1166.01    (depth=   1391 ppm) ... OK  (4s, p_dip=-0.0008, s_dip=-0.0008, oe_amp=0.0005)
  [379/400] FP   TOI-600.01     (depth=   1362 ppm) ... OK  (3s, p_dip=-0.0007, s_dip=-0.0007, oe_amp=0.0005)
  [380/400] FP   TOI-4036.01    (depth=   1340 ppm) ... OK  (3s, p_dip=-0.0013, s_dip=-0.0013, oe_amp=0.0015)
  [381/400] FP   TOI-1015.01    (depth=   1302 ppm) ... OK  (3s, p_dip=-0.0011, s_dip=-0.0011, oe_amp=0.0005)
  [382/400] FP   TOI-597.01     (depth=   1290 ppm) ... FAIL (6s): No TESS SPOC 2-min light curves for TIC 146208651
  [383/400] FP   TOI-4412.01    (depth=   1283 ppm) ... OK  (3s, p_dip=-0.0006, s_dip=-0.0006, oe_amp=0.0009)
  [384/400] FP   TOI-619.01     (depth=   1264 ppm) ... OK  (2s, p_dip=-0.0007, s_dip=-0.0007, oe_amp=0.0003)
  [385/400] FP   TOI-2164.01    (depth=   1250 ppm) ... OK  (2s, p_dip=-0.0007, s_dip=-0.0007, oe_amp=0.0010)
  [386/400] FP   TOI-467.01     (depth=   1230 ppm) ... OK  (3s, p_dip=-0.0012, s_dip=-0.0012, oe_amp=0.0006)
  [387/400] FP   TOI-1369.01    (depth=   1200 ppm) ... OK  (3s, p_dip=-0.0010, s_dip=-0.0010, oe_amp=0.0016)
  [388/400] FP   TOI-1592.01    (depth=   1186 ppm) ... OK  (1s, p_dip=-0.0009, s_dip=-0.0009, oe_amp=0.0006)
  [389/400] FP   TOI-4840.01    (depth=   1180 ppm) ... OK  (3s, p_dip=-0.0016, s_dip=-0.0016, oe_amp=0.0014)
  [390/400] FP   TOI-1391.01    (depth=   1165 ppm) ... OK  (1s, p_dip=-0.0008, s_dip=-0.0008, oe_amp=0.0010)
  [391/400] FP   TOI-1195.01    (depth=   1132 ppm) ... OK  (3s, p_dip=-0.0003, s_dip=-0.0003, oe_amp=0.0005)
  [392/400] FP   TOI-1530.01    (depth=   1120 ppm) ... FAIL (4s): No TESS SPOC 2-min light curves for TIC 312469860
  [393/400] FP   TOI-1673.01    (depth=   1110 ppm) ... OK  (1s, p_dip=-0.0010, s_dip=-0.0010, oe_amp=0.0007)
  [394/400] FP   TOI-894.01     (depth=   1100 ppm) ... OK  (2s, p_dip=-0.0007, s_dip=-0.0007, oe_amp=0.0004)
  [395/400] FP   TOI-2053.01    (depth=   1097 ppm) ... OK  (7s, p_dip=-0.0006, s_dip=-0.0006, oe_amp=0.0003)
  [396/400] FP   TOI-2754.01    (depth=   1060 ppm) ... OK  (2s, p_dip=-0.0013, s_dip=-0.0013, oe_amp=0.0018)
  [397/400] FP   TOI-2811.01    (depth=   1050 ppm) ... FAIL (9s): No TESS SPOC 2-min light curves for TIC 78775584
  [398/400] FP   TOI-1392.01    (depth=   1030 ppm) ... FAIL (8s): No TESS SPOC 2-min light curves for TIC 416987878
  [399/400] FP   TOI-1561.01    (depth=   1020 ppm) ... FAIL (3s): No TESS SPOC 2-min light curves for TIC 245462406
  [400/400] FP   TOI-1315.01    (depth=   1010 ppm) ... OK  (1s, p_dip=-0.0008, s_dip=-0.0008, oe_amp=0.0003)

Download round: 355 success, 45 failed
Saved dataset to data/tess_tce_400.pt
  Phases shape:    torch.Size([355, 200])
  Primary shape:   torch.Size([355, 200])
  Secondary shape: torch.Size([355, 200])
  Odd/even shape:  torch.Size([355, 200])

Class balance:
  Total TCEs:         355
  Confirmed planets:  199 (56.1%)
  False positives:    156 (43.9%)
  Recommended pos_weight (FP/confirmed): 0.784
    Use with nn.BCEWithLogitsLoss(pos_weight=torch.tensor(pos_weight))
