Fetching archive metadata for 10 test TCEs...

Downloading + preprocessing light curves (lightkurve cache should be warm from V6 build)...
  K00254.01 (KIC 5794240) ... OK (3s)
  K00183.01 (KIC 9651668) ... OK (3s)
  K01320.01 (KIC 4164994) ... OK (2s)
  K00840.01 (KIC 5651104) ... OK (3s)
  K00017.01 (KIC 10874614) ... OK (3s)
  K03745.01 (KIC 2437783) ... OK (1s)
  K01541.01 (KIC 4840513) ... OK (2s)
  K07192.01 (KIC 9579192) ... OK (3s)
  K07343.01 (KIC 10556578) ... OK (2s)
  K07955.01 (KIC 9651155) ... OK (1s)

=== Resolution: 200 bins ===
class   KOI          arch_h  fit_h   pred_h  arch_viol  fit_viol  depth_fit  rms    
------------------------------------------------------------------------------------
PLANET  K00254.01    1.73    2.14    1.66    0.039      0.253     0.0450     0.0005 
PLANET  K00183.01    2.69    2.97    2.54    0.060      0.156     0.0176     0.0001 
PLANET  K01320.01    3.78    4.07    3.26    0.149      0.224     0.0823     0.0001 
PLANET  K00840.01    1.84    2.14    2.29    0.217      0.064     0.0209     0.0001 
PLANET  K00017.01    3.59    3.96    3.41    0.051      0.149     0.0103     0.0002 
EB_FP   K03745.01    4.76    3.88    3.55    0.294      0.090     0.2101     0.0014 
EB_FP   K01541.01    3.17    3.27    2.63    0.188      0.218     0.0471     0.0007 
EB_FP   K07192.01    7.90    8.03    8.27    0.045      0.029     0.0946     0.0008 
EB_FP   K07343.01    2.02    1.95    1.27    0.463      0.428     0.0359     0.0017 
EB_FP   K07955.01    4.85    4.41    4.34    0.109      0.016     0.0353     0.0086 

=== Resolution: 500 bins ===
class   KOI          arch_h  fit_h   pred_h  arch_viol  fit_viol  depth_fit  rms    
------------------------------------------------------------------------------------
PLANET  K00254.01    1.73    1.91    1.66    0.039      0.140     0.0356     0.0002 
PLANET  K00183.01    2.69    2.88    2.54    0.060      0.125     0.0174     0.0001 
PLANET  K01320.01    3.78    4.65    3.26    0.149      0.358     0.0519     0.0002 
PLANET  K00840.01    1.84    2.22    2.29    0.217      0.029     0.0180     0.0002 
PLANET  K00017.01    3.59    3.81    3.41    0.051      0.110     0.0101     0.0001 
EB_FP   K03745.01    4.76    4.03    3.55    0.294      0.129     0.1860     0.0016 
EB_FP   K01541.01    3.17    3.23    2.63    0.188      0.207     0.0473     0.0008 
EB_FP   K07192.01    7.90    8.16    8.27    0.045      0.014     0.0822     0.0009 
EB_FP   K07343.01    2.02    1.94    1.27    0.463      0.422     0.0356     0.0018 
EB_FP   K07955.01    4.85    4.46    4.34    0.109      0.025     0.0349     0.0087 

=== Resolution: 1000 bins ===
class   KOI          arch_h  fit_h   pred_h  arch_viol  fit_viol  depth_fit  rms    
------------------------------------------------------------------------------------
PLANET  K00254.01    1.73    1.96    1.66    0.039      0.166     0.0360     0.0003 
PLANET  K00183.01    2.69    2.92    2.54    0.060      0.140     0.0175     0.0001 
PLANET  K01320.01    3.78    4.63    3.26    0.149      0.351     0.0535     0.0003 
PLANET  K00840.01    1.84    2.22    2.29    0.217      0.030     0.0166     0.0002 
PLANET  K00017.01    3.59    3.83    3.41    0.051      0.115     0.0101     0.0001 
EB_FP   K03745.01    4.76    4.18    3.55    0.294      0.164     0.1700     0.0019 
EB_FP   K01541.01    3.17    3.21    2.63    0.188      0.201     0.0471     0.0008 
EB_FP   K07192.01    7.90    8.21    8.27    0.045      0.007     0.0737     0.0009 
EB_FP   K07343.01    2.02    1.97    1.27    0.463      0.439     0.0359     0.0029 
EB_FP   K07955.01    4.85    4.45    4.34    0.109      0.023     0.0366     0.0087 

=== Separation summary (fit violation) ===
Resolution   planet_med   EB_med     planet_max   EB_min     gap       
-----------------------------------------------------------------------
200          0.156        0.090      0.253        0.016      -0.237    
500          0.125        0.129      0.358        0.014      -0.344    
1000         0.140        0.164      0.351        0.007      -0.344    

=== Fitted T14 (hours) across resolutions, per KOI ===
label   KOI          arch_h   200b   500b   1000b
PLANET  K00254.01    1.73     2.14   1.91   1.96 
PLANET  K00183.01    2.69     2.97   2.88   2.92 
PLANET  K01320.01    3.78     4.07   4.65   4.63 
PLANET  K00840.01    1.84     2.14   2.22   2.22 
PLANET  K00017.01    3.59     3.96   3.81   3.83 
EB_FP   K03745.01    4.76     3.88   4.03   4.18 
EB_FP   K01541.01    3.17     3.27   3.23   3.21 
EB_FP   K07192.01    7.90     8.03   8.16   8.21 
EB_FP   K07343.01    2.02     1.95   1.94   1.97 
EB_FP   K07955.01    4.85     4.41   4.46   4.45 

Saved plot: notebooks\figures\trapezoid_fit_resolution_k03745.png
