Device: cuda
Dataset: 500 TCEs (250 conf, 250 FP)
Train: 350  Val: 74  Test: 76
SNR median: 131.2  |  pivot: 100.0  |  below-pivot: 190/500

============================================================
lambda_max = 0.1
============================================================
  Trainable params: 1150
    ep   1  bce=0.6947  geo=0.0548  val=0.6932  wait=0  A1=0.0084 A2=0.0105 A3=0.0104 A4=0.0108 A5=0.0096
    ep  25  bce=0.5602  geo=0.0021  val=0.5381  wait=0  A1=0.0010 A2=0.0131 A3=0.0131 A4=0.0137 A5=0.0175
    ep  50  bce=0.5395  geo=0.0047  val=0.5147  wait=0  A1=0.0010 A2=0.0121 A3=0.0111 A4=0.0155 A5=0.0158
    ep  75  bce=0.5205  geo=0.0032  val=0.5107  wait=1  A1=0.0010 A2=0.0117 A3=0.0104 A4=0.0174 A5=0.0180
    ep 100  bce=0.5040  geo=0.0043  val=0.4856  wait=3  A1=0.0010 A2=0.0113 A3=0.0094 A4=0.0184 A5=0.0194
    ep 125  bce=0.4967  geo=0.0048  val=0.4743  wait=2  A1=0.0010 A2=0.0107 A3=0.0089 A4=0.0184 A5=0.0210
    ep 150  bce=0.4566  geo=0.0076  val=0.4640  wait=2  A1=0.0010 A2=0.0110 A3=0.0089 A4=0.0195 A5=0.0227
    ep 175  bce=0.4610  geo=0.0064  val=0.4460  wait=3  A1=0.0010 A2=0.0111 A3=0.0087 A4=0.0204 A5=0.0233
    ep 200  bce=0.4467  geo=0.0076  val=0.4411  wait=5  A1=0.0010 A2=0.0111 A3=0.0086 A4=0.0211 A5=0.0241
  lambda_max=0.1:  acc=85.5%  prec=82.9%  rec=89.5%  F1=0.861  A1=0.0010 A2=0.0105 A3=0.0086 A4=0.0209 A5=0.0245

============================================================
lambda_max = 0.5
============================================================
  Trainable params: 1150
    ep   1  bce=0.6975  geo=0.2481  val=0.6934  wait=0  A1=0.0084 A2=0.0116 A3=0.0116 A4=0.0116 A5=0.0097
    ep  25  bce=0.5804  geo=-0.0101  val=0.5522  wait=0  A1=0.0010 A2=0.0129 A3=0.0132 A4=0.0196 A5=0.0138
    ep  50  bce=0.5498  geo=0.0014  val=0.5352  wait=5  A1=0.0010 A2=0.0112 A3=0.0114 A4=0.0206 A5=0.0108
    ep  75  bce=0.5405  geo=-0.0060  val=0.5541  wait=5  A1=0.0010 A2=0.0104 A3=0.0099 A4=0.0223 A5=0.0116
    ep 100  bce=0.5275  geo=-0.0031  val=0.5400  wait=6  A1=0.0010 A2=0.0099 A3=0.0088 A4=0.0232 A5=0.0130
    ep 125  bce=0.5372  geo=-0.0044  val=0.4975  wait=0  A1=0.0010 A2=0.0096 A3=0.0080 A4=0.0241 A5=0.0152
    ep 150  bce=0.5020  geo=0.0046  val=0.5194  wait=8  A1=0.0010 A2=0.0102 A3=0.0079 A4=0.0251 A5=0.0165
    ep 175  bce=0.5123  geo=0.0020  val=0.5010  wait=22  A1=0.0010 A2=0.0099 A3=0.0073 A4=0.0259 A5=0.0180
    early stop at ep 178
  lambda_max=0.5:  acc=76.3%  prec=70.8%  rec=89.5%  F1=0.791  A1=0.0010 A2=0.0101 A3=0.0077 A4=0.0248 A5=0.0165

============================================================
lambda_max = 1.0
============================================================
  Trainable params: 1150
    ep   1  bce=0.7011  geo=0.4794  val=0.6938  wait=0  A1=0.0084 A2=0.0121 A3=0.0121 A4=0.0120 A5=0.0102
    ep  25  bce=0.6261  geo=-0.0584  val=0.5754  wait=3  A1=0.0010 A2=0.0137 A3=0.0137 A4=0.0106 A5=0.0167
    ep  50  bce=0.5788  geo=-0.0339  val=0.5684  wait=1  A1=0.0010 A2=0.0130 A3=0.0130 A4=0.0059 A5=0.0152
    ep  75  bce=0.5732  geo=-0.0448  val=0.6002  wait=14  A1=0.0010 A2=0.0127 A3=0.0127 A4=0.0034 A5=0.0146
    ep 100  bce=0.5614  geo=-0.0465  val=0.5712  wait=6  A1=0.0010 A2=0.0121 A3=0.0123 A4=0.0020 A5=0.0142
    ep 125  bce=0.5703  geo=-0.0465  val=0.5173  wait=16  A1=0.0010 A2=0.0117 A3=0.0120 A4=0.0054 A5=0.0144
    early stop at ep 134
  lambda_max=1.0:  acc=73.7%  prec=68.0%  rec=89.5%  F1=0.773  A1=0.0010 A2=0.0119 A3=0.0121 A4=0.0017 A5=0.0142

==========================================================================================
V10 lambda sweep comparison (InvertedGeometryLoss, SNR pivot=100)
==========================================================================================
lambda_max     Acc    Prec     Rec      F1     A1     A2     A3     A4     A5  TP  FP  TN  FN
------------------------------------------------------------------------------------------
      0.10   85.5%   82.9%   89.5%   0.861  0.0010 0.0105 0.0086 0.0209 0.0245   34   7  31   4
      0.50   76.3%   70.8%   89.5%   0.791  0.0010 0.0101 0.0077 0.0248 0.0165   34  14  24   4
      1.00   73.7%   68.0%   89.5%   0.773  0.0010 0.0119 0.0121 0.0017 0.0142   34  16  22   4

Best lambda_max = 0.1  (F1=0.861, prec=82.9%)

Gate activation means (mean |gate output|) on test set (lambda=0.1):
  gate                     planet mean       FP mean   ratio p/fp
  G1 planet U                  0.00032       0.00032         1.00
  G2 V-shape                   0.00316       0.00316         1.00
  G3 inv. secondary            0.00257       0.00257         1.00
  G4 asymmetric                0.00706       0.00706         1.00
  G5 Gaussian                  0.00488       0.00488         1.00

Dominant gate by amplitude: A5

Precision vs V6 (76.7%) and V9 best (72.1%):
  lambda=0.10:  prec=82.9%  delta vs V6 +6.2%  delta vs V9 +10.8%
  lambda=0.50:  prec=70.8%  delta vs V6 -5.9%  delta vs V9 -1.3%
  lambda=1.00:  prec=68.0%  delta vs V6 -8.7%  delta vs V9 -4.1%

Amplitude survival (>= 0.001 floor):
  lambda=0.10:  4/5 above 0.001 floor
  lambda=0.50:  4/5 above 0.001 floor
  lambda=1.00:  4/5 above 0.001 floor

Saved winner model -> src/models/taylor_cnn_v10.pt
Saved sweep results -> data/v10_results.pt
