Device: cuda
Kepler 1114 — Train: 778  Val: 166  Test: 170
  pos_weight (FP/confirmed) = 2.183
  SNR median: 152.4  |  pivot: 100.0  |  below-pivot: 389/1114

================================================================
Training V10 lambda=0.1 on Kepler 1114, pos_weight=2.183
================================================================
  ep   1  bce=0.9504  geo=0.0567  val=0.9499  wait=0  A1=0.0058 A2=0.0098 A3=0.0105 A4=0.0110 A5=0.0097
  ep  25  bce=0.7666  geo=-0.0087  val=0.7452  wait=1  A1=0.0010 A2=0.0052 A3=0.0066 A4=0.0145 A5=0.0131
  ep  50  bce=0.7117  geo=-0.0076  val=0.7102  wait=0  A1=0.0010 A2=0.0037 A3=0.0060 A4=0.0180 A5=0.0185
  ep  75  bce=0.6795  geo=-0.0052  val=0.6890  wait=1  A1=0.0010 A2=0.0021 A3=0.0053 A4=0.0199 A5=0.0233
  ep 100  bce=0.6567  geo=-0.0025  val=0.6669  wait=0  A1=0.0010 A2=0.0012 A3=0.0050 A4=0.0205 A5=0.0253
  ep 125  bce=0.6501  geo=-0.0017  val=0.6580  wait=5  A1=0.0010 A2=0.0013 A3=0.0047 A4=0.0220 A5=0.0275
  ep 150  bce=0.6655  geo=-0.0028  val=0.6561  wait=21  A1=0.0010 A2=0.0019 A3=0.0040 A4=0.0230 A5=0.0266
  early stop at ep 154

Kepler 1114 held-out test (n=170):
  acc=75.9%  prec=58.2%  rec=85.2%  F1=0.692  TP=46 FP=33 TN=83 FN=8
  Amplitudes  A1=0.0010 A2=0.0010 A3=0.0041 A4=0.0221 A5=0.0269

TESS 355 zero-shot:
  acc=48.2%  prec=53.6%  rec=55.8%  F1=0.547  TP=111 FP=96 TN=60 FN=88

========================================================================
Version               Prec   Recall      F1   n_train  test_n
------------------------------------------------------------------------
V10 500-TCE          82.9%    89.5%   0.861       350      76
V10 1114-TCE        58.2%   85.2%   0.692       779     170
V10 1114 → TESS     53.6%   55.8%   0.547  0 (zero)     355

Saved winner model -> src/models/taylor_cnn_v10_1114.pt
Saved results     -> data/v10_1114_results.pt
