Device: cuda
Dataset: 500 TCEs  (250 confirmed, 250 FP)
Train: 350  Val: 74  Test: 76

============================================================
V8  (learnable B, no shape fusion)
============================================================
  Trainable params: 916
    ep   1  bce=0.6932  spar=0.00999  val=0.6954  wait=0  A=0.0103  B=0.9978  t0=-0.0007
    ep  25  bce=0.5550  spar=0.00946  val=0.5468  wait=2  A=0.0142  B=0.9446  t0=-0.0109
    ep  50  bce=0.5334  spar=0.00889  val=0.5150  wait=0  A=0.0137  B=0.8878  t0=-0.0074
    ep  75  bce=0.5164  spar=0.00833  val=0.5043  wait=5  A=0.0171  B=0.8317  t0=-0.0089
    ep 100  bce=0.5019  spar=0.00778  val=0.4818  wait=3  A=0.0198  B=0.7771  t0=-0.0149
    ep 125  bce=0.4926  spar=0.00725  val=0.4658  wait=0  A=0.0218  B=0.7240  t0=-0.0181
    ep 150  bce=0.4689  spar=0.00675  val=0.4656  wait=9  A=0.0243  B=0.6738  t0=-0.0194
    ep 175  bce=0.4696  spar=0.00627  val=0.4473  wait=10  A=0.0256  B=0.6262  t0=-0.0157
    ep 200  bce=0.4573  spar=0.00580  val=0.4462  wait=2  A=0.0261  B=0.5794  t0=-0.0110
  V8  (learnable B, no shape fusion) result:  acc=77.6%  prec=73.3%  rec=86.8%  F1=0.795  A=0.0263  B=+0.5830  t0=-0.0115

============================================================
V8.5 (B + 5 shape features)
============================================================
  Trainable params: 921
    ep   1  bce=0.6871  spar=0.00999  val=0.6877  wait=0  A=0.0091  B=0.9989  t0=-0.0008
    ep  25  bce=0.5555  spar=0.00960  val=0.5454  wait=2  A=-0.0011  B=0.9595  t0=-0.0012
    ep  50  bce=0.5373  spar=0.00914  val=0.5212  wait=0  A=-0.0011  B=0.9130  t0=+0.0171
    ep  75  bce=0.5203  spar=0.00891  val=0.5034  wait=5  A=-0.0011  B=0.8908  t0=+0.0268
    ep 100  bce=0.5005  spar=0.00884  val=0.4857  wait=1  A=-0.0011  B=0.8845  t0=+0.0303
    ep 125  bce=0.4997  spar=0.00881  val=0.4647  wait=0  A=-0.0012  B=0.8801  t0=+0.0313
    ep 150  bce=0.4784  spar=0.00876  val=0.4671  wait=11  A=-0.0012  B=0.8763  t0=+0.0305
    ep 175  bce=0.4811  spar=0.00874  val=0.4519  wait=0  A=-0.0013  B=0.8743  t0=+0.0312
    ep 200  bce=0.4680  spar=0.00873  val=0.4482  wait=8  A=-0.0013  B=0.8729  t0=+0.0353
  V8.5 (B + 5 shape features) result:  acc=76.3%  prec=71.7%  rec=86.8%  F1=0.786  A=-0.0013  B=+0.8732  t0=+0.0341

========================================================================
V8 vs V8.5 comparison
========================================================================
Version      Acc    Prec     Rec      F1  TP  FP  TN  FN       A       B      t0  params
----------------------------------------------------------------------------------------------------
V8        77.6%   73.3%   86.8%   0.795   33  12  26   5  0.0263  +0.5830  -0.0115      916
V8.5      76.3%   71.7%   86.8%   0.786   33  13  25   5  -0.0013  +0.8732  +0.0341      921

V8.5 per-TCE test-set predictions:
  KOI          true   prob   pred   B_shape  AUC     AUC/A   T12/T14  flat  
  K00408.01    PLNT   0.60  PLNT   +0.873   0.0001  0.0610  0.7997    0.010
  K00232.01    PLNT   0.75  PLNT   +0.873   0.0001  0.0582  0.3269    0.019
  K00463.01    PLNT   0.82  PLNT   +0.873   0.0000  0.0292  1.0000    0.000
  K01456.01    PLNT   0.39  NOT    +0.873   0.0004  0.3439  0.9076    0.030  <-- wrong
  K00223.01    PLNT   0.76  PLNT   +0.873   0.0000  0.0356  0.6879    0.009
  K00013.01    PLNT   0.36  NOT    +0.873   0.0006  0.4808  0.3330    0.070  <-- wrong
  K00214.01    PLNT   0.70  PLNT   +0.873   0.0001  0.1142  0.3214    0.020
  K00250.01    PLNT   0.77  PLNT   +0.873   0.0001  0.0702  0.8161    0.010
  K00840.01    PLNT   0.62  PLNT   +0.873   0.0004  0.3206  0.3329    0.030
  K00875.01    PLNT   0.68  PLNT   +0.873   0.0001  0.0939  0.2950    0.030
  K01907.01    PLNT   0.76  PLNT   +0.873   0.0001  0.0461  0.9999    0.000
  K01078.03    PLNT   0.79  PLNT   +0.873   0.0001  0.0470  1.0000    0.000
  K00912.01    PLNT   0.43  NOT    +0.873   0.0002  0.1333  0.9585    0.010  <-- wrong
  K00204.01    PLNT   0.57  PLNT   +0.873   0.0004  0.3468  0.2130    0.040
  K02113.01    PLNT   0.79  PLNT   +0.873   0.0001  0.0393  1.0000    0.000
  K00205.01    PLNT   0.67  PLNT   +0.873   0.0002  0.1477  0.5080    0.010
  K00818.01    PLNT   0.79  PLNT   +0.873   0.0001  0.0464  0.7318    0.010
  K00756.01    PLNT   0.74  PLNT   +0.873   0.0001  0.0553  0.7318    0.010
  K00135.01    PLNT   0.59  PLNT   +0.873   0.0005  0.3778  0.2604    0.040
  K00253.01    PLNT   0.65  PLNT   +0.873   0.0001  0.0635  0.8162    0.010
  K00003.01    PLNT   0.71  PLNT   +0.873   0.0001  0.1153  0.3243    0.020
  K01320.01    PLNT   0.55  PLNT   +0.873   0.0003  0.2458  0.6833    0.020
  K02793.02    PLNT   0.67  PLNT   +0.873   0.0001  0.0935  0.9739    0.004
  K00934.01    PLNT   0.71  PLNT   +0.873   0.0001  0.0565  0.4195    0.020
  K00942.01    PLNT   0.80  PLNT   +0.873   0.0000  0.0312  0.9999    0.000
  K01627.01    PLNT   0.71  PLNT   +0.873   0.0001  0.0474  0.9997    0.000
  K00787.01    PLNT   0.70  PLNT   +0.873   0.0001  0.0492  0.9628    0.002
  K00947.01    PLNT   0.80  PLNT   +0.873   0.0000  0.0339  1.0000    0.000
  K00254.01    PLNT   0.22  NOT    +0.873   0.0016  1.2604  0.6084    0.035  <-- wrong
  K00137.02    PLNT   0.77  PLNT   +0.873   0.0001  0.0524  0.4502    0.010
  K00766.01    PLNT   0.71  PLNT   +0.873   0.0001  0.0698  0.3970    0.027
  K00884.01    PLNT   0.73  PLNT   +0.873   0.0001  0.0687  0.7589    0.010
  K00200.01    PLNT   0.64  PLNT   +0.873   0.0002  0.1818  0.3001    0.020
  K00183.01    PLNT   0.43  NOT    +0.873   0.0012  0.9315  0.3276    0.040  <-- wrong
  K02926.01    PLNT   0.64  PLNT   +0.873   0.0001  0.0961  0.9404    0.010
  K00398.02    PLNT   0.69  PLNT   +0.873   0.0001  0.0683  0.5285    0.020
  K00941.01    PLNT   0.55  PLNT   +0.873   0.0001  0.0895  0.7059    0.020
  K00017.01    PLNT   0.51  PLNT   +0.873   0.0008  0.6158  0.1437    0.050
  K04560.01    FP     0.18  NOT    +0.873   0.0004  0.3408  0.8232    0.070
  K06244.01    FP     0.10  NOT    +0.873   0.0014  1.0532  0.9067    0.050
  K00230.01    FP     0.28  NOT    +0.873   0.0002  0.1658  0.8911    0.020
  K03745.01    FP     0.01  NOT    +0.873   0.0024  1.8362  0.7684    0.079
  K07022.01    FP     0.63  PLNT   +0.873   0.0003  0.2039  0.4650    0.025  <-- wrong
  K06464.01    FP     0.62  PLNT   +0.873   0.0002  0.1621  0.5975    0.015  <-- wrong
  K03785.01    FP     0.68  PLNT   +0.873   0.0001  0.0847  0.9884    0.001  <-- wrong
  K00741.01    FP     0.59  PLNT   +0.873   0.0004  0.3034  0.6694    0.010  <-- wrong
  K01183.01    FP     0.42  NOT    +0.873   0.0002  0.1773  0.4721    0.050
  K03866.01    FP     0.08  NOT    +0.873   0.0030  2.3564  0.2348    0.340
  K01091.01    FP     0.87  PLNT   +0.873   0.0001  0.0993  0.9052    0.009  <-- wrong
  K03399.01    FP     0.01  NOT    +0.873   0.0017  1.2841  0.6371    0.138
  K01795.01    FP     0.06  NOT    +0.873   0.0005  0.4138  0.9182    0.032
  K01949.01    FP     0.05  NOT    +0.873   0.0025  1.9228  0.5331    0.090
  K03898.01    FP     0.00  NOT    +0.873   0.0029  2.2822  0.3556    0.295
  K07192.01    FP     0.16  NOT    +0.873   0.0017  1.2818  0.2249    0.045
  K03615.01    FP     0.45  NOT    +0.873   0.0003  0.2481  0.3676    0.030
  K07343.01    FP     0.00  NOT    +0.873   0.0058  4.4694  0.3776    0.189
  K03962.01    FP     0.01  NOT    +0.873   0.0020  1.5847  0.3628    0.270
  K07403.01    FP     0.02  NOT    +0.873   0.0021  1.5969  0.3762    0.110
  K00983.02    FP     0.72  PLNT   +0.873   0.0001  0.0585  0.8731    0.010  <-- wrong
  K00048.01    FP     0.62  PLNT   +0.873   0.0004  0.3074  0.5474    0.010  <-- wrong
  K03695.01    FP     0.03  NOT    +0.873   0.0017  1.3109  0.3920    0.265
  K03650.01    FP     0.06  NOT    +0.873   0.0021  1.6659  0.3941    0.258
  K03879.01    FP     0.03  NOT    +0.873   0.0005  0.3924  0.7784    0.089
  K01541.01    FP     0.00  NOT    +0.873   0.0044  3.4378  0.6969    0.110
  K05189.01    FP     0.68  PLNT   +0.873   0.0001  0.0799  0.9973    0.000  <-- wrong
  K01155.01    FP     0.04  NOT    +0.873   0.0009  0.7206  0.3365    0.183
  K00023.01    FP     0.05  NOT    +0.873   0.0013  1.0370  0.8761    0.050
  K01896.01    FP     0.51  PLNT   +0.873   0.0002  0.1212  0.7947    0.024  <-- wrong
  K00402.01    FP     0.53  PLNT   +0.873   0.0008  0.5885  0.5632    0.020  <-- wrong
  K00225.01    FP     0.44  NOT    +0.873   0.0002  0.1913  0.4585    0.053
  K01156.01    FP     0.55  PLNT   +0.873   0.0002  0.1351  0.6282    0.030  <-- wrong
  K07955.01    FP     0.63  PLNT   +0.873   0.0107  8.2940  0.0680    0.466  <-- wrong
  K01484.01    FP     0.64  PLNT   +0.873   0.0001  0.0630  0.9258    0.005  <-- wrong
  K00132.01    FP     0.49  NOT    +0.873   0.0002  0.1641  0.9320    0.010
  K07717.01    FP     0.14  NOT    +0.873   0.0007  0.5174  0.4377    0.161
  K03064.01    FP     0.22  NOT    +0.873   0.0002  0.1791  0.9353    0.014

Saved V8 -> src/models/taylor_cnn_v8.pt
Saved V8.5 -> src/models/taylor_cnn_v85.pt
Saved per-TCE results -> data/v8_results.pt
