Device: cuda
Dataset: 500 TCEs  (250 conf, 250 FP)
Train: 350  Val: 74  Test: 76
SNR median: 131.2  |  <12: 11/500

============================================================
lambda_max = 0.1
============================================================
  Trainable params: 916
    ep   1  bce=0.6933  geo=0.0814  spar=0.00999  val=0.6960  wait=0  A=0.0081  B=+0.9978  t0=-0.0008
    ep  25  bce=0.5510  geo=0.0729  spar=0.00945  val=0.5371  wait=1  A=0.0010  B=+0.9443  t0=-0.0037
    ep  50  bce=0.5369  geo=0.0713  spar=0.00890  val=0.5185  wait=3  A=0.0010  B=+0.8887  t0=+0.0044
    ep  75  bce=0.5246  geo=0.0735  spar=0.00835  val=0.5068  wait=3  A=0.0010  B=+0.8334  t0=+0.0092
    ep 100  bce=0.5074  geo=0.0715  spar=0.00779  val=0.4891  wait=1  A=0.0010  B=+0.7781  t0=+0.0201
    ep 125  bce=0.5045  geo=0.0747  spar=0.00724  val=0.4801  wait=5  A=0.0010  B=+0.7225  t0=+0.0317
    ep 150  bce=0.4838  geo=0.0696  spar=0.00668  val=0.4672  wait=1  A=0.0010  B=+0.6669  t0=+0.0433
    ep 175  bce=0.4873  geo=0.0699  spar=0.00613  val=0.4551  wait=0  A=0.0010  B=+0.6114  t0=+0.0539
    ep 200  bce=0.4681  geo=0.0701  spar=0.00557  val=0.4492  wait=8  A=0.0010  B=+0.5562  t0=+0.0627
  lambda_max=0.1:  acc=73.7%  prec=69.6%  rec=84.2%  F1=0.762  A=0.0010  B=+0.5738  t0=+0.0608

============================================================
lambda_max = 0.5
============================================================
  Trainable params: 916
    ep   1  bce=0.6954  geo=0.3955  spar=0.00999  val=0.6980  wait=0  A=0.0084  B=+0.9978  t0=-0.0001
    ep  25  bce=0.6197  geo=0.2584  spar=0.00945  val=0.6049  wait=0  A=0.0010  B=+0.9438  t0=-0.0102
    ep  50  bce=0.5912  geo=0.2624  spar=0.00889  val=0.5720  wait=4  A=0.0010  B=+0.8879  t0=-0.0137
    ep  75  bce=0.5552  geo=0.2797  spar=0.00833  val=0.5173  wait=0  A=0.0010  B=+0.8322  t0=-0.0089
    ep 100  bce=0.5770  geo=0.2223  spar=0.00778  val=0.5376  wait=18  A=0.0010  B=+0.7764  t0=+0.0037
    early stop at ep 107
  lambda_max=0.5:  acc=75.0%  prec=72.1%  rec=81.6%  F1=0.765  A=0.0010  B=+0.8167  t0=-0.0076

============================================================
lambda_max = 1.0
============================================================
  Trainable params: 916
    ep   1  bce=0.6958  geo=0.7875  spar=0.00999  val=0.6984  wait=0  A=0.0085  B=+0.9978  t0=+0.0007
    ep  25  bce=0.7601  geo=0.3104  spar=0.00945  val=0.7589  wait=24  A=0.0010  B=+0.9440  t0=-0.0080
    early stop at ep 26
  lambda_max=1.0:  acc=50.0%  prec=0.0%  rec=0.0%  F1=0.000  A=0.0085  B=+0.9978  t0=+0.0007

================================================================================
V9 lambda sweep comparison
================================================================================
lambda_max     Acc    Prec     Rec      F1       A       B      t0  TP  FP  TN  FN
--------------------------------------------------------------------------------
      0.10   73.7%   69.6%   84.2%   0.762  0.0010  +0.5738  +0.0608   32  14  24   6
      0.50   75.0%   72.1%   81.6%   0.765  0.0010  +0.8167  -0.0076   31  12  26   7
      1.00   50.0%    0.0%    0.0%   0.000  0.0085  +0.9978  +0.0007    0   0  38  38

Best lambda_max = 0.5  (F1=0.765, prec=72.1%)

T12/T14 class medians (winner):  planets=0.673  FPs=0.604  diff=-0.069
AUC_norm class medians (winner): planets=0.090  FPs=0.506  diff=+0.416

Gate-alive check (A >= 0.001 at end):
  lambda=0.10:  A_final=0.00100  (ALIVE)
  lambda=0.50:  A_final=0.00100  (ALIVE)
  lambda=1.00:  A_final=0.00846  (ALIVE)

Precision vs V6 (76.7%):
  lambda=0.10:  prec=69.6%  (delta -7.1%)
  lambda=0.50:  prec=72.1%  (delta -4.6%)
  lambda=1.00:  prec=0.0%  (delta -76.7%)

Saved winner model -> src/models/taylor_cnn_v9.pt
Saved sweep results -> data/v9_results.pt
